[${project.name}][${env:SERVER_PORT}] 2021-10-06 14:02:09,081 INFO [AsyncResolver-bootstrap-executor-0][ConfigClusterResolver.java:43] - Resolving eureka endpoints via configuration
[${project.name}][${env:SERVER_PORT}] 2021-10-06 14:02:10,658 INFO [NettyClientSelector_1][Slf4jLoggerFactory.java:95] - closeChannel: close the connection to remote address[] result: true
[${project.name}][${env:SERVER_PORT}] 2021-10-06 14:02:11,141 INFO [NettyClientSelector_1][Slf4jLoggerFactory.java:95] - closeChannel: close the connection to remote address[] result: true
[${project.name}][${env:SERVER_PORT}] 2021-10-06 14:02:13,804 INFO [AsyncResolver-bootstrap-executor-0][ConfigClusterResolver.java:43] - Resolving eureka endpoints via configuration
[${project.name}][${env:SERVER_PORT}] 2021-10-06 14:02:14,085 INFO [Eureka-EvictionTimer][AbstractInstanceRegistry.java:1250] - Running the evict task with compensationTime 13ms
[${project.name}][${env:SERVER_PORT}] 2021-10-06 14:02:24,088 INFO [Eureka-EvictionTimer][AbstractInstanceRegistry.java:1250] - Running the evict task with compensationTime 3ms
[${project.name}][${env:SERVER_PORT}] 2021-10-06 14:02:34,101 INFO [Eureka-EvictionTimer][AbstractInstanceRegistry.java:1250] - Running the evict task with compensationTime 13ms
[${project.name}][${env:SERVER_PORT}] 2021-10-06 14:02:40,687 INFO [NettyClientSelector_1][Slf4jLoggerFactory.java:95] - closeChannel: close the connection to remote address[] result: true
[${project.name}][${env:SERVER_PORT}] 2021-10-06 14:02:41,144 INFO [NettyClientSelector_1][Slf4jLoggerFactory.java:95] - closeChannel: close the connection to remote address[] result: true
[${project.name}][${env:SERVER_PORT}] 2021-10-06 14:02:44,106 INFO [Eureka-EvictionTimer][AbstractInstanceRegistry.java:1250] - Running the evict task with compensationTime 5ms
[${project.name}][${env:SERVER_PORT}] 2021-10-06 14:02:54,121 INFO [Eureka-EvictionTimer][AbstractInstanceRegistry.java:1250] - Running the evict task with compensationTime 15ms
[${project.name}][${env:SERVER_PORT}] 2021-10-06 14:03:04,126 INFO [Eureka-EvictionTimer][AbstractInstanceRegistry.java:1250] - Running the evict task with compensationTime 4ms
[${project.name}][${env:SERVER_PORT}] 2021-10-06 14:03:10,687 INFO [NettyClientSelector_1][Slf4jLoggerFactory.java:95] - closeChannel: close the connection to remote address[] result: true
[${project.name}][${env:SERVER_PORT}] 2021-10-06 14:03:11,172 INFO [NettyClientSelector_1][Slf4jLoggerFactory.java:95] - closeChannel: close the connection to remote address[] result: true
[${project.name}][${env:SERVER_PORT}] 2021-10-06 14:03:14,134 INFO [Eureka-EvictionTimer][AbstractInstanceRegistry.java:1250] - Running the evict task with compensationTime 8ms
[${project.name}][${env:SERVER_PORT}] 2021-10-06 14:03:24,145 INFO [Eureka-EvictionTimer][AbstractInstanceRegistry.java:1250] - Running the evict task with compensationTime 11ms
[${project.name}][${env:SERVER_PORT}] 2021-10-06 14:03:34,149 INFO [Eureka-EvictionTimer][AbstractInstanceRegistry.java:1250] - Running the evict task with compensationTime 4ms
[${project.name}][${env:SERVER_PORT}] 2021-10-06 14:03:40,690 INFO [NettyClientSelector_1][Slf4jLoggerFactory.java:95] - closeChannel: close the connection to remote address[] result: true
[${project.name}][${env:SERVER_PORT}] 2021-10-06 14:03:41,159 INFO [NettyClientSelector_1][Slf4jLoggerFactory.java:95] - closeChannel: close the connection to remote address[] result: true
[${project.name}][${env:SERVER_PORT}] 2021-10-06 14:03:44,153 INFO [Eureka-EvictionTimer][AbstractInstanceRegistry.java:1250] - Running the evict task with compensationTime 3ms
[${project.name}][${env:SERVER_PORT}] 2021-10-06 14:03:54,157 INFO [Eureka-EvictionTimer][AbstractInstanceRegistry.java:1250] - Running the evict task with compensationTime 4ms
[${project.name}][${env:SERVER_PORT}] 2021-10-06 14:04:04,161 INFO [Eureka-EvictionTimer][AbstractInstanceRegistry.java:1250] - Running the evict task with compensationTime 4ms
[${project.name}][${env:SERVER_PORT}] 2021-10-06 14:04:10,664 INFO [NettyClientSelector_1][Slf4jLoggerFactory.java:95] - closeChannel: close the connection to remote address[] result: true
[${project.name}][${env:SERVER_PORT}] 2021-10-06 14:04:11,133 INFO [NettyClientSelector_1][Slf4jLoggerFactory.java:95] - closeChannel: close the connection to remote address[] result: true
[${project.name}][${env:SERVER_PORT}] 2021-10-06 14:04:14,173 INFO [Eureka-EvictionTimer][AbstractInstanceRegistry.java:1250] - Running the evict task with compensationTime 12ms
[${project.name}][${env:SERVER_PORT}] 2021-10-06 14:04:24,186 INFO [Eureka-EvictionTimer][AbstractInstanceRegistry.java:1250] - Running the evict task with compensationTime 13ms
[${project.name}][${env:SERVER_PORT}] 2021-10-06 14:04:34,189 INFO [Eureka-EvictionTimer][AbstractInstanceRegistry.java:1250] - Running the evict task with compensationTime 2ms
[${project.name}][${env:SERVER_PORT}] 2021-10-06 14:04:40,661 INFO [NettyClientSelector_1][Slf4jLoggerFactory.java:95] - closeChannel: close the connection to remote address[] result: true
[${project.name}][${env:SERVER_PORT}] 2021-10-06 14:04:41,131 INFO [NettyClientSelector_1][Slf4jLoggerFactory.java:95] - closeChannel: close the connection to remote address[] result: true
[${project.name}][${env:SERVER_PORT}] 2021-10-06 14:04:44,191 INFO [Eureka-EvictionTimer][AbstractInstanceRegistry.java:1250] - Running the evict task with compensationTime 2ms
[${project.name}][${env:SERVER_PORT}] 2021-10-06 14:04:54,202 INFO [Eureka-EvictionTimer][AbstractInstanceRegistry.java:1250] - Running the evict task with compensationTime 11ms
[${project.name}][${env:SERVER_PORT}] 2021-10-06 14:05:04,205 INFO [Eureka-EvictionTimer][AbstractInstanceRegistry.java:1250] - Running the evict task with compensationTime 3ms
[${project.name}][${env:SERVER_PORT}] 2021-10-06 14:05:10,656 INFO [NettyClientSelector_1][Slf4jLoggerFactory.java:95] - closeChannel: close the connection to remote address[] result: true
[${project.name}][${env:SERVER_PORT}] 2021-10-06 14:05:11,133 INFO [NettyClientSelector_1][Slf4jLoggerFactory.java:95] - closeChannel: close the connection to remote address[] result: true
[${project.name}][${env:SERVER_PORT}] 2021-10-06 14:05:14,221 INFO [Eureka-EvictionTimer][AbstractInstanceRegistry.java:1250] - Running the evict task with compensationTime 15ms
[${project.name}][${env:SERVER_PORT}] 2021-10-06 14:05:24,235 INFO [Eureka-EvictionTimer][AbstractInstanceRegistry.java:1250] - Running the evict task with compensationTime 14ms
[${project.name}][${env:SERVER_PORT}] 2021-10-06 14:05:34,247 INFO [Eureka-EvictionTimer][AbstractInstanceRegistry.java:1250] - Running the evict task with compensationTime 12ms
[${project.name}][${env:SERVER_PORT}] 2021-10-06 14:05:40,673 INFO [NettyClientSelector_1][Slf4jLoggerFactory.java:95] - closeChannel: close the connection to remote address[] result: true
[${project.name}][${env:SERVER_PORT}] 2021-10-06 14:05:41,142 INFO [NettyClientSelector_1][Slf4jLoggerFactory.java:95] - closeChannel: close the connection to remote address[] result: true
[${project.name}][${env:SERVER_PORT}] 2021-10-06 14:05:44,250 INFO [Eureka-EvictionTimer][AbstractInstanceRegistry.java:1250] - Running the evict task with compensationTime 3ms
[${project.name}][${env:SERVER_PORT}] 2021-10-06 14:05:54,255 INFO [Eureka-EvictionTimer][AbstractInstanceRegistry.java:1250] - Running the evict task with compensationTime 5ms
[${project.name}][${env:SERVER_PORT}] 2021-10-06 14:06:04,258 INFO [Eureka-EvictionTimer][AbstractInstanceRegistry.java:1250] - Running the evict task with compensationTime 2ms
[${project.name}][${env:SERVER_PORT}] 2021-10-06 14:06:10,663 INFO [NettyClientSelector_1][Slf4jLoggerFactory.java:95] - closeChannel: close the connection to remote address[] result: true
[${project.name}][${env:SERVER_PORT}] 2021-10-06 14:06:11,149 INFO [NettyClientSelector_1][Slf4jLoggerFactory.java:95] - closeChannel: close the connection to remote address[] result: true
[${project.name}][${env:SERVER_PORT}] 2021-10-06 14:06:14,272 INFO [Eureka-EvictionTimer][AbstractInstanceRegistry.java:1250] - Running the evict task with compensationTime 14ms
[${project.name}][${env:SERVER_PORT}] 2021-10-06 14:06:24,281 INFO [Eureka-EvictionTimer][AbstractInstanceRegistry.java:1250] - Running the evict task with compensationTime 9ms
[${project.name}][${env:SERVER_PORT}] 2021-10-06 14:06:34,288 INFO [Eureka-EvictionTimer][AbstractInstanceRegistry.java:1250] - Running the evict task with compensationTime 7ms
[${project.name}][${env:SERVER_PORT}] 2021-10-06 14:06:40,662 INFO [NettyClientSelector_1][Slf4jLoggerFactory.java:95] - closeChannel: close the connection to remote address[] result: true
[${project.name}][${env:SERVER_PORT}] 2021-10-06 14:06:41,151 INFO [NettyClientSelector_1][Slf4jLoggerFactory.java:95] - closeChannel: close the connection to remote address[] result: true
[${project.name}][${env:SERVER_PORT}] 2021-10-06 14:06:44,290 INFO [Eureka-EvictionTimer][AbstractInstanceRegistry.java:1250] - Running the evict task with compensationTime 1ms
[${project.name}][${env:SERVER_PORT}] 2021-10-06 14:06:54,301 INFO [Eureka-EvictionTimer][AbstractInstanceRegistry.java:1250] - Running the evict task with compensationTime 11ms
[${project.name}][${env:SERVER_PORT}] 2021-10-06 14:07:04,314 INFO [Eureka-EvictionTimer][AbstractInstanceRegistry.java:1250] - Running the evict task with compensationTime 13ms
[${project.name}][${env:SERVER_PORT}] 2021-10-06 14:07:09,086 INFO [AsyncResolver-bootstrap-executor-0][ConfigClusterResolver.java:43] - Resolving eureka endpoints via configuration
[${project.name}][${env:SERVER_PORT}] 2021-10-06 14:07:10,666 INFO [NettyClientSelector_1][Slf4jLoggerFactory.java:95] - closeChannel: close the connection to remote address[] result: true
[${project.name}][${env:SERVER_PORT}] 2021-10-06 14:07:11,141 INFO [NettyClientSelector_1][Slf4jLoggerFactory.java:95] - closeChannel: close the connection to remote address[] result: true
[${project.name}][${env:SERVER_PORT}] 2021-10-06 14:07:13,818 INFO [AsyncResolver-bootstrap-executor-0][ConfigClusterResolver.java:43] - Resolving eureka endpoints via configuration
[${project.name}][${env:SERVER_PORT}] 2021-10-06 14:07:14,316 INFO [Eureka-EvictionTimer][AbstractInstanceRegistry.java:1250] - Running the evict task with compensationTime 2ms
[${project.name}][${env:SERVER_PORT}] 2021-10-06 14:07:24,325 INFO [Eureka-EvictionTimer][AbstractInstanceRegistry.java:1250] - Running the evict task with compensationTime 9ms
[${project.name}][${env:SERVER_PORT}] 2021-10-06 14:07:34,336 INFO [Eureka-EvictionTimer][AbstractInstanceRegistry.java:1250] - Running the evict task with compensationTime 10ms
[${project.name}][${env:SERVER_PORT}] 2021-10-06 14:07:40,671 INFO [NettyClientSelector_1][Slf4jLoggerFactory.java:95] - closeChannel: close the connection to remote address[] result: true
[${project.name}][${env:SERVER_PORT}] 2021-10-06 14:07:41,128 INFO [NettyClientSelector_1][Slf4jLoggerFactory.java:95] - closeChannel: close the connection to remote address[] result: true
[${project.name}][${env:SERVER_PORT}] 2021-10-06 14:07:44,344 INFO [Eureka-EvictionTimer][AbstractInstanceRegistry.java:1250] - Running the evict task with compensationTime 8ms
[${project.name}][${env:SERVER_PORT}] 2021-10-06 14:07:54,344 INFO [Eureka-EvictionTimer][AbstractInstanceRegistry.java:1250] - Running the evict task with compensationTime 0ms
[${project.name}][${env:SERVER_PORT}] 2021-10-06 14:08:04,350 INFO [Eureka-EvictionTimer][AbstractInstanceRegistry.java:1250] - Running the evict task with compensationTime 6ms
[${project.name}][${env:SERVER_PORT}] 2021-10-06 14:08:10,661 INFO [NettyClientSelector_1][Slf4jLoggerFactory.java:95] - closeChannel: close the connection to remote address[] result: true
[${project.name}][${env:SERVER_PORT}] 2021-10-06 14:08:11,145 INFO [NettyClientSelector_1][Slf4jLoggerFactory.java:95] - closeChannel: close the connection to remote address[] result: true
[${project.name}][${env:SERVER_PORT}] 2021-10-06 14:08:14,361 INFO [Eureka-EvictionTimer][AbstractInstanceRegistry.java:1250] - Running the evict task with compensationTime 10ms
[${project.name}][${env:SERVER_PORT}] 2021-10-06 14:08:24,376 INFO [Eureka-EvictionTimer][AbstractInstanceRegistry.java:1250] - Running the evict task with compensationTime 15ms
[${project.name}][${env:SERVER_PORT}] 2021-10-06 14:08:34,378 INFO [Eureka-EvictionTimer][AbstractInstanceRegistry.java:1250] - Running the evict task with compensationTime 2ms
[${project.name}][${env:SERVER_PORT}] 2021-10-06 14:08:40,663 INFO [NettyClientSelector_1][Slf4jLoggerFactory.java:95] - closeChannel: close the connection to remote address[] result: true
[${project.name}][${env:SERVER_PORT}] 2021-10-06 14:08:41,133 INFO [NettyClientSelector_1][Slf4jLoggerFactory.java:95] - closeChannel: close the connection to remote address[] result: true
[${project.name}][${env:SERVER_PORT}] 2021-10-06 14:08:44,378 INFO [Eureka-EvictionTimer][AbstractInstanceRegistry.java:1250] - Running the evict task with compensationTime 0ms
[${project.name}][${env:SERVER_PORT}] 2021-10-06 14:08:54,391 INFO [Eureka-EvictionTimer][AbstractInstanceRegistry.java:1250] - Running the evict task with compensationTime 13ms
[${project.name}][${env:SERVER_PORT}] 2021-10-06 14:09:04,392 INFO [Eureka-EvictionTimer][AbstractInstanceRegistry.java:1250] - Running the evict task with compensationTime 0ms
[${project.name}][${env:SERVER_PORT}] 2021-10-06 14:09:10,677 INFO [NettyClientSelector_1][Slf4jLoggerFactory.java:95] - closeChannel: close the connection to remote address[] result: true
[${project.name}][${env:SERVER_PORT}] 2021-10-06 14:09:11,146 INFO [NettyClientSelector_1][Slf4jLoggerFactory.java:95] - closeChannel: close the connection to remote address[] result: true
[${project.name}][${env:SERVER_PORT}] 2021-10-06 14:09:14,407 INFO [Eureka-EvictionTimer][AbstractInstanceRegistry.java:1250] - Running the evict task with compensationTime 15ms
[${project.name}][${env:SERVER_PORT}] 2021-10-06 14:09:24,417 INFO [Eureka-EvictionTimer][AbstractInstanceRegistry.java:1250] - Running the evict task with compensationTime 10ms
[${project.name}][${env:SERVER_PORT}] 2021-10-06 14:09:34,419 INFO [Eureka-EvictionTimer][AbstractInstanceRegistry.java:1250] - Running the evict task with compensationTime 2ms
[${project.name}][${env:SERVER_PORT}] 2021-10-06 14:09:40,677 INFO [NettyClientSelector_1][Slf4jLoggerFactory.java:95] - closeChannel: close the connection to remote address[] result: true
[${project.name}][${env:SERVER_PORT}] 2021-10-06 14:09:41,131 INFO [NettyClientSelector_1][Slf4jLoggerFactory.java:95] - closeChannel: close the connection to remote address[] result: true
[${project.name}][${env:SERVER_PORT}] 2021-10-06 14:09:44,422 INFO [Eureka-EvictionTimer][AbstractInstanceRegistry.java:1250] - Running the evict task with compensationTime 2ms
[${project.name}][${env:SERVER_PORT}] 2021-10-06 14:09:54,436 INFO [Eureka-EvictionTimer][AbstractInstanceRegistry.java:1250] - Running the evict task with compensationTime 14ms
[${project.name}][${env:SERVER_PORT}] 2021-10-06 14:10:04,442 INFO [Eureka-EvictionTimer][AbstractInstanceRegistry.java:1250] - Running the evict task with compensationTime 6ms
[${project.name}][${env:SERVER_PORT}] 2021-10-06 14:10:10,664 INFO [NettyClientSelector_1][Slf4jLoggerFactory.java:95] - closeChannel: close the connection to remote address[] result: true
[${project.name}][${env:SERVER_PORT}] 2021-10-06 14:10:11,129 INFO [NettyClientSelector_1][Slf4jLoggerFactory.java:95] - closeChannel: close the connection to remote address[] result: true
[${project.name}][${env:SERVER_PORT}] 2021-10-06 14:10:14,446 INFO [Eureka-EvictionTimer][AbstractInstanceRegistry.java:1250] - Running the evict task with compensationTime 4ms
[${project.name}][${env:SERVER_PORT}] 2021-10-06 14:10:24,448 INFO [Eureka-EvictionTimer][AbstractInstanceRegistry.java:1250] - Running the evict task with compensationTime 1ms
[${project.name}][${env:SERVER_PORT}] 2021-10-06 14:10:34,449 INFO [Eureka-EvictionTimer][AbstractInstanceRegistry.java:1250] - Running the evict task with compensationTime 1ms
[${project.name}][${env:SERVER_PORT}] 2021-10-06 14:10:40,680 INFO [NettyClientSelector_1][Slf4jLoggerFactory.java:95] - closeChannel: close the connection to remote address[] result: true
[${project.name}][${env:SERVER_PORT}] 2021-10-06 14:10:41,150 INFO [NettyClientSelector_1][Slf4jLoggerFactory.java:95] - closeChannel: close the connection to remote address[] result: true
[${project.name}][${env:SERVER_PORT}] 2021-10-06 14:10:44,459 INFO [Eureka-EvictionTimer][AbstractInstanceRegistry.java:1250] - Running the evict task with compensationTime 10ms
[${project.name}][${env:SERVER_PORT}] 2021-10-06 14:10:54,468 INFO [Eureka-EvictionTimer][AbstractInstanceRegistry.java:1250] - Running the evict task with compensationTime 9ms
[${project.name}][${env:SERVER_PORT}] 2021-10-06 14:11:04,483 INFO [Eureka-EvictionTimer][AbstractInstanceRegistry.java:1250] - Running the evict task with compensationTime 15ms
[${project.name}][${env:SERVER_PORT}] 2021-10-06 14:11:10,657 INFO [NettyClientSelector_1][Slf4jLoggerFactory.java:95] - closeChannel: close the connection to remote address[] result: true
[${project.name}][${env:SERVER_PORT}] 2021-10-06 14:11:11,142 INFO [NettyClientSelector_1][Slf4jLoggerFactory.java:95] - closeChannel: close the connection to remote address[] result: true
[${project.name}][${env:SERVER_PORT}] 2021-10-06 14:11:14,486 INFO [Eureka-EvictionTimer][AbstractInstanceRegistry.java:1250] - Running the evict task with compensationTime 2ms
[${project.name}][${env:SERVER_PORT}] 2021-10-06 14:11:24,501 INFO [Eureka-EvictionTimer][AbstractInstanceRegistry.java:1250] - Running the evict task with compensationTime 15ms
[${project.name}][${env:SERVER_PORT}] 2021-10-06 14:11:34,516 INFO [Eureka-EvictionTimer][AbstractInstanceRegistry.java:1250] - Running the evict task with compensationTime 15ms
[${project.name}][${env:SERVER_PORT}] 2021-10-06 14:11:40,697 INFO [NettyClientSelector_1][Slf4jLoggerFactory.java:95] - closeChannel: close the connection to remote address[] result: true
[${project.name}][${env:SERVER_PORT}] 2021-10-06 14:11:41,156 INFO [NettyClientSelector_1][Slf4jLoggerFactory.java:95] - closeChannel: close the connection to remote address[] result: true
[${project.name}][${env:SERVER_PORT}] 2021-10-06 14:11:44,517 INFO [Eureka-EvictionTimer][AbstractInstanceRegistry.java:1250] - Running the evict task with compensationTime 1ms
[${project.name}][${env:SERVER_PORT}] 2021-10-06 14:11:54,519 INFO [Eureka-EvictionTimer][AbstractInstanceRegistry.java:1250] - Running the evict task with compensationTime 1ms
[${project.name}][${env:SERVER_PORT}] 2021-10-06 14:12:04,532 INFO [Eureka-EvictionTimer][AbstractInstanceRegistry.java:1250] - Running the evict task with compensationTime 13ms
[${project.name}][${env:SERVER_PORT}] 2021-10-06 14:12:09,095 INFO [AsyncResolver-bootstrap-executor-0][ConfigClusterResolver.java:43] - Resolving eureka endpoints via configuration
[${project.name}][${env:SERVER_PORT}] 2021-10-06 14:12:10,673 INFO [NettyClientSelector_1][Slf4jLoggerFactory.java:95] - closeChannel: close the connection to remote address[] result: true
[${project.name}][${env:SERVER_PORT}] 2021-10-06 14:12:11,148 INFO [NettyClientSelector_1][Slf4jLoggerFactory.java:95] - closeChannel: close the connection to remote address[] result: true
[${project.name}][${env:SERVER_PORT}] 2021-10-06 14:12:13,826 INFO [AsyncResolver-bootstrap-executor-0][ConfigClusterResolver.java:43] - Resolving eureka endpoints via configuration
[${project.name}][${env:SERVER_PORT}] 2021-10-06 14:12:14,533 INFO [Eureka-EvictionTimer][AbstractInstanceRegistry.java:1250] - Running the evict task with compensationTime 1ms
[${project.name}][${env:SERVER_PORT}] 2021-10-06 14:12:24,541 INFO [Eureka-EvictionTimer][AbstractInstanceRegistry.java:1250] - Running the evict task with compensationTime 8ms
[${project.name}][${env:SERVER_PORT}] 2021-10-06 14:12:34,556 INFO [Eureka-EvictionTimer][AbstractInstanceRegistry.java:1250] - Running the evict task with compensationTime 15ms
[${project.name}][${env:SERVER_PORT}] 2021-10-06 14:12:40,659 INFO [NettyClientSelector_1][Slf4jLoggerFactory.java:95] - closeChannel: close the connection to remote address[] result: true
[${project.name}][${env:SERVER_PORT}] 2021-10-06 14:12:41,131 INFO [NettyClientSelector_1][Slf4jLoggerFactory.java:95] - closeChannel: close the connection to remote address[] result: true
[${project.name}][${env:SERVER_PORT}] 2021-10-06 14:12:44,565 INFO [Eureka-EvictionTimer][AbstractInstanceRegistry.java:1250] - Running the evict task with compensationTime 8ms
[${project.name}][${env:SERVER_PORT}] 2021-10-06 14:12:54,568 INFO [Eureka-EvictionTimer][AbstractInstanceRegistry.java:1250] - Running the evict task with compensationTime 3ms
[${project.name}][${env:SERVER_PORT}] 2021-10-06 14:13:04,581 INFO [Eureka-EvictionTimer][AbstractInstanceRegistry.java:1250] - Running the evict task with compensationTime 13ms
[${project.name}][${env:SERVER_PORT}] 2021-10-06 14:13:10,676 INFO [NettyClientSelector_1][Slf4jLoggerFactory.java:95] - closeChannel: close the connection to remote address[] result: true
[${project.name}][${env:SERVER_PORT}] 2021-10-06 14:13:11,131 INFO [NettyClientSelector_1][Slf4jLoggerFactory.java:95] - closeChannel: close the connection to remote address[] result: true
[${project.name}][${env:SERVER_PORT}] 2021-10-06 14:13:14,595 INFO [Eureka-EvictionTimer][AbstractInstanceRegistry.java:1250] - Running the evict task with compensationTime 14ms
[${project.name}][${env:SERVER_PORT}] 2021-10-06 14:13:24,603 INFO [Eureka-EvictionTimer][AbstractInstanceRegistry.java:1250] - Running the evict task with compensationTime 8ms
[${project.name}][${env:SERVER_PORT}] 2021-10-06 14:13:34,610 INFO [Eureka-EvictionTimer][AbstractInstanceRegistry.java:1250] - Running the evict task with compensationTime 6ms
[${project.name}][${env:SERVER_PORT}] 2021-10-06 14:13:40,657 INFO [NettyClientSelector_1][Slf4jLoggerFactory.java:95] - closeChannel: close the connection to remote address[] result: true
[${project.name}][${env:SERVER_PORT}] 2021-10-06 14:13:41,128 INFO [NettyClientSelector_1][Slf4jLoggerFactory.java:95] - closeChannel: close the connection to remote address[] result: true
[${project.name}][${env:SERVER_PORT}] 2021-10-06 14:13:44,622 INFO [Eureka-EvictionTimer][AbstractInstanceRegistry.java:1250] - Running the evict task with compensationTime 12ms
[${project.name}][${env:SERVER_PORT}] 2021-10-06 14:13:54,625 INFO [Eureka-EvictionTimer][AbstractInstanceRegistry.java:1250] - Running the evict task with compensationTime 3ms
[${project.name}][${env:SERVER_PORT}] 2021-10-06 14:14:04,626 INFO [Eureka-EvictionTimer][AbstractInstanceRegistry.java:1250] - Running the evict task with compensationTime 1ms
[${project.name}][${env:SERVER_PORT}] 2021-10-06 14:14:10,698 INFO [NettyClientSelector_1][Slf4jLoggerFactory.java:95] - closeChannel: close the connection to remote address[] result: true
[${project.name}][${env:SERVER_PORT}] 2021-10-06 14:14:11,158 INFO [NettyClientSelector_1][Slf4jLoggerFactory.java:95] - closeChannel: close the connection to remote address[] result: true
[${project.name}][${env:SERVER_PORT}] 2021-10-06 14:14:14,628 INFO [Eureka-EvictionTimer][AbstractInstanceRegistry.java:1250] - Running the evict task with compensationTime 1ms
[${project.name}][${env:SERVER_PORT}] 2021-10-06 14:14:24,641 INFO [Eureka-EvictionTimer][AbstractInstanceRegistry.java:1250] - Running the evict task with compensationTime 13ms
[${project.name}][${env:SERVER_PORT}] 2021-10-06 14:14:34,650 INFO [Eureka-EvictionTimer][AbstractInstanceRegistry.java:1250] - Running the evict task with compensationTime 9ms
[${project.name}][${env:SERVER_PORT}] 2021-10-06 14:14:40,681 INFO [NettyClientSelector_1][Slf4jLoggerFactory.java:95] - closeChannel: close the connection to remote address[] result: true
[${project.name}][${env:SERVER_PORT}] 2021-10-06 14:14:41,154 INFO [NettyClientSelector_1][Slf4jLoggerFactory.java:95] - closeChannel: close the connection to remote address[] result: true
[${project.name}][${env:SERVER_PORT}] 2021-10-06 14:14:44,659 INFO [Eureka-EvictionTimer][AbstractInstanceRegistry.java:1250] - Running the evict task with compensationTime 9ms
[${project.name}][${env:SERVER_PORT}] 2021-10-06 14:14:54,667 INFO [Eureka-EvictionTimer][AbstractInstanceRegistry.java:1250] - Running the evict task with compensationTime 8ms
[${project.name}][${env:SERVER_PORT}] 2021-10-06 14:15:04,681 INFO [Eureka-EvictionTimer][AbstractInstanceRegistry.java:1250] - Running the evict task with compensationTime 13ms
[${project.name}][${env:SERVER_PORT}] 2021-10-06 14:15:10,676 INFO [NettyClientSelector_1][Slf4jLoggerFactory.java:95] - closeChannel: close the connection to remote address[] result: true
[${project.name}][${env:SERVER_PORT}] 2021-10-06 14:15:11,152 INFO [NettyClientSelector_1][Slf4jLoggerFactory.java:95] - closeChannel: close the connection to remote address[] result: true
[${project.name}][${env:SERVER_PORT}] 2021-10-06 14:15:14,689 INFO [Eureka-EvictionTimer][AbstractInstanceRegistry.java:1250] - Running the evict task with compensationTime 8ms
[${project.name}][${env:SERVER_PORT}] 2021-10-06 14:15:24,702 INFO [Eureka-EvictionTimer][AbstractInstanceRegistry.java:1250] - Running the evict task with compensationTime 13ms
[${project.name}][${env:SERVER_PORT}] 2021-10-06 14:15:34,706 INFO [Eureka-EvictionTimer][AbstractInstanceRegistry.java:1250] - Running the evict task with compensationTime 4ms
[${project.name}][${env:SERVER_PORT}] 2021-10-06 14:15:40,660 INFO [NettyClientSelector_1][Slf4jLoggerFactory.java:95] - closeChannel: close the connection to remote address[] result: true
[${project.name}][${env:SERVER_PORT}] 2021-10-06 14:15:41,131 INFO [NettyClientSelector_1][Slf4jLoggerFactory.java:95] - closeChannel: close the connection to remote address[] result: true
[${project.name}][${env:SERVER_PORT}] 2021-10-06 14:15:44,712 INFO [Eureka-EvictionTimer][AbstractInstanceRegistry.java:1250] - Running the evict task with compensationTime 5ms
[${project.name}][${env:SERVER_PORT}] 2021-10-06 14:15:54,712 INFO [Eureka-EvictionTimer][AbstractInstanceRegistry.java:1250] - Running the evict task with compensationTime 0ms
[${project.name}][${env:SERVER_PORT}] 2021-10-06 14:16:04,725 INFO [Eureka-EvictionTimer][AbstractInstanceRegistry.java:1250] - Running the evict task with compensationTime 13ms
[${project.name}][${env:SERVER_PORT}] 2021-10-06 14:16:10,670 INFO [NettyClientSelector_1][Slf4jLoggerFactory.java:95] - closeChannel: close the connection to remote address[] result: true
[${project.name}][${env:SERVER_PORT}] 2021-10-06 14:16:11,141 INFO [NettyClientSelector_1][Slf4jLoggerFactory.java:95] - closeChannel: close the connection to remote address[] result: true
[${project.name}][${env:SERVER_PORT}] 2021-10-06 14:16:14,734 INFO [Eureka-EvictionTimer][AbstractInstanceRegistry.java:1250] - Running the evict task with compensationTime 9ms
[${project.name}][${env:SERVER_PORT}] 2021-10-06 14:16:24,747 INFO [Eureka-EvictionTimer][AbstractInstanceRegistry.java:1250] - Running the evict task with compensationTime 13ms
[${project.name}][${env:SERVER_PORT}] 2021-10-06 14:16:28,572 WARN [Apollo-RemoteConfigLongPollService-1][RemoteConfigLongPollService.java:193] - Long polling failed, will retry in 1 seconds. appId: consumer-service, cluster: DEFAULT, namespaces: micro_service.spring-boot-redis+micro_service.spring-boot-http+micro_service.mybatis-plus+application+micro_service.spring-rocketmq+micro_service.spring-ribbon+micro_service.spring-boot-druid+micro_service.spring-eureka+micro_service.spring-hystrix, long polling url: http://192.168.0.13:8080/notifications/v2?cluster=DEFAULT&appId=consumer-service&ip=192.168.0.13&notifications=%5B%7B%22namespaceName%22%3A%22micro_service.mybatis-plus%22%2C%22notificationId%22%3A410%7D%2C%7B%22namespaceName%22%3A%22application%22%2C%22notificationId%22%3A409%7D%2C%7B%22namespaceName%22%3A%22micro_service.spring-rocketmq%22%2C%22notificationId%22%3A69%7D%2C%7B%22namespaceName%22%3A%22micro_service.spring-ribbon%22%2C%22notificationId%22%3A6%7D%2C%7B%22namespaceName%22%3A%22micro_service.spring-boot-druid%22%2C%22notificationId%22%3A418%7D%2C%7B%22namespaceName%22%3A%22micro_service.spring-boot-redis%22%2C%22notificationId%22%3A10%7D%2C%7B%22namespaceName%22%3A%22micro_service.spring-eureka%22%2C%22notificationId%22%3A431%7D%2C%7B%22namespaceName%22%3A%22micro_service.spring-hystrix%22%2C%22notificationId%22%3A5%7D%2C%7B%22namespaceName%22%3A%22micro_service.spring-boot-http%22%2C%22notificationId%22%3A399%7D%5D, reason: Could not complete get operation [Cause: connect timed out]
[${project.name}][${env:SERVER_PORT}] 2021-10-06 14:16:28,572 WARN [Apollo-RemoteConfigLongPollService-1][RemoteConfigLongPollService.java:193] - Long polling failed, will retry in 1 seconds. appId: gateway-server, cluster: DEFAULT, namespaces: micro_service.spring-boot-redis+micro_service.spring-boot-http+application+micro_service.spring-ribbon+micro_service.spring-eureka+micro_service.spring-hystrix, long polling url: http://192.168.0.13:8080/notifications/v2?cluster=DEFAULT&appId=gateway-server&ip=192.168.0.13&notifications=%5B%7B%22namespaceName%22%3A%22application%22%2C%22notificationId%22%3A414%7D%2C%7B%22namespaceName%22%3A%22micro_service.spring-ribbon%22%2C%22notificationId%22%3A187%7D%2C%7B%22namespaceName%22%3A%22micro_service.spring-boot-redis%22%2C%22notificationId%22%3A10%7D%2C%7B%22namespaceName%22%3A%22micro_service.spring-eureka%22%2C%22notificationId%22%3A431%7D%2C%7B%22namespaceName%22%3A%22micro_service.spring-hystrix%22%2C%22notificationId%22%3A5%7D%2C%7B%22namespaceName%22%3A%22micro_service.spring-boot-http%22%2C%22notificationId%22%3A399%7D%5D, reason: Could not complete get operation [Cause: connect timed out]
[${project.name}][${env:SERVER_PORT}] 2021-10-06 14:16:30,594 WARN [Apollo-RemoteConfigLongPollService-1][RemoteConfigLongPollService.java:193] - Long polling failed, will retry in 2 seconds. appId: consumer-service, cluster: DEFAULT, namespaces: micro_service.spring-boot-redis+micro_service.spring-boot-http+micro_service.mybatis-plus+application+micro_service.spring-rocketmq+micro_service.spring-ribbon+micro_service.spring-boot-druid+micro_service.spring-eureka+micro_service.spring-hystrix, long polling url: http://192.168.0.13:8080/notifications/v2?cluster=DEFAULT&appId=consumer-service&ip=192.168.0.13&notifications=%5B%7B%22namespaceName%22%3A%22micro_service.mybatis-plus%22%2C%22notificationId%22%3A410%7D%2C%7B%22namespaceName%22%3A%22application%22%2C%22notificationId%22%3A409%7D%2C%7B%22namespaceName%22%3A%22micro_service.spring-rocketmq%22%2C%22notificationId%22%3A69%7D%2C%7B%22namespaceName%22%3A%22micro_service.spring-ribbon%22%2C%22notificationId%22%3A6%7D%2C%7B%22namespaceName%22%3A%22micro_service.spring-boot-druid%22%2C%22notificationId%22%3A418%7D%2C%7B%22namespaceName%22%3A%22micro_service.spring-boot-redis%22%2C%22notificationId%22%3A10%7D%2C%7B%22namespaceName%22%3A%22micro_service.spring-eureka%22%2C%22notificationId%22%3A431%7D%2C%7B%22namespaceName%22%3A%22micro_service.spring-hystrix%22%2C%22notificationId%22%3A5%7D%2C%7B%22namespaceName%22%3A%22micro_service.spring-boot-http%22%2C%22notificationId%22%3A399%7D%5D, reason: Could not complete get operation [Cause: connect timed out]
[${project.name}][${env:SERVER_PORT}] 2021-10-06 14:16:30,594 WARN [Apollo-RemoteConfigLongPollService-1][RemoteConfigLongPollService.java:193] - Long polling failed, will retry in 2 seconds. appId: gateway-server, cluster: DEFAULT, namespaces: micro_service.spring-boot-redis+micro_service.spring-boot-http+application+micro_service.spring-ribbon+micro_service.spring-eureka+micro_service.spring-hystrix, long polling url: http://192.168.0.13:8080/notifications/v2?cluster=DEFAULT&appId=gateway-server&ip=192.168.0.13&notifications=%5B%7B%22namespaceName%22%3A%22application%22%2C%22notificationId%22%3A414%7D%2C%7B%22namespaceName%22%3A%22micro_service.spring-ribbon%22%2C%22notificationId%22%3A187%7D%2C%7B%22namespaceName%22%3A%22micro_service.spring-boot-redis%22%2C%22notificationId%22%3A10%7D%2C%7B%22namespaceName%22%3A%22micro_service.spring-eureka%22%2C%22notificationId%22%3A431%7D%2C%7B%22namespaceName%22%3A%22micro_service.spring-hystrix%22%2C%22notificationId%22%3A5%7D%2C%7B%22namespaceName%22%3A%22micro_service.spring-boot-http%22%2C%22notificationId%22%3A399%7D%5D, reason: Could not complete get operation [Cause: connect timed out]
[${project.name}][${env:SERVER_PORT}] 2021-10-06 14:16:33,609 WARN [Apollo-RemoteConfigLongPollService-1][RemoteConfigLongPollService.java:193] - Long polling failed, will retry in 4 seconds. appId: consumer-service, cluster: DEFAULT, namespaces: micro_service.spring-boot-redis+micro_service.spring-boot-http+micro_service.mybatis-plus+application+micro_service.spring-rocketmq+micro_service.spring-ribbon+micro_service.spring-boot-druid+micro_service.spring-eureka+micro_service.spring-hystrix, long polling url: http://192.168.0.13:8080/notifications/v2?cluster=DEFAULT&appId=consumer-service&ip=192.168.0.13&notifications=%5B%7B%22namespaceName%22%3A%22micro_service.mybatis-plus%22%2C%22notificationId%22%3A410%7D%2C%7B%22namespaceName%22%3A%22application%22%2C%22notificationId%22%3A409%7D%2C%7B%22namespaceName%22%3A%22micro_service.spring-rocketmq%22%2C%22notificationId%22%3A69%7D%2C%7B%22namespaceName%22%3A%22micro_service.spring-ribbon%22%2C%22notificationId%22%3A6%7D%2C%7B%22namespaceName%22%3A%22micro_service.spring-boot-druid%22%2C%22notificationId%22%3A418%7D%2C%7B%22namespaceName%22%3A%22micro_service.spring-boot-redis%22%2C%22notificationId%22%3A10%7D%2C%7B%22namespaceName%22%3A%22micro_service.spring-eureka%22%2C%22notificationId%22%3A431%7D%2C%7B%22namespaceName%22%3A%22micro_service.spring-hystrix%22%2C%22notificationId%22%3A5%7D%2C%7B%22namespaceName%22%3A%22micro_service.spring-boot-http%22%2C%22notificationId%22%3A399%7D%5D, reason: Could not complete get operation [Cause: connect timed out]
[${project.name}][${env:SERVER_PORT}] 2021-10-06 14:16:34,756 INFO [Eureka-EvictionTimer][AbstractInstanceRegistry.java:1250] - Running the evict task with compensationTime 8ms
