[wanxinp2p-gateway-server][${env:SERVER_PORT}] 2021-10-15 19:02:09,482 INFO [AsyncResolver-bootstrap-executor-0][ConfigClusterResolver.java:43] - Resolving eureka endpoints via configuration
[wanxinp2p-gateway-server][${env:SERVER_PORT}] 2021-10-15 19:03:31,600 INFO [main][DefaultApplicationProvider.java:85] - App ID is set to gateway-server by app.id property from System Property
[wanxinp2p-gateway-server][${env:SERVER_PORT}] 2021-10-15 19:03:31,604 INFO [main][DefaultServerProvider.java:108] - Environment is set to [dev] by JVM system property 'env'.
[wanxinp2p-gateway-server][${env:SERVER_PORT}] 2021-10-15 19:03:31,631 WARN [main][DefaultMetaServerProvider.java:39] - Could not find meta server address, because it is not available in neither (1) JVM system property 'apollo.meta', (2) OS env variable 'APOLLO_META' (3) property 'apollo.meta' from server.properties nor (4) property 'apollo.meta' from app.properties
[wanxinp2p-gateway-server][${env:SERVER_PORT}] 2021-10-15 19:03:31,635 INFO [main][MetaDomainConsts.java:93] - Located meta server address http://localhost:8080 for env DEV from com.ctrip.framework.apollo.core.internals.LegacyMetaServerProvider
[wanxinp2p-gateway-server][${env:SERVER_PORT}] 2021-10-15 19:03:32,019 INFO [main][SpringApplication.java:675] - No active profile set, falling back to default profiles: default
[wanxinp2p-gateway-server][${env:SERVER_PORT}] 2021-10-15 19:03:32,704 INFO [main][RepositoryConfigurationDelegate.java:244] - Multiple Spring Data modules found, entering strict repository configuration mode!
[wanxinp2p-gateway-server][${env:SERVER_PORT}] 2021-10-15 19:03:32,708 INFO [main][RepositoryConfigurationDelegate.java:126] - Bootstrapping Spring Data repositories in DEFAULT mode.
[wanxinp2p-gateway-server][${env:SERVER_PORT}] 2021-10-15 19:03:32,733 INFO [main][RepositoryConfigurationDelegate.java:182] - Finished Spring Data repository scanning in 13ms. Found 0 repository interfaces.
[wanxinp2p-gateway-server][${env:SERVER_PORT}] 2021-10-15 19:03:32,890 WARN [main][EndpointId.java:135] - Endpoint ID 'service-registry' contains invalid characters, please migrate to a valid format.
[wanxinp2p-gateway-server][${env:SERVER_PORT}] 2021-10-15 19:03:32,900 WARN [main][EndpointId.java:135] - Endpoint ID 'hystrix.stream' contains invalid characters, please migrate to a valid format.
[wanxinp2p-gateway-server][${env:SERVER_PORT}] 2021-10-15 19:03:32,991 INFO [main][ConfigurationClassPostProcessor.java:380] - Cannot enhance @Configuration bean definition 'com.ctrip.framework.apollo.spring.boot.ApolloAutoConfiguration' since its singleton instance has been created too early. The typical cause is a non-static @Bean method with a BeanDefinitionRegistryPostProcessor return type: Consider declaring such methods as 'static'.
[wanxinp2p-gateway-server][${env:SERVER_PORT}] 2021-10-15 19:03:33,114 INFO [main][GenericScope.java:294] - BeanFactory id=a8e9e3f4-dc72-3797-9d64-ded9e20b29fa
[wanxinp2p-gateway-server][${env:SERVER_PORT}] 2021-10-15 19:03:33,133 WARN [main][PropertySourcesDeducer.java:75] - Multiple PropertySourcesPlaceholderConfigurer beans registered [propertySourcesPlaceholderConfigurer, org.springframework.context.support.PropertySourcesPlaceholderConfigurer], falling back to Environment
[wanxinp2p-gateway-server][${env:SERVER_PORT}] 2021-10-15 19:03:33,315 INFO [main][PostProcessorRegistrationDelegate.java:330] - Bean 'org.springframework.cloud.autoconfigure.ConfigurationPropertiesRebinderAutoConfiguration' of type [org.springframework.cloud.autoconfigure.ConfigurationPropertiesRebinderAutoConfiguration$$EnhancerBySpringCGLIB$$d45a5b52] is not eligible for getting processed by all BeanPostProcessors (for example: not eligible for auto-proxying)
[wanxinp2p-gateway-server][${env:SERVER_PORT}] 2021-10-15 19:03:33,649 INFO [main][TomcatWebServer.java:90] - Tomcat initialized with port(s): 53010 (http)
[wanxinp2p-gateway-server][${env:SERVER_PORT}] 2021-10-15 19:03:33,673 INFO [main][DirectJDKLog.java:173] - Initializing ProtocolHandler ["http-nio-53010"]
[wanxinp2p-gateway-server][${env:SERVER_PORT}] 2021-10-15 19:03:33,685 INFO [main][DirectJDKLog.java:173] - Starting service [Tomcat]
[wanxinp2p-gateway-server][${env:SERVER_PORT}] 2021-10-15 19:03:33,687 INFO [main][DirectJDKLog.java:173] - Starting Servlet engine: [Apache Tomcat/9.0.16]
[wanxinp2p-gateway-server][${env:SERVER_PORT}] 2021-10-15 19:03:33,698 INFO [main][DirectJDKLog.java:173] - The APR based Apache Tomcat Native library which allows optimal performance in production environments was not found on the java.library.path: [C:\Program Files\Java\jdk1.8.0_291\bin;C:\WINDOWS\Sun\Java\bin;C:\WINDOWS\system32;C:\WINDOWS;D:\java\Maven\apache-maven-3.6.3\bin;C:\mysql-5.7.26-winx64\bin;C:\Program Files\Java\jdk1.8.0_291\bin;C:\Program Files (x86)\Common Files\Oracle\Java\javapath;C:\WINDOWS\system32;C:\WINDOWS;C:\WINDOWS\System32\Wbem;C:\WINDOWS\System32\WindowsPowerShell\v1.0\;C:\WINDOWS\System32\OpenSSH\;C:\Program Files\NVIDIA Corporation\NVIDIA NvDLISR;C:\Program Files (x86)\NVIDIA Corporation\PhysX\Common;C:\Users\12715\AppData\Local\Microsoft\WindowsApps;;.]
[wanxinp2p-gateway-server][${env:SERVER_PORT}] 2021-10-15 19:03:33,961 INFO [main][DirectJDKLog.java:173] - Initializing Spring embedded WebApplicationContext
[wanxinp2p-gateway-server][${env:SERVER_PORT}] 2021-10-15 19:03:33,962 INFO [main][ServletWebServerApplicationContext.java:296] - Root WebApplicationContext: initialization completed in 1932 ms
[wanxinp2p-gateway-server][${env:SERVER_PORT}] 2021-10-15 19:03:34,161 WARN [main][URLConfigurationSource.java:121] - No URLs will be polled as dynamic configuration sources.
[wanxinp2p-gateway-server][${env:SERVER_PORT}] 2021-10-15 19:03:34,162 INFO [main][URLConfigurationSource.java:122] - To enable URLs as dynamic configuration sources, define System property archaius.configurationSource.additionalUrls or make config.properties available on classpath.
[wanxinp2p-gateway-server][${env:SERVER_PORT}] 2021-10-15 19:03:34,175 INFO [main][DynamicPropertyFactory.java:281] - DynamicPropertyFactory is initialized with configuration sources: com.netflix.config.ConcurrentCompositeConfiguration@382dc417
[wanxinp2p-gateway-server][${env:SERVER_PORT}] 2021-10-15 19:03:35,559 WARN [main][URLConfigurationSource.java:121] - No URLs will be polled as dynamic configuration sources.
[wanxinp2p-gateway-server][${env:SERVER_PORT}] 2021-10-15 19:03:35,560 INFO [main][URLConfigurationSource.java:122] - To enable URLs as dynamic configuration sources, define System property archaius.configurationSource.additionalUrls or make config.properties available on classpath.
[wanxinp2p-gateway-server][${env:SERVER_PORT}] 2021-10-15 19:03:35,963 INFO [main][ExecutorConfigurationSupport.java:171] - Initializing ExecutorService 'applicationTaskExecutor'
[wanxinp2p-gateway-server][${env:SERVER_PORT}] 2021-10-15 19:03:38,409 INFO [main][ZuulFilterInitializer.java:65] - Starting filter initializer
[wanxinp2p-gateway-server][${env:SERVER_PORT}] 2021-10-15 19:03:38,433 INFO [main][EndpointLinksResolver.java:59] - Exposing 2 endpoint(s) beneath base path '/actuator'
[wanxinp2p-gateway-server][${env:SERVER_PORT}] 2021-10-15 19:03:38,504 INFO [main][InstanceInfoFactory.java:71] - Setting initial instance status as: STARTING
[wanxinp2p-gateway-server][${env:SERVER_PORT}] 2021-10-15 19:03:38,544 INFO [main][DiscoveryClient.java:349] - Initializing Eureka in region us-east-1
[wanxinp2p-gateway-server][${env:SERVER_PORT}] 2021-10-15 19:03:38,585 INFO [main][DiscoveryJerseyProvider.java:70] - Using JSON encoding codec LegacyJacksonJson
[wanxinp2p-gateway-server][${env:SERVER_PORT}] 2021-10-15 19:03:38,586 INFO [main][DiscoveryJerseyProvider.java:71] - Using JSON decoding codec LegacyJacksonJson
[wanxinp2p-gateway-server][${env:SERVER_PORT}] 2021-10-15 19:03:38,698 INFO [main][DiscoveryJerseyProvider.java:80] - Using XML encoding codec XStreamXml
[wanxinp2p-gateway-server][${env:SERVER_PORT}] 2021-10-15 19:03:38,698 INFO [main][DiscoveryJerseyProvider.java:81] - Using XML decoding codec XStreamXml
[wanxinp2p-gateway-server][${env:SERVER_PORT}] 2021-10-15 19:03:39,044 INFO [main][ConfigClusterResolver.java:43] - Resolving eureka endpoints via configuration
[wanxinp2p-gateway-server][${env:SERVER_PORT}] 2021-10-15 19:03:39,263 INFO [main][DiscoveryClient.java:958] - Disable delta property : false
[wanxinp2p-gateway-server][${env:SERVER_PORT}] 2021-10-15 19:03:39,263 INFO [main][DiscoveryClient.java:959] - Single vip registry refresh property : null
[wanxinp2p-gateway-server][${env:SERVER_PORT}] 2021-10-15 19:03:39,263 INFO [main][DiscoveryClient.java:960] - Force full registry fetch : false
[wanxinp2p-gateway-server][${env:SERVER_PORT}] 2021-10-15 19:03:39,263 INFO [main][DiscoveryClient.java:961] - Application is null : false
[wanxinp2p-gateway-server][${env:SERVER_PORT}] 2021-10-15 19:03:39,263 INFO [main][DiscoveryClient.java:962] - Registered Applications size is zero : true
[wanxinp2p-gateway-server][${env:SERVER_PORT}] 2021-10-15 19:03:39,264 INFO [main][DiscoveryClient.java:964] - Application version is -1: true
[wanxinp2p-gateway-server][${env:SERVER_PORT}] 2021-10-15 19:03:39,264 INFO [main][DiscoveryClient.java:1047] - Getting all instance registry info from the eureka server
[wanxinp2p-gateway-server][${env:SERVER_PORT}] 2021-10-15 19:03:39,398 INFO [main][DiscoveryClient.java:1056] - The response status is 200
[wanxinp2p-gateway-server][${env:SERVER_PORT}] 2021-10-15 19:03:39,401 INFO [main][DiscoveryClient.java:1270] - Starting heartbeat executor: renew interval is: 30
[wanxinp2p-gateway-server][${env:SERVER_PORT}] 2021-10-15 19:03:39,404 INFO [main][InstanceInfoReplicator.java:60] - InstanceInfoReplicator onDemand update allowed rate per min is 4
[wanxinp2p-gateway-server][${env:SERVER_PORT}] 2021-10-15 19:03:39,407 INFO [main][DiscoveryClient.java:449] - Discovery Client initialized at timestamp 1634295819406 with initial instances count: 3
[wanxinp2p-gateway-server][${env:SERVER_PORT}] 2021-10-15 19:03:39,409 INFO [main][EurekaServiceRegistry.java:42] - Registering application GATEWAY-SERVER with eureka with status UP
[wanxinp2p-gateway-server][${env:SERVER_PORT}] 2021-10-15 19:03:39,409 INFO [main][DiscoveryClient.java:1305] - Saw local status change event StatusChangeEvent [timestamp=1634295819409, current=UP, previous=STARTING]
[wanxinp2p-gateway-server][${env:SERVER_PORT}] 2021-10-15 19:03:39,411 INFO [DiscoveryClient-InstanceInfoReplicator-0][DiscoveryClient.java:826] - DiscoveryClient_GATEWAY-SERVER/gateway-server:192.168.0.13:53010: registering service...
[wanxinp2p-gateway-server][${env:SERVER_PORT}] 2021-10-15 19:03:39,427 INFO [main][DirectJDKLog.java:173] - Starting ProtocolHandler ["http-nio-53010"]
[wanxinp2p-gateway-server][${env:SERVER_PORT}] 2021-10-15 19:03:39,451 INFO [main][TomcatWebServer.java:204] - Tomcat started on port(s): 53010 (http) with context path ''
[wanxinp2p-gateway-server][${env:SERVER_PORT}] 2021-10-15 19:03:39,453 INFO [main][EurekaAutoServiceRegistration.java:141] - Updating port to 53010
[wanxinp2p-gateway-server][${env:SERVER_PORT}] 2021-10-15 19:03:39,454 INFO [DiscoveryClient-InstanceInfoReplicator-0][DiscoveryClient.java:835] - DiscoveryClient_GATEWAY-SERVER/gateway-server:192.168.0.13:53010 - registration status: 204
[wanxinp2p-gateway-server][${env:SERVER_PORT}] 2021-10-15 19:03:39,455 INFO [main][StartupInfoLogger.java:59] - Started GatewayServer in 9.957 seconds (JVM running for 11.779)
[wanxinp2p-gateway-server][${env:SERVER_PORT}] 2021-10-15 19:03:39,974 INFO [RMI TCP Connection(1)-192.168.0.13][DirectJDKLog.java:173] - Initializing Spring DispatcherServlet 'dispatcherServlet'
[wanxinp2p-gateway-server][${env:SERVER_PORT}] 2021-10-15 19:03:39,974 INFO [RMI TCP Connection(1)-192.168.0.13][FrameworkServlet.java:524] - Initializing Servlet 'dispatcherServlet'
[wanxinp2p-gateway-server][${env:SERVER_PORT}] 2021-10-15 19:03:39,986 INFO [RMI TCP Connection(1)-192.168.0.13][FrameworkServlet.java:546] - Completed initialization in 12 ms
[wanxinp2p-gateway-server][${env:SERVER_PORT}] 2021-10-15 19:03:40,090 INFO [RMI TCP Connection(2)-192.168.0.13][EpollProvider.java:68] - Starting without optional epoll library
[wanxinp2p-gateway-server][${env:SERVER_PORT}] 2021-10-15 19:03:40,092 INFO [RMI TCP Connection(2)-192.168.0.13][KqueueProvider.java:70] - Starting without optional kqueue library
[wanxinp2p-gateway-server][${env:SERVER_PORT}] 2021-10-15 19:03:44,975 INFO [http-nio-53010-exec-1][ChainedDynamicProperty.java:115] - Flipping property: uaa-service.ribbon.ActiveConnectionsLimit to use NEXT property: niws.loadbalancer.availabilityFilteringRule.activeConnectionsLimit = 2147483647
[wanxinp2p-gateway-server][${env:SERVER_PORT}] 2021-10-15 19:03:44,993 INFO [http-nio-53010-exec-1][ShutdownEnabledTimer.java:58] - Shutdown hook installed for: NFLoadBalancer-PingTimer-uaa-service
[wanxinp2p-gateway-server][${env:SERVER_PORT}] 2021-10-15 19:03:44,994 INFO [http-nio-53010-exec-1][BaseLoadBalancer.java:197] - Client: uaa-service instantiated a LoadBalancer: DynamicServerListLoadBalancer:{NFLoadBalancer:name=uaa-service,current list of Servers=[],Load balancer stats=Zone stats: {},Server stats: []}ServerList:null
[wanxinp2p-gateway-server][${env:SERVER_PORT}] 2021-10-15 19:03:45,002 INFO [http-nio-53010-exec-1][DynamicServerListLoadBalancer.java:222] - Using serverListUpdater PollingServerListUpdater
[wanxinp2p-gateway-server][${env:SERVER_PORT}] 2021-10-15 19:03:45,018 INFO [http-nio-53010-exec-1][ChainedDynamicProperty.java:115] - Flipping property: uaa-service.ribbon.ActiveConnectionsLimit to use NEXT property: niws.loadbalancer.availabilityFilteringRule.activeConnectionsLimit = 2147483647
[wanxinp2p-gateway-server][${env:SERVER_PORT}] 2021-10-15 19:03:45,020 INFO [http-nio-53010-exec-1][DynamicServerListLoadBalancer.java:150] - DynamicServerListLoadBalancer for client uaa-service initialized: DynamicServerListLoadBalancer:{NFLoadBalancer:name=uaa-service,current list of Servers=[192.168.0.13:53020],Load balancer stats=Zone stats: {defaultzone=[Zone:defaultzone;	Instance count:1;	Active connections count: 0;	Circuit breaker tripped count: 0;	Active connections per server: 0.0;]
},Server stats: [[Server:192.168.0.13:53020;	Zone:defaultZone;	Total Requests:0;	Successive connection failure:0;	Total blackout seconds:0;	Last connection made:Thu Jan 01 08:00:00 CST 1970;	First connection made: Thu Jan 01 08:00:00 CST 1970;	Active Connections:0;	total failure count in last (1000) msecs:0;	average resp time:0.0;	90 percentile resp time:0.0;	95 percentile resp time:0.0;	min resp time:0.0;	max resp time:0.0;	stddev resp time:0.0]
]}ServerList:org.springframework.cloud.netflix.ribbon.eureka.DomainExtractingServerList@32896d3b
[wanxinp2p-gateway-server][${env:SERVER_PORT}] 2021-10-15 19:03:45,045 WARN [http-nio-53010-exec-1][AbstractRibbonCommand.java:115] - The Hystrix timeout of 93000ms for the command uaa-service is set lower than the combination of the Ribbon read and connect timeout, 104000ms.
[wanxinp2p-gateway-server][${env:SERVER_PORT}] 2021-10-15 19:03:46,010 INFO [PollingServerListUpdater-0][ChainedDynamicProperty.java:115] - Flipping property: uaa-service.ribbon.ActiveConnectionsLimit to use NEXT property: niws.loadbalancer.availabilityFilteringRule.activeConnectionsLimit = 2147483647
[wanxinp2p-gateway-server][${env:SERVER_PORT}] 2021-10-15 19:08:39,279 INFO [AsyncResolver-bootstrap-executor-0][ConfigClusterResolver.java:43] - Resolving eureka endpoints via configuration
[wanxinp2p-gateway-server][${env:SERVER_PORT}] 2021-10-15 19:10:15,870 WARN [http-nio-53010-exec-4][AbstractRibbonCommand.java:115] - The Hystrix timeout of 93000ms for the command uaa-service is set lower than the combination of the Ribbon read and connect timeout, 104000ms.
[wanxinp2p-gateway-server][${env:SERVER_PORT}] 2021-10-15 19:12:21,923 INFO [http-nio-53010-exec-10][ChainedDynamicProperty.java:115] - Flipping property: consumer-service.ribbon.ActiveConnectionsLimit to use NEXT property: niws.loadbalancer.availabilityFilteringRule.activeConnectionsLimit = 2147483647
[wanxinp2p-gateway-server][${env:SERVER_PORT}] 2021-10-15 19:12:21,943 INFO [http-nio-53010-exec-10][ShutdownEnabledTimer.java:58] - Shutdown hook installed for: NFLoadBalancer-PingTimer-consumer-service
[wanxinp2p-gateway-server][${env:SERVER_PORT}] 2021-10-15 19:12:21,944 INFO [http-nio-53010-exec-10][BaseLoadBalancer.java:197] - Client: consumer-service instantiated a LoadBalancer: DynamicServerListLoadBalancer:{NFLoadBalancer:name=consumer-service,current list of Servers=[],Load balancer stats=Zone stats: {},Server stats: []}ServerList:null
[wanxinp2p-gateway-server][${env:SERVER_PORT}] 2021-10-15 19:12:21,953 INFO [http-nio-53010-exec-10][DynamicServerListLoadBalancer.java:222] - Using serverListUpdater PollingServerListUpdater
[wanxinp2p-gateway-server][${env:SERVER_PORT}] 2021-10-15 19:12:21,958 INFO [http-nio-53010-exec-10][ChainedDynamicProperty.java:115] - Flipping property: consumer-service.ribbon.ActiveConnectionsLimit to use NEXT property: niws.loadbalancer.availabilityFilteringRule.activeConnectionsLimit = 2147483647
[wanxinp2p-gateway-server][${env:SERVER_PORT}] 2021-10-15 19:12:21,961 INFO [http-nio-53010-exec-10][DynamicServerListLoadBalancer.java:150] - DynamicServerListLoadBalancer for client consumer-service initialized: DynamicServerListLoadBalancer:{NFLoadBalancer:name=consumer-service,current list of Servers=[192.168.0.13:53050],Load balancer stats=Zone stats: {defaultzone=[Zone:defaultzone;	Instance count:1;	Active connections count: 0;	Circuit breaker tripped count: 0;	Active connections per server: 0.0;]
},Server stats: [[Server:192.168.0.13:53050;	Zone:defaultZone;	Total Requests:0;	Successive connection failure:0;	Total blackout seconds:0;	Last connection made:Thu Jan 01 08:00:00 CST 1970;	First connection made: Thu Jan 01 08:00:00 CST 1970;	Active Connections:0;	total failure count in last (1000) msecs:0;	average resp time:0.0;	90 percentile resp time:0.0;	95 percentile resp time:0.0;	min resp time:0.0;	max resp time:0.0;	stddev resp time:0.0]
]}ServerList:org.springframework.cloud.netflix.ribbon.eureka.DomainExtractingServerList@23c57553
[wanxinp2p-gateway-server][${env:SERVER_PORT}] 2021-10-15 19:12:21,981 WARN [http-nio-53010-exec-10][AbstractRibbonCommand.java:115] - The Hystrix timeout of 93000ms for the command consumer-service is set lower than the combination of the Ribbon read and connect timeout, 104000ms.
[wanxinp2p-gateway-server][${env:SERVER_PORT}] 2021-10-15 19:12:22,959 INFO [PollingServerListUpdater-0][ChainedDynamicProperty.java:115] - Flipping property: consumer-service.ribbon.ActiveConnectionsLimit to use NEXT property: niws.loadbalancer.availabilityFilteringRule.activeConnectionsLimit = 2147483647
[wanxinp2p-gateway-server][${env:SERVER_PORT}] 2021-10-15 19:13:39,297 INFO [AsyncResolver-bootstrap-executor-0][ConfigClusterResolver.java:43] - Resolving eureka endpoints via configuration
[wanxinp2p-gateway-server][${env:SERVER_PORT}] 2021-10-15 19:13:39,786 INFO [http-nio-53010-exec-5][ChainedDynamicProperty.java:115] - Flipping property: account-service.ribbon.ActiveConnectionsLimit to use NEXT property: niws.loadbalancer.availabilityFilteringRule.activeConnectionsLimit = 2147483647
[wanxinp2p-gateway-server][${env:SERVER_PORT}] 2021-10-15 19:13:39,791 INFO [http-nio-53010-exec-5][ShutdownEnabledTimer.java:58] - Shutdown hook installed for: NFLoadBalancer-PingTimer-account-service
[wanxinp2p-gateway-server][${env:SERVER_PORT}] 2021-10-15 19:13:39,791 INFO [http-nio-53010-exec-5][BaseLoadBalancer.java:197] - Client: account-service instantiated a LoadBalancer: DynamicServerListLoadBalancer:{NFLoadBalancer:name=account-service,current list of Servers=[],Load balancer stats=Zone stats: {},Server stats: []}ServerList:null
[wanxinp2p-gateway-server][${env:SERVER_PORT}] 2021-10-15 19:13:39,794 INFO [http-nio-53010-exec-5][DynamicServerListLoadBalancer.java:222] - Using serverListUpdater PollingServerListUpdater
[wanxinp2p-gateway-server][${env:SERVER_PORT}] 2021-10-15 19:13:39,797 INFO [http-nio-53010-exec-5][ChainedDynamicProperty.java:115] - Flipping property: account-service.ribbon.ActiveConnectionsLimit to use NEXT property: niws.loadbalancer.availabilityFilteringRule.activeConnectionsLimit = 2147483647
[wanxinp2p-gateway-server][${env:SERVER_PORT}] 2021-10-15 19:13:39,799 INFO [http-nio-53010-exec-5][DynamicServerListLoadBalancer.java:150] - DynamicServerListLoadBalancer for client account-service initialized: DynamicServerListLoadBalancer:{NFLoadBalancer:name=account-service,current list of Servers=[192.168.0.13:53030],Load balancer stats=Zone stats: {defaultzone=[Zone:defaultzone;	Instance count:1;	Active connections count: 0;	Circuit breaker tripped count: 0;	Active connections per server: 0.0;]
},Server stats: [[Server:192.168.0.13:53030;	Zone:defaultZone;	Total Requests:0;	Successive connection failure:0;	Total blackout seconds:0;	Last connection made:Thu Jan 01 08:00:00 CST 1970;	First connection made: Thu Jan 01 08:00:00 CST 1970;	Active Connections:0;	total failure count in last (1000) msecs:0;	average resp time:0.0;	90 percentile resp time:0.0;	95 percentile resp time:0.0;	min resp time:0.0;	max resp time:0.0;	stddev resp time:0.0]
]}ServerList:org.springframework.cloud.netflix.ribbon.eureka.DomainExtractingServerList@595c26cf
[wanxinp2p-gateway-server][${env:SERVER_PORT}] 2021-10-15 19:13:40,027 WARN [http-nio-53010-exec-5][AbstractRibbonCommand.java:115] - The Hystrix timeout of 93000ms for the command account-service is set lower than the combination of the Ribbon read and connect timeout, 104000ms.
[wanxinp2p-gateway-server][${env:SERVER_PORT}] 2021-10-15 19:13:40,801 INFO [PollingServerListUpdater-1][ChainedDynamicProperty.java:115] - Flipping property: account-service.ribbon.ActiveConnectionsLimit to use NEXT property: niws.loadbalancer.availabilityFilteringRule.activeConnectionsLimit = 2147483647
[wanxinp2p-gateway-server][${env:SERVER_PORT}] 2021-10-15 19:14:14,876 WARN [http-nio-53010-exec-8][AbstractRibbonCommand.java:115] - The Hystrix timeout of 93000ms for the command account-service is set lower than the combination of the Ribbon read and connect timeout, 104000ms.
[wanxinp2p-gateway-server][${env:SERVER_PORT}] 2021-10-15 19:14:15,094 WARN [http-nio-53010-exec-9][AbstractRibbonCommand.java:115] - The Hystrix timeout of 93000ms for the command uaa-service is set lower than the combination of the Ribbon read and connect timeout, 104000ms.
[wanxinp2p-gateway-server][${env:SERVER_PORT}] 2021-10-15 19:14:15,719 WARN [http-nio-53010-exec-1][AbstractRibbonCommand.java:115] - The Hystrix timeout of 93000ms for the command consumer-service is set lower than the combination of the Ribbon read and connect timeout, 104000ms.
[wanxinp2p-gateway-server][${env:SERVER_PORT}] 2021-10-15 19:18:39,301 INFO [AsyncResolver-bootstrap-executor-0][ConfigClusterResolver.java:43] - Resolving eureka endpoints via configuration
[wanxinp2p-gateway-server][${env:SERVER_PORT}] 2021-10-15 19:23:39,302 INFO [AsyncResolver-bootstrap-executor-0][ConfigClusterResolver.java:43] - Resolving eureka endpoints via configuration
[wanxinp2p-gateway-server][${env:SERVER_PORT}] 2021-10-15 19:28:39,317 INFO [AsyncResolver-bootstrap-executor-0][ConfigClusterResolver.java:43] - Resolving eureka endpoints via configuration
[wanxinp2p-gateway-server][${env:SERVER_PORT}] 2021-10-15 19:33:39,328 INFO [AsyncResolver-bootstrap-executor-0][ConfigClusterResolver.java:43] - Resolving eureka endpoints via configuration
[wanxinp2p-gateway-server][${env:SERVER_PORT}] 2021-10-15 19:38:39,331 INFO [AsyncResolver-bootstrap-executor-0][ConfigClusterResolver.java:43] - Resolving eureka endpoints via configuration
[wanxinp2p-gateway-server][${env:SERVER_PORT}] 2021-10-15 19:43:39,343 INFO [AsyncResolver-bootstrap-executor-0][ConfigClusterResolver.java:43] - Resolving eureka endpoints via configuration
[wanxinp2p-gateway-server][${env:SERVER_PORT}] 2021-10-15 19:48:39,347 INFO [AsyncResolver-bootstrap-executor-0][ConfigClusterResolver.java:43] - Resolving eureka endpoints via configuration
[wanxinp2p-gateway-server][${env:SERVER_PORT}] 2021-10-15 19:53:39,349 INFO [AsyncResolver-bootstrap-executor-0][ConfigClusterResolver.java:43] - Resolving eureka endpoints via configuration
