[wanxinp2p-consumer-service][${env:SERVER_PORT}] 2021-10-19 09:00:27,950 INFO [NettyClientSelector_1][Slf4jLoggerFactory.java:95] - closeChannel: close the connection to remote address[] result: true
[wanxinp2p-consumer-service][${env:SERVER_PORT}] 2021-10-19 09:00:28,410 INFO [NettyClientSelector_1][Slf4jLoggerFactory.java:95] - closeChannel: close the connection to remote address[] result: true
[wanxinp2p-consumer-service][${env:SERVER_PORT}] 2021-10-19 09:00:32,928 INFO [hmilyTransaction-hmily-transaction-self-recovery-18][LogUtil.java:87] - self recovery execute delayTime:60
[wanxinp2p-consumer-service][${env:SERVER_PORT}] 2021-10-19 09:00:33,008 INFO [hmilyTransaction-hmily-transaction-self-recovery-36][LogUtil.java:87] - self recovery execute delayTime:60
[wanxinp2p-consumer-service][${env:SERVER_PORT}] 2021-10-19 09:00:38,365 INFO [hmilyTransaction-hmily-transaction-self-recovery-54][LogUtil.java:87] - self recovery execute delayTime:60
[wanxinp2p-consumer-service][${env:SERVER_PORT}] 2021-10-19 09:00:46,222 INFO [hmilyTransaction-hmily-transaction-self-recovery-73][LogUtil.java:87] - self recovery execute delayTime:60
[wanxinp2p-consumer-service][${env:SERVER_PORT}] 2021-10-19 09:00:55,469 INFO [hmilyTransaction-hmily-transaction-self-recovery-92][LogUtil.java:87] - self recovery execute delayTime:60
[wanxinp2p-consumer-service][${env:SERVER_PORT}] 2021-10-19 09:00:57,973 INFO [NettyClientSelector_1][Slf4jLoggerFactory.java:95] - closeChannel: close the connection to remote address[] result: true
[wanxinp2p-consumer-service][${env:SERVER_PORT}] 2021-10-19 09:00:58,418 INFO [NettyClientSelector_1][Slf4jLoggerFactory.java:95] - closeChannel: close the connection to remote address[] result: true
[wanxinp2p-consumer-service][${env:SERVER_PORT}] 2021-10-19 09:01:27,939 INFO [NettyClientSelector_1][Slf4jLoggerFactory.java:95] - closeChannel: close the connection to remote address[] result: true
[wanxinp2p-consumer-service][${env:SERVER_PORT}] 2021-10-19 09:01:28,411 INFO [NettyClientSelector_1][Slf4jLoggerFactory.java:95] - closeChannel: close the connection to remote address[] result: true
[wanxinp2p-consumer-service][${env:SERVER_PORT}] 2021-10-19 09:01:32,942 INFO [hmilyTransaction-hmily-transaction-self-recovery-18][LogUtil.java:87] - self recovery execute delayTime:60
[wanxinp2p-consumer-service][${env:SERVER_PORT}] 2021-10-19 09:01:33,020 INFO [hmilyTransaction-hmily-transaction-self-recovery-36][LogUtil.java:87] - self recovery execute delayTime:60
[wanxinp2p-consumer-service][${env:SERVER_PORT}] 2021-10-19 09:01:38,368 INFO [hmilyTransaction-hmily-transaction-self-recovery-54][LogUtil.java:87] - self recovery execute delayTime:60
[wanxinp2p-consumer-service][${env:SERVER_PORT}] 2021-10-19 09:01:46,238 INFO [hmilyTransaction-hmily-transaction-self-recovery-73][LogUtil.java:87] - self recovery execute delayTime:60
[wanxinp2p-consumer-service][${env:SERVER_PORT}] 2021-10-19 09:01:55,483 INFO [hmilyTransaction-hmily-transaction-self-recovery-92][LogUtil.java:87] - self recovery execute delayTime:60
[wanxinp2p-consumer-service][${env:SERVER_PORT}] 2021-10-19 09:01:57,947 INFO [NettyClientSelector_1][Slf4jLoggerFactory.java:95] - closeChannel: close the connection to remote address[] result: true
[wanxinp2p-consumer-service][${env:SERVER_PORT}] 2021-10-19 09:01:58,431 INFO [NettyClientSelector_1][Slf4jLoggerFactory.java:95] - closeChannel: close the connection to remote address[] result: true
[wanxinp2p-consumer-service][${env:SERVER_PORT}] 2021-10-19 09:02:27,980 INFO [NettyClientSelector_1][Slf4jLoggerFactory.java:95] - closeChannel: close the connection to remote address[] result: true
[wanxinp2p-consumer-service][${env:SERVER_PORT}] 2021-10-19 09:02:28,434 INFO [NettyClientSelector_1][Slf4jLoggerFactory.java:95] - closeChannel: close the connection to remote address[] result: true
[wanxinp2p-consumer-service][${env:SERVER_PORT}] 2021-10-19 09:02:32,949 INFO [hmilyTransaction-hmily-transaction-self-recovery-18][LogUtil.java:87] - self recovery execute delayTime:60
[wanxinp2p-consumer-service][${env:SERVER_PORT}] 2021-10-19 09:02:33,028 INFO [hmilyTransaction-hmily-transaction-self-recovery-36][LogUtil.java:87] - self recovery execute delayTime:60
[wanxinp2p-consumer-service][${env:SERVER_PORT}] 2021-10-19 09:02:38,371 INFO [hmilyTransaction-hmily-transaction-self-recovery-54][LogUtil.java:87] - self recovery execute delayTime:60
[wanxinp2p-consumer-service][${env:SERVER_PORT}] 2021-10-19 09:02:46,248 INFO [hmilyTransaction-hmily-transaction-self-recovery-73][LogUtil.java:87] - self recovery execute delayTime:60
[wanxinp2p-consumer-service][${env:SERVER_PORT}] 2021-10-19 09:02:55,491 INFO [hmilyTransaction-hmily-transaction-self-recovery-92][LogUtil.java:87] - self recovery execute delayTime:60
[wanxinp2p-consumer-service][${env:SERVER_PORT}] 2021-10-19 09:02:57,946 INFO [NettyClientSelector_1][Slf4jLoggerFactory.java:95] - closeChannel: close the connection to remote address[] result: true
[wanxinp2p-consumer-service][${env:SERVER_PORT}] 2021-10-19 09:02:58,408 INFO [NettyClientSelector_1][Slf4jLoggerFactory.java:95] - closeChannel: close the connection to remote address[] result: true
[wanxinp2p-consumer-service][${env:SERVER_PORT}] 2021-10-19 09:03:27,946 INFO [NettyClientSelector_1][Slf4jLoggerFactory.java:95] - closeChannel: close the connection to remote address[] result: true
[wanxinp2p-consumer-service][${env:SERVER_PORT}] 2021-10-19 09:03:28,405 INFO [NettyClientSelector_1][Slf4jLoggerFactory.java:95] - closeChannel: close the connection to remote address[] result: true
[wanxinp2p-consumer-service][${env:SERVER_PORT}] 2021-10-19 09:03:32,957 INFO [hmilyTransaction-hmily-transaction-self-recovery-18][LogUtil.java:87] - self recovery execute delayTime:60
[wanxinp2p-consumer-service][${env:SERVER_PORT}] 2021-10-19 09:03:33,034 INFO [hmilyTransaction-hmily-transaction-self-recovery-36][LogUtil.java:87] - self recovery execute delayTime:60
[wanxinp2p-consumer-service][${env:SERVER_PORT}] 2021-10-19 09:03:37,481 INFO [AsyncResolver-bootstrap-executor-0][ConfigClusterResolver.java:43] - Resolving eureka endpoints via configuration
[wanxinp2p-consumer-service][${env:SERVER_PORT}] 2021-10-19 09:03:38,378 INFO [hmilyTransaction-hmily-transaction-self-recovery-54][LogUtil.java:87] - self recovery execute delayTime:60
[wanxinp2p-consumer-service][${env:SERVER_PORT}] 2021-10-19 09:03:46,263 INFO [hmilyTransaction-hmily-transaction-self-recovery-73][LogUtil.java:87] - self recovery execute delayTime:60
[wanxinp2p-consumer-service][${env:SERVER_PORT}] 2021-10-19 09:03:55,499 INFO [hmilyTransaction-hmily-transaction-self-recovery-92][LogUtil.java:87] - self recovery execute delayTime:60
[wanxinp2p-consumer-service][${env:SERVER_PORT}] 2021-10-19 09:03:57,968 INFO [NettyClientSelector_1][Slf4jLoggerFactory.java:95] - closeChannel: close the connection to remote address[] result: true
[wanxinp2p-consumer-service][${env:SERVER_PORT}] 2021-10-19 09:03:58,424 INFO [NettyClientSelector_1][Slf4jLoggerFactory.java:95] - closeChannel: close the connection to remote address[] result: true
[wanxinp2p-consumer-service][${env:SERVER_PORT}] 2021-10-19 09:04:27,949 INFO [NettyClientSelector_1][Slf4jLoggerFactory.java:95] - closeChannel: close the connection to remote address[] result: true
[wanxinp2p-consumer-service][${env:SERVER_PORT}] 2021-10-19 09:04:28,406 INFO [NettyClientSelector_1][Slf4jLoggerFactory.java:95] - closeChannel: close the connection to remote address[] result: true
[wanxinp2p-consumer-service][${env:SERVER_PORT}] 2021-10-19 09:04:32,970 INFO [hmilyTransaction-hmily-transaction-self-recovery-18][LogUtil.java:87] - self recovery execute delayTime:60
[wanxinp2p-consumer-service][${env:SERVER_PORT}] 2021-10-19 09:04:33,049 INFO [hmilyTransaction-hmily-transaction-self-recovery-36][LogUtil.java:87] - self recovery execute delayTime:60
[wanxinp2p-consumer-service][${env:SERVER_PORT}] 2021-10-19 09:04:38,383 INFO [hmilyTransaction-hmily-transaction-self-recovery-54][LogUtil.java:87] - self recovery execute delayTime:60
[wanxinp2p-consumer-service][${env:SERVER_PORT}] 2021-10-19 09:04:46,266 INFO [hmilyTransaction-hmily-transaction-self-recovery-73][LogUtil.java:87] - self recovery execute delayTime:60
[wanxinp2p-consumer-service][${env:SERVER_PORT}] 2021-10-19 09:04:55,503 INFO [hmilyTransaction-hmily-transaction-self-recovery-92][LogUtil.java:87] - self recovery execute delayTime:60
[wanxinp2p-consumer-service][${env:SERVER_PORT}] 2021-10-19 09:04:57,928 INFO [NettyClientSelector_1][Slf4jLoggerFactory.java:95] - closeChannel: close the connection to remote address[] result: true
[wanxinp2p-consumer-service][${env:SERVER_PORT}] 2021-10-19 09:04:58,421 INFO [NettyClientSelector_1][Slf4jLoggerFactory.java:95] - closeChannel: close the connection to remote address[] result: true
[wanxinp2p-consumer-service][${env:SERVER_PORT}] 2021-10-19 09:05:27,972 INFO [NettyClientSelector_1][Slf4jLoggerFactory.java:95] - closeChannel: close the connection to remote address[] result: true
[wanxinp2p-consumer-service][${env:SERVER_PORT}] 2021-10-19 09:05:28,417 INFO [NettyClientSelector_1][Slf4jLoggerFactory.java:95] - closeChannel: close the connection to remote address[] result: true
[wanxinp2p-consumer-service][${env:SERVER_PORT}] 2021-10-19 09:05:32,973 INFO [hmilyTransaction-hmily-transaction-self-recovery-18][LogUtil.java:87] - self recovery execute delayTime:60
[wanxinp2p-consumer-service][${env:SERVER_PORT}] 2021-10-19 09:05:33,067 INFO [hmilyTransaction-hmily-transaction-self-recovery-36][LogUtil.java:87] - self recovery execute delayTime:60
[wanxinp2p-consumer-service][${env:SERVER_PORT}] 2021-10-19 09:05:38,399 INFO [hmilyTransaction-hmily-transaction-self-recovery-54][LogUtil.java:87] - self recovery execute delayTime:60
[wanxinp2p-consumer-service][${env:SERVER_PORT}] 2021-10-19 09:05:46,284 INFO [hmilyTransaction-hmily-transaction-self-recovery-73][LogUtil.java:87] - self recovery execute delayTime:60
[wanxinp2p-consumer-service][${env:SERVER_PORT}] 2021-10-19 09:05:55,506 INFO [hmilyTransaction-hmily-transaction-self-recovery-92][LogUtil.java:87] - self recovery execute delayTime:60
[wanxinp2p-consumer-service][${env:SERVER_PORT}] 2021-10-19 09:05:57,949 INFO [NettyClientSelector_1][Slf4jLoggerFactory.java:95] - closeChannel: close the connection to remote address[] result: true
[wanxinp2p-consumer-service][${env:SERVER_PORT}] 2021-10-19 09:05:58,392 INFO [NettyClientSelector_1][Slf4jLoggerFactory.java:95] - closeChannel: close the connection to remote address[] result: true
[wanxinp2p-consumer-service][${env:SERVER_PORT}] 2021-10-19 09:06:27,946 INFO [NettyClientSelector_1][Slf4jLoggerFactory.java:95] - closeChannel: close the connection to remote address[] result: true
[wanxinp2p-consumer-service][${env:SERVER_PORT}] 2021-10-19 09:06:28,412 INFO [NettyClientSelector_1][Slf4jLoggerFactory.java:95] - closeChannel: close the connection to remote address[] result: true
[wanxinp2p-consumer-service][${env:SERVER_PORT}] 2021-10-19 09:06:32,977 INFO [hmilyTransaction-hmily-transaction-self-recovery-18][LogUtil.java:87] - self recovery execute delayTime:60
[wanxinp2p-consumer-service][${env:SERVER_PORT}] 2021-10-19 09:06:33,071 INFO [hmilyTransaction-hmily-transaction-self-recovery-36][LogUtil.java:87] - self recovery execute delayTime:60
[wanxinp2p-consumer-service][${env:SERVER_PORT}] 2021-10-19 09:06:38,413 INFO [hmilyTransaction-hmily-transaction-self-recovery-54][LogUtil.java:87] - self recovery execute delayTime:60
[wanxinp2p-consumer-service][${env:SERVER_PORT}] 2021-10-19 09:06:46,300 INFO [hmilyTransaction-hmily-transaction-self-recovery-73][LogUtil.java:87] - self recovery execute delayTime:60
[wanxinp2p-consumer-service][${env:SERVER_PORT}] 2021-10-19 09:06:55,520 INFO [hmilyTransaction-hmily-transaction-self-recovery-92][LogUtil.java:87] - self recovery execute delayTime:60
[wanxinp2p-consumer-service][${env:SERVER_PORT}] 2021-10-19 09:06:57,925 INFO [NettyClientSelector_1][Slf4jLoggerFactory.java:95] - closeChannel: close the connection to remote address[] result: true
[wanxinp2p-consumer-service][${env:SERVER_PORT}] 2021-10-19 09:06:58,411 INFO [NettyClientSelector_1][Slf4jLoggerFactory.java:95] - closeChannel: close the connection to remote address[] result: true
[wanxinp2p-consumer-service][${env:SERVER_PORT}] 2021-10-19 09:07:27,943 INFO [NettyClientSelector_1][Slf4jLoggerFactory.java:95] - closeChannel: close the connection to remote address[] result: true
[wanxinp2p-consumer-service][${env:SERVER_PORT}] 2021-10-19 09:07:28,411 INFO [NettyClientSelector_1][Slf4jLoggerFactory.java:95] - closeChannel: close the connection to remote address[] result: true
[wanxinp2p-consumer-service][${env:SERVER_PORT}] 2021-10-19 09:07:32,986 INFO [hmilyTransaction-hmily-transaction-self-recovery-18][LogUtil.java:87] - self recovery execute delayTime:60
[wanxinp2p-consumer-service][${env:SERVER_PORT}] 2021-10-19 09:07:33,081 INFO [hmilyTransaction-hmily-transaction-self-recovery-36][LogUtil.java:87] - self recovery execute delayTime:60
[wanxinp2p-consumer-service][${env:SERVER_PORT}] 2021-10-19 09:07:38,416 INFO [hmilyTransaction-hmily-transaction-self-recovery-54][LogUtil.java:87] - self recovery execute delayTime:60
[wanxinp2p-consumer-service][${env:SERVER_PORT}] 2021-10-19 09:07:46,309 INFO [hmilyTransaction-hmily-transaction-self-recovery-73][LogUtil.java:87] - self recovery execute delayTime:60
[wanxinp2p-consumer-service][${env:SERVER_PORT}] 2021-10-19 09:07:55,531 INFO [hmilyTransaction-hmily-transaction-self-recovery-92][LogUtil.java:87] - self recovery execute delayTime:60
[wanxinp2p-consumer-service][${env:SERVER_PORT}] 2021-10-19 09:07:57,940 INFO [NettyClientSelector_1][Slf4jLoggerFactory.java:95] - closeChannel: close the connection to remote address[] result: true
[wanxinp2p-consumer-service][${env:SERVER_PORT}] 2021-10-19 09:07:58,409 INFO [NettyClientSelector_1][Slf4jLoggerFactory.java:95] - closeChannel: close the connection to remote address[] result: true
[wanxinp2p-consumer-service][${env:SERVER_PORT}] 2021-10-19 09:08:27,962 INFO [NettyClientSelector_1][Slf4jLoggerFactory.java:95] - closeChannel: close the connection to remote address[] result: true
[wanxinp2p-consumer-service][${env:SERVER_PORT}] 2021-10-19 09:08:28,428 INFO [NettyClientSelector_1][Slf4jLoggerFactory.java:95] - closeChannel: close the connection to remote address[] result: true
[wanxinp2p-consumer-service][${env:SERVER_PORT}] 2021-10-19 09:08:32,996 INFO [hmilyTransaction-hmily-transaction-self-recovery-18][LogUtil.java:87] - self recovery execute delayTime:60
[wanxinp2p-consumer-service][${env:SERVER_PORT}] 2021-10-19 09:08:33,092 INFO [hmilyTransaction-hmily-transaction-self-recovery-36][LogUtil.java:87] - self recovery execute delayTime:60
[wanxinp2p-consumer-service][${env:SERVER_PORT}] 2021-10-19 09:08:37,492 INFO [AsyncResolver-bootstrap-executor-0][ConfigClusterResolver.java:43] - Resolving eureka endpoints via configuration
[wanxinp2p-consumer-service][${env:SERVER_PORT}] 2021-10-19 09:08:38,420 INFO [hmilyTransaction-hmily-transaction-self-recovery-54][LogUtil.java:87] - self recovery execute delayTime:60
[wanxinp2p-consumer-service][${env:SERVER_PORT}] 2021-10-19 09:08:46,318 INFO [hmilyTransaction-hmily-transaction-self-recovery-73][LogUtil.java:87] - self recovery execute delayTime:60
[wanxinp2p-consumer-service][${env:SERVER_PORT}] 2021-10-19 09:08:55,541 INFO [hmilyTransaction-hmily-transaction-self-recovery-92][LogUtil.java:87] - self recovery execute delayTime:60
[wanxinp2p-consumer-service][${env:SERVER_PORT}] 2021-10-19 09:08:57,940 INFO [NettyClientSelector_1][Slf4jLoggerFactory.java:95] - closeChannel: close the connection to remote address[] result: true
[wanxinp2p-consumer-service][${env:SERVER_PORT}] 2021-10-19 09:08:58,413 INFO [NettyClientSelector_1][Slf4jLoggerFactory.java:95] - closeChannel: close the connection to remote address[] result: true
[wanxinp2p-consumer-service][${env:SERVER_PORT}] 2021-10-19 09:09:27,961 INFO [NettyClientSelector_1][Slf4jLoggerFactory.java:95] - closeChannel: close the connection to remote address[] result: true
[wanxinp2p-consumer-service][${env:SERVER_PORT}] 2021-10-19 09:09:28,429 INFO [NettyClientSelector_1][Slf4jLoggerFactory.java:95] - closeChannel: close the connection to remote address[] result: true
[wanxinp2p-consumer-service][${env:SERVER_PORT}] 2021-10-19 09:09:33,005 INFO [hmilyTransaction-hmily-transaction-self-recovery-18][LogUtil.java:87] - self recovery execute delayTime:60
[wanxinp2p-consumer-service][${env:SERVER_PORT}] 2021-10-19 09:09:33,099 INFO [hmilyTransaction-hmily-transaction-self-recovery-36][LogUtil.java:87] - self recovery execute delayTime:60
[wanxinp2p-consumer-service][${env:SERVER_PORT}] 2021-10-19 09:09:38,428 INFO [hmilyTransaction-hmily-transaction-self-recovery-54][LogUtil.java:87] - self recovery execute delayTime:60
[wanxinp2p-consumer-service][${env:SERVER_PORT}] 2021-10-19 09:09:46,333 INFO [hmilyTransaction-hmily-transaction-self-recovery-73][LogUtil.java:87] - self recovery execute delayTime:60
[wanxinp2p-consumer-service][${env:SERVER_PORT}] 2021-10-19 09:09:55,548 INFO [hmilyTransaction-hmily-transaction-self-recovery-92][LogUtil.java:87] - self recovery execute delayTime:60
[wanxinp2p-consumer-service][${env:SERVER_PORT}] 2021-10-19 09:09:57,954 INFO [NettyClientSelector_1][Slf4jLoggerFactory.java:95] - closeChannel: close the connection to remote address[] result: true
[wanxinp2p-consumer-service][${env:SERVER_PORT}] 2021-10-19 09:09:58,410 INFO [NettyClientSelector_1][Slf4jLoggerFactory.java:95] - closeChannel: close the connection to remote address[] result: true
[wanxinp2p-consumer-service][${env:SERVER_PORT}] 2021-10-19 09:10:27,957 INFO [NettyClientSelector_1][Slf4jLoggerFactory.java:95] - closeChannel: close the connection to remote address[] result: true
[wanxinp2p-consumer-service][${env:SERVER_PORT}] 2021-10-19 09:10:28,418 INFO [NettyClientSelector_1][Slf4jLoggerFactory.java:95] - closeChannel: close the connection to remote address[] result: true
[wanxinp2p-consumer-service][${env:SERVER_PORT}] 2021-10-19 09:10:33,020 INFO [hmilyTransaction-hmily-transaction-self-recovery-18][LogUtil.java:87] - self recovery execute delayTime:60
[wanxinp2p-consumer-service][${env:SERVER_PORT}] 2021-10-19 09:10:33,115 INFO [hmilyTransaction-hmily-transaction-self-recovery-36][LogUtil.java:87] - self recovery execute delayTime:60
[wanxinp2p-consumer-service][${env:SERVER_PORT}] 2021-10-19 09:10:38,439 INFO [hmilyTransaction-hmily-transaction-self-recovery-54][LogUtil.java:87] - self recovery execute delayTime:60
[wanxinp2p-consumer-service][${env:SERVER_PORT}] 2021-10-19 09:10:46,338 INFO [hmilyTransaction-hmily-transaction-self-recovery-73][LogUtil.java:87] - self recovery execute delayTime:60
[wanxinp2p-consumer-service][${env:SERVER_PORT}] 2021-10-19 09:10:55,549 INFO [hmilyTransaction-hmily-transaction-self-recovery-92][LogUtil.java:87] - self recovery execute delayTime:60
[wanxinp2p-consumer-service][${env:SERVER_PORT}] 2021-10-19 09:10:57,956 INFO [NettyClientSelector_1][Slf4jLoggerFactory.java:95] - closeChannel: close the connection to remote address[] result: true
[wanxinp2p-consumer-service][${env:SERVER_PORT}] 2021-10-19 09:10:58,396 INFO [NettyClientSelector_1][Slf4jLoggerFactory.java:95] - closeChannel: close the connection to remote address[] result: true
[wanxinp2p-consumer-service][${env:SERVER_PORT}] 2021-10-19 09:11:27,974 INFO [NettyClientSelector_1][Slf4jLoggerFactory.java:95] - closeChannel: close the connection to remote address[] result: true
[wanxinp2p-consumer-service][${env:SERVER_PORT}] 2021-10-19 09:11:28,415 INFO [NettyClientSelector_1][Slf4jLoggerFactory.java:95] - closeChannel: close the connection to remote address[] result: true
[wanxinp2p-consumer-service][${env:SERVER_PORT}] 2021-10-19 09:11:33,021 INFO [hmilyTransaction-hmily-transaction-self-recovery-18][LogUtil.java:87] - self recovery execute delayTime:60
[wanxinp2p-consumer-service][${env:SERVER_PORT}] 2021-10-19 09:11:33,117 INFO [hmilyTransaction-hmily-transaction-self-recovery-36][LogUtil.java:87] - self recovery execute delayTime:60
[wanxinp2p-consumer-service][${env:SERVER_PORT}] 2021-10-19 09:11:38,442 INFO [hmilyTransaction-hmily-transaction-self-recovery-54][LogUtil.java:87] - self recovery execute delayTime:60
[wanxinp2p-consumer-service][${env:SERVER_PORT}] 2021-10-19 09:11:46,347 INFO [hmilyTransaction-hmily-transaction-self-recovery-73][LogUtil.java:87] - self recovery execute delayTime:60
[wanxinp2p-consumer-service][${env:SERVER_PORT}] 2021-10-19 09:11:55,551 INFO [hmilyTransaction-hmily-transaction-self-recovery-92][LogUtil.java:87] - self recovery execute delayTime:60
[wanxinp2p-consumer-service][${env:SERVER_PORT}] 2021-10-19 09:11:57,971 INFO [NettyClientSelector_1][Slf4jLoggerFactory.java:95] - closeChannel: close the connection to remote address[] result: true
[wanxinp2p-consumer-service][${env:SERVER_PORT}] 2021-10-19 09:11:58,394 INFO [NettyClientSelector_1][Slf4jLoggerFactory.java:95] - closeChannel: close the connection to remote address[] result: true
[wanxinp2p-consumer-service][${env:SERVER_PORT}] 2021-10-19 09:12:27,956 INFO [NettyClientSelector_1][Slf4jLoggerFactory.java:95] - closeChannel: close the connection to remote address[] result: true
[wanxinp2p-consumer-service][${env:SERVER_PORT}] 2021-10-19 09:12:28,409 INFO [NettyClientSelector_1][Slf4jLoggerFactory.java:95] - closeChannel: close the connection to remote address[] result: true
[wanxinp2p-consumer-service][${env:SERVER_PORT}] 2021-10-19 09:12:33,027 INFO [hmilyTransaction-hmily-transaction-self-recovery-18][LogUtil.java:87] - self recovery execute delayTime:60
[wanxinp2p-consumer-service][${env:SERVER_PORT}] 2021-10-19 09:12:33,121 INFO [hmilyTransaction-hmily-transaction-self-recovery-36][LogUtil.java:87] - self recovery execute delayTime:60
[wanxinp2p-consumer-service][${env:SERVER_PORT}] 2021-10-19 09:12:38,455 INFO [hmilyTransaction-hmily-transaction-self-recovery-54][LogUtil.java:87] - self recovery execute delayTime:60
[wanxinp2p-consumer-service][${env:SERVER_PORT}] 2021-10-19 09:12:46,351 INFO [hmilyTransaction-hmily-transaction-self-recovery-73][LogUtil.java:87] - self recovery execute delayTime:60
[wanxinp2p-consumer-service][${env:SERVER_PORT}] 2021-10-19 09:12:55,563 INFO [hmilyTransaction-hmily-transaction-self-recovery-92][LogUtil.java:87] - self recovery execute delayTime:60
[wanxinp2p-consumer-service][${env:SERVER_PORT}] 2021-10-19 09:12:57,974 INFO [NettyClientSelector_1][Slf4jLoggerFactory.java:95] - closeChannel: close the connection to remote address[] result: true
[wanxinp2p-consumer-service][${env:SERVER_PORT}] 2021-10-19 09:12:58,428 INFO [NettyClientSelector_1][Slf4jLoggerFactory.java:95] - closeChannel: close the connection to remote address[] result: true
[wanxinp2p-consumer-service][${env:SERVER_PORT}] 2021-10-19 09:13:02,176 DEBUG [http-nio-53050-exec-7][BaseJdbcLogger.java:159] - ==>  Preparing: SELECT ID,USERNAME,FULLNAME,ID_NUMBER,USER_NO,MOBILE,USER_TYPE,ROLE,AUTH_LIST,IS_BIND_CARD,STATUS,LOAN_AMOUNT,REQUEST_NO FROM consumer WHERE MOBILE = ? 
[wanxinp2p-consumer-service][${env:SERVER_PORT}] 2021-10-19 09:13:02,189 DEBUG [http-nio-53050-exec-7][BaseJdbcLogger.java:159] - ==> Parameters: 18266571181(String)
[wanxinp2p-consumer-service][${env:SERVER_PORT}] 2021-10-19 09:13:02,196 DEBUG [http-nio-53050-exec-7][BaseJdbcLogger.java:159] - <==      Total: 1
[wanxinp2p-consumer-service][${env:SERVER_PORT}] 2021-10-19 09:13:02,204 DEBUG [http-nio-53050-exec-7][BaseJdbcLogger.java:159] - ==>  Preparing: SELECT ID,CONSUMER_ID,BANK_CODE,BANK_NAME,CARD_NUMBER,MOBILE,STATUS FROM bank_card WHERE CARD_NUMBER = ? 
[wanxinp2p-consumer-service][${env:SERVER_PORT}] 2021-10-19 09:13:02,207 DEBUG [http-nio-53050-exec-7][BaseJdbcLogger.java:159] - ==> Parameters: 8888888(String)
[wanxinp2p-consumer-service][${env:SERVER_PORT}] 2021-10-19 09:13:02,214 DEBUG [http-nio-53050-exec-7][BaseJdbcLogger.java:159] - <==      Total: 1
[wanxinp2p-consumer-service][${env:SERVER_PORT}] 2021-10-19 09:13:02,238 DEBUG [http-nio-53050-exec-7][BaseJdbcLogger.java:159] - ==>  Preparing: UPDATE consumer SET USER_NO=?,REQUEST_NO=?,FULLNAME=?,ID_NUMBER=?,AUTH_LIST=? WHERE MOBILE = ? 
[wanxinp2p-consumer-service][${env:SERVER_PORT}] 2021-10-19 09:13:02,240 DEBUG [http-nio-53050-exec-7][BaseJdbcLogger.java:159] - ==> Parameters: USR_943BFF13B62C4405A0525E69B762CC43(String), REQ_A99EFD0059294306A9B9700D76DBEA56(String), 宋昊东(String), 888888(String), ALL(String), 18266571181(String)
[wanxinp2p-consumer-service][${env:SERVER_PORT}] 2021-10-19 09:13:02,241 DEBUG [http-nio-53050-exec-7][BaseJdbcLogger.java:159] - <==    Updates: 1
[wanxinp2p-consumer-service][${env:SERVER_PORT}] 2021-10-19 09:13:02,243 DEBUG [http-nio-53050-exec-7][BaseJdbcLogger.java:159] - ==>  Preparing: SELECT ID,CONSUMER_ID,BANK_CODE,BANK_NAME,CARD_NUMBER,MOBILE,STATUS FROM bank_card WHERE CONSUMER_ID = ? 
[wanxinp2p-consumer-service][${env:SERVER_PORT}] 2021-10-19 09:13:02,244 DEBUG [http-nio-53050-exec-7][BaseJdbcLogger.java:159] - ==> Parameters: 30(Long)
[wanxinp2p-consumer-service][${env:SERVER_PORT}] 2021-10-19 09:13:02,245 DEBUG [http-nio-53050-exec-7][BaseJdbcLogger.java:159] - <==      Total: 1
[wanxinp2p-consumer-service][${env:SERVER_PORT}] 2021-10-19 09:13:02,248 DEBUG [http-nio-53050-exec-7][BaseJdbcLogger.java:159] - ==>  Preparing: SELECT ID,CONSUMER_ID,BANK_CODE,BANK_NAME,CARD_NUMBER,MOBILE,STATUS FROM bank_card WHERE ID=? 
[wanxinp2p-consumer-service][${env:SERVER_PORT}] 2021-10-19 09:13:02,258 DEBUG [http-nio-53050-exec-7][BaseJdbcLogger.java:159] - ==> Parameters: 66(Long)
[wanxinp2p-consumer-service][${env:SERVER_PORT}] 2021-10-19 09:13:02,259 DEBUG [http-nio-53050-exec-7][BaseJdbcLogger.java:159] - <==      Total: 1
[wanxinp2p-consumer-service][${env:SERVER_PORT}] 2021-10-19 09:13:02,273 DEBUG [http-nio-53050-exec-7][BaseJdbcLogger.java:159] - ==>  Preparing: UPDATE bank_card SET CONSUMER_ID=?, BANK_CODE=?, CARD_NUMBER=?, MOBILE=?, STATUS=? WHERE ID=? 
[wanxinp2p-consumer-service][${env:SERVER_PORT}] 2021-10-19 09:13:02,275 DEBUG [http-nio-53050-exec-7][BaseJdbcLogger.java:159] - ==> Parameters: 30(Long), 888(String), 8888888(String), 18266571181(String), 0(Integer), 66(Long)
[wanxinp2p-consumer-service][${env:SERVER_PORT}] 2021-10-19 09:13:02,275 DEBUG [http-nio-53050-exec-7][BaseJdbcLogger.java:159] - <==    Updates: 1
[wanxinp2p-consumer-service][${env:SERVER_PORT}] 2021-10-19 09:13:27,946 INFO [NettyClientSelector_1][Slf4jLoggerFactory.java:95] - closeChannel: close the connection to remote address[] result: true
[wanxinp2p-consumer-service][${env:SERVER_PORT}] 2021-10-19 09:13:28,418 INFO [NettyClientSelector_1][Slf4jLoggerFactory.java:95] - closeChannel: close the connection to remote address[] result: true
[wanxinp2p-consumer-service][${env:SERVER_PORT}] 2021-10-19 09:13:33,028 INFO [hmilyTransaction-hmily-transaction-self-recovery-18][LogUtil.java:87] - self recovery execute delayTime:60
[wanxinp2p-consumer-service][${env:SERVER_PORT}] 2021-10-19 09:13:33,136 INFO [hmilyTransaction-hmily-transaction-self-recovery-36][LogUtil.java:87] - self recovery execute delayTime:60
[wanxinp2p-consumer-service][${env:SERVER_PORT}] 2021-10-19 09:13:37,502 INFO [AsyncResolver-bootstrap-executor-0][ConfigClusterResolver.java:43] - Resolving eureka endpoints via configuration
[wanxinp2p-consumer-service][${env:SERVER_PORT}] 2021-10-19 09:13:38,472 INFO [hmilyTransaction-hmily-transaction-self-recovery-54][LogUtil.java:87] - self recovery execute delayTime:60
[wanxinp2p-consumer-service][${env:SERVER_PORT}] 2021-10-19 09:13:46,366 INFO [hmilyTransaction-hmily-transaction-self-recovery-73][LogUtil.java:87] - self recovery execute delayTime:60
[wanxinp2p-consumer-service][${env:SERVER_PORT}] 2021-10-19 09:13:55,565 INFO [hmilyTransaction-hmily-transaction-self-recovery-92][LogUtil.java:87] - self recovery execute delayTime:60
[wanxinp2p-consumer-service][${env:SERVER_PORT}] 2021-10-19 09:13:57,942 INFO [NettyClientSelector_1][Slf4jLoggerFactory.java:95] - closeChannel: close the connection to remote address[] result: true
[wanxinp2p-consumer-service][${env:SERVER_PORT}] 2021-10-19 09:13:58,424 INFO [NettyClientSelector_1][Slf4jLoggerFactory.java:95] - closeChannel: close the connection to remote address[] result: true
[wanxinp2p-consumer-service][${env:SERVER_PORT}] 2021-10-19 09:14:27,952 INFO [NettyClientSelector_1][Slf4jLoggerFactory.java:95] - closeChannel: close the connection to remote address[] result: true
[wanxinp2p-consumer-service][${env:SERVER_PORT}] 2021-10-19 09:14:28,406 INFO [NettyClientSelector_1][Slf4jLoggerFactory.java:95] - closeChannel: close the connection to remote address[] result: true
[wanxinp2p-consumer-service][${env:SERVER_PORT}] 2021-10-19 09:14:33,038 INFO [hmilyTransaction-hmily-transaction-self-recovery-18][LogUtil.java:87] - self recovery execute delayTime:60
[wanxinp2p-consumer-service][${env:SERVER_PORT}] 2021-10-19 09:14:33,149 INFO [hmilyTransaction-hmily-transaction-self-recovery-36][LogUtil.java:87] - self recovery execute delayTime:60
[wanxinp2p-consumer-service][${env:SERVER_PORT}] 2021-10-19 09:14:38,475 INFO [hmilyTransaction-hmily-transaction-self-recovery-54][LogUtil.java:87] - self recovery execute delayTime:60
[wanxinp2p-consumer-service][${env:SERVER_PORT}] 2021-10-19 09:14:46,370 INFO [hmilyTransaction-hmily-transaction-self-recovery-73][LogUtil.java:87] - self recovery execute delayTime:60
[wanxinp2p-consumer-service][${env:SERVER_PORT}] 2021-10-19 09:14:55,579 INFO [hmilyTransaction-hmily-transaction-self-recovery-92][LogUtil.java:87] - self recovery execute delayTime:60
[wanxinp2p-consumer-service][${env:SERVER_PORT}] 2021-10-19 09:14:57,959 INFO [NettyClientSelector_1][Slf4jLoggerFactory.java:95] - closeChannel: close the connection to remote address[] result: true
[wanxinp2p-consumer-service][${env:SERVER_PORT}] 2021-10-19 09:14:58,412 INFO [NettyClientSelector_1][Slf4jLoggerFactory.java:95] - closeChannel: close the connection to remote address[] result: true
[wanxinp2p-consumer-service][${env:SERVER_PORT}] 2021-10-19 09:15:27,944 INFO [NettyClientSelector_1][Slf4jLoggerFactory.java:95] - closeChannel: close the connection to remote address[] result: true
[wanxinp2p-consumer-service][${env:SERVER_PORT}] 2021-10-19 09:15:28,410 INFO [NettyClientSelector_1][Slf4jLoggerFactory.java:95] - closeChannel: close the connection to remote address[] result: true
[wanxinp2p-consumer-service][${env:SERVER_PORT}] 2021-10-19 09:15:33,050 INFO [hmilyTransaction-hmily-transaction-self-recovery-18][LogUtil.java:87] - self recovery execute delayTime:60
[wanxinp2p-consumer-service][${env:SERVER_PORT}] 2021-10-19 09:15:33,161 INFO [hmilyTransaction-hmily-transaction-self-recovery-36][LogUtil.java:87] - self recovery execute delayTime:60
[wanxinp2p-consumer-service][${env:SERVER_PORT}] 2021-10-19 09:15:38,487 INFO [hmilyTransaction-hmily-transaction-self-recovery-54][LogUtil.java:87] - self recovery execute delayTime:60
[wanxinp2p-consumer-service][${env:SERVER_PORT}] 2021-10-19 09:15:46,386 INFO [hmilyTransaction-hmily-transaction-self-recovery-73][LogUtil.java:87] - self recovery execute delayTime:60
[wanxinp2p-consumer-service][${env:SERVER_PORT}] 2021-10-19 09:15:55,596 INFO [hmilyTransaction-hmily-transaction-self-recovery-92][LogUtil.java:87] - self recovery execute delayTime:60
[wanxinp2p-consumer-service][${env:SERVER_PORT}] 2021-10-19 09:15:57,954 INFO [NettyClientSelector_1][Slf4jLoggerFactory.java:95] - closeChannel: close the connection to remote address[] result: true
[wanxinp2p-consumer-service][${env:SERVER_PORT}] 2021-10-19 09:15:58,394 INFO [NettyClientSelector_1][Slf4jLoggerFactory.java:95] - closeChannel: close the connection to remote address[] result: true
[wanxinp2p-consumer-service][${env:SERVER_PORT}] 2021-10-19 09:16:27,988 INFO [NettyClientSelector_1][Slf4jLoggerFactory.java:95] - closeChannel: close the connection to remote address[] result: true
[wanxinp2p-consumer-service][${env:SERVER_PORT}] 2021-10-19 09:16:28,415 INFO [NettyClientSelector_1][Slf4jLoggerFactory.java:95] - closeChannel: close the connection to remote address[] result: true
[wanxinp2p-consumer-service][${env:SERVER_PORT}] 2021-10-19 09:16:33,066 INFO [hmilyTransaction-hmily-transaction-self-recovery-18][LogUtil.java:87] - self recovery execute delayTime:60
[wanxinp2p-consumer-service][${env:SERVER_PORT}] 2021-10-19 09:16:33,175 INFO [hmilyTransaction-hmily-transaction-self-recovery-36][LogUtil.java:87] - self recovery execute delayTime:60
[wanxinp2p-consumer-service][${env:SERVER_PORT}] 2021-10-19 09:16:38,502 INFO [hmilyTransaction-hmily-transaction-self-recovery-54][LogUtil.java:87] - self recovery execute delayTime:60
[wanxinp2p-consumer-service][${env:SERVER_PORT}] 2021-10-19 09:16:46,392 INFO [hmilyTransaction-hmily-transaction-self-recovery-73][LogUtil.java:87] - self recovery execute delayTime:60
[wanxinp2p-consumer-service][${env:SERVER_PORT}] 2021-10-19 09:16:55,597 INFO [hmilyTransaction-hmily-transaction-self-recovery-92][LogUtil.java:87] - self recovery execute delayTime:60
[wanxinp2p-consumer-service][${env:SERVER_PORT}] 2021-10-19 09:16:57,942 INFO [NettyClientSelector_1][Slf4jLoggerFactory.java:95] - closeChannel: close the connection to remote address[] result: true
[wanxinp2p-consumer-service][${env:SERVER_PORT}] 2021-10-19 09:16:58,398 INFO [NettyClientSelector_1][Slf4jLoggerFactory.java:95] - closeChannel: close the connection to remote address[] result: true
[wanxinp2p-consumer-service][${env:SERVER_PORT}] 2021-10-19 09:17:27,939 INFO [NettyClientSelector_1][Slf4jLoggerFactory.java:95] - closeChannel: close the connection to remote address[] result: true
[wanxinp2p-consumer-service][${env:SERVER_PORT}] 2021-10-19 09:17:28,395 INFO [NettyClientSelector_1][Slf4jLoggerFactory.java:95] - closeChannel: close the connection to remote address[] result: true
