[wanxinp2p-gateway-server][${env:SERVER_PORT}] 2021-10-19 08:36:51,158 INFO [main][DefaultApplicationProvider.java:85] - App ID is set to gateway-server by app.id property from System Property
[wanxinp2p-gateway-server][${env:SERVER_PORT}] 2021-10-19 08:36:51,162 INFO [main][DefaultServerProvider.java:108] - Environment is set to [dev] by JVM system property 'env'.
[wanxinp2p-gateway-server][${env:SERVER_PORT}] 2021-10-19 08:36:51,191 WARN [main][DefaultMetaServerProvider.java:39] - Could not find meta server address, because it is not available in neither (1) JVM system property 'apollo.meta', (2) OS env variable 'APOLLO_META' (3) property 'apollo.meta' from server.properties nor (4) property 'apollo.meta' from app.properties
[wanxinp2p-gateway-server][${env:SERVER_PORT}] 2021-10-19 08:36:51,197 INFO [main][MetaDomainConsts.java:93] - Located meta server address http://localhost:8080 for env DEV from com.ctrip.framework.apollo.core.internals.LegacyMetaServerProvider
[wanxinp2p-gateway-server][${env:SERVER_PORT}] 2021-10-19 08:36:51,706 INFO [main][SpringApplication.java:675] - No active profile set, falling back to default profiles: default
[wanxinp2p-gateway-server][${env:SERVER_PORT}] 2021-10-19 08:36:52,733 INFO [main][RepositoryConfigurationDelegate.java:244] - Multiple Spring Data modules found, entering strict repository configuration mode!
[wanxinp2p-gateway-server][${env:SERVER_PORT}] 2021-10-19 08:36:52,737 INFO [main][RepositoryConfigurationDelegate.java:126] - Bootstrapping Spring Data repositories in DEFAULT mode.
[wanxinp2p-gateway-server][${env:SERVER_PORT}] 2021-10-19 08:36:52,774 INFO [main][RepositoryConfigurationDelegate.java:182] - Finished Spring Data repository scanning in 17ms. Found 0 repository interfaces.
[wanxinp2p-gateway-server][${env:SERVER_PORT}] 2021-10-19 08:36:52,930 WARN [main][EndpointId.java:135] - Endpoint ID 'service-registry' contains invalid characters, please migrate to a valid format.
[wanxinp2p-gateway-server][${env:SERVER_PORT}] 2021-10-19 08:36:52,941 WARN [main][EndpointId.java:135] - Endpoint ID 'hystrix.stream' contains invalid characters, please migrate to a valid format.
[wanxinp2p-gateway-server][${env:SERVER_PORT}] 2021-10-19 08:36:53,050 INFO [main][ConfigurationClassPostProcessor.java:380] - Cannot enhance @Configuration bean definition 'com.ctrip.framework.apollo.spring.boot.ApolloAutoConfiguration' since its singleton instance has been created too early. The typical cause is a non-static @Bean method with a BeanDefinitionRegistryPostProcessor return type: Consider declaring such methods as 'static'.
[wanxinp2p-gateway-server][${env:SERVER_PORT}] 2021-10-19 08:36:53,182 INFO [main][GenericScope.java:294] - BeanFactory id=35c34590-296c-35f3-b64d-d790178416e4
[wanxinp2p-gateway-server][${env:SERVER_PORT}] 2021-10-19 08:36:53,202 WARN [main][PropertySourcesDeducer.java:75] - Multiple PropertySourcesPlaceholderConfigurer beans registered [propertySourcesPlaceholderConfigurer, org.springframework.context.support.PropertySourcesPlaceholderConfigurer], falling back to Environment
[wanxinp2p-gateway-server][${env:SERVER_PORT}] 2021-10-19 08:36:53,496 INFO [main][PostProcessorRegistrationDelegate.java:330] - Bean 'org.springframework.cloud.autoconfigure.ConfigurationPropertiesRebinderAutoConfiguration' of type [org.springframework.cloud.autoconfigure.ConfigurationPropertiesRebinderAutoConfiguration$$EnhancerBySpringCGLIB$$b569d054] is not eligible for getting processed by all BeanPostProcessors (for example: not eligible for auto-proxying)
[wanxinp2p-gateway-server][${env:SERVER_PORT}] 2021-10-19 08:36:53,844 INFO [main][TomcatWebServer.java:90] - Tomcat initialized with port(s): 53010 (http)
[wanxinp2p-gateway-server][${env:SERVER_PORT}] 2021-10-19 08:36:53,863 INFO [main][DirectJDKLog.java:173] - Initializing ProtocolHandler ["http-nio-53010"]
[wanxinp2p-gateway-server][${env:SERVER_PORT}] 2021-10-19 08:36:53,873 INFO [main][DirectJDKLog.java:173] - Starting service [Tomcat]
[wanxinp2p-gateway-server][${env:SERVER_PORT}] 2021-10-19 08:36:53,873 INFO [main][DirectJDKLog.java:173] - Starting Servlet engine: [Apache Tomcat/9.0.16]
[wanxinp2p-gateway-server][${env:SERVER_PORT}] 2021-10-19 08:36:53,881 INFO [main][DirectJDKLog.java:173] - The APR based Apache Tomcat Native library which allows optimal performance in production environments was not found on the java.library.path: [C:\Program Files\Java\jdk1.8.0_291\bin;C:\WINDOWS\Sun\Java\bin;C:\WINDOWS\system32;C:\WINDOWS;D:\java\Maven\apache-maven-3.6.3\bin;C:\mysql-5.7.26-winx64\bin;C:\Program Files\Java\jdk1.8.0_291\bin;C:\Program Files (x86)\Common Files\Oracle\Java\javapath;C:\WINDOWS\system32;C:\WINDOWS;C:\WINDOWS\System32\Wbem;C:\WINDOWS\System32\WindowsPowerShell\v1.0\;C:\WINDOWS\System32\OpenSSH\;C:\Program Files\NVIDIA Corporation\NVIDIA NvDLISR;C:\Program Files (x86)\NVIDIA Corporation\PhysX\Common;C:\Users\12715\AppData\Local\Microsoft\WindowsApps;;.]
[wanxinp2p-gateway-server][${env:SERVER_PORT}] 2021-10-19 08:36:54,111 INFO [main][DirectJDKLog.java:173] - Initializing Spring embedded WebApplicationContext
[wanxinp2p-gateway-server][${env:SERVER_PORT}] 2021-10-19 08:36:54,111 INFO [main][ServletWebServerApplicationContext.java:296] - Root WebApplicationContext: initialization completed in 2379 ms
[wanxinp2p-gateway-server][${env:SERVER_PORT}] 2021-10-19 08:36:54,229 WARN [main][URLConfigurationSource.java:121] - No URLs will be polled as dynamic configuration sources.
[wanxinp2p-gateway-server][${env:SERVER_PORT}] 2021-10-19 08:36:54,230 INFO [main][URLConfigurationSource.java:122] - To enable URLs as dynamic configuration sources, define System property archaius.configurationSource.additionalUrls or make config.properties available on classpath.
[wanxinp2p-gateway-server][${env:SERVER_PORT}] 2021-10-19 08:36:54,241 INFO [main][DynamicPropertyFactory.java:281] - DynamicPropertyFactory is initialized with configuration sources: com.netflix.config.ConcurrentCompositeConfiguration@7b9088f2
[wanxinp2p-gateway-server][${env:SERVER_PORT}] 2021-10-19 08:36:55,911 WARN [main][JwtAccessTokenConverter.java:302] - Unable to create an RSA verifier from verifierKey (ignoreable if using MAC)
[wanxinp2p-gateway-server][${env:SERVER_PORT}] 2021-10-19 08:36:56,013 WARN [main][URLConfigurationSource.java:121] - No URLs will be polled as dynamic configuration sources.
[wanxinp2p-gateway-server][${env:SERVER_PORT}] 2021-10-19 08:36:56,013 INFO [main][URLConfigurationSource.java:122] - To enable URLs as dynamic configuration sources, define System property archaius.configurationSource.additionalUrls or make config.properties available on classpath.
[wanxinp2p-gateway-server][${env:SERVER_PORT}] 2021-10-19 08:36:56,231 INFO [main][ExecutorConfigurationSupport.java:171] - Initializing ExecutorService 'applicationTaskExecutor'
[wanxinp2p-gateway-server][${env:SERVER_PORT}] 2021-10-19 08:36:56,656 INFO [main][UserDetailsServiceAutoConfiguration.java:86] - 

Using generated security password: 5a8e1e3c-e50c-4695-9089-29dbb401bd7e

[wanxinp2p-gateway-server][${env:SERVER_PORT}] 2021-10-19 08:36:56,808 INFO [main][DefaultSecurityFilterChain.java:43] - Creating filter chain: any request, [org.springframework.security.web.context.request.async.WebAsyncManagerIntegrationFilter@590dea35, org.springframework.security.web.context.SecurityContextPersistenceFilter@29699283, org.springframework.security.web.header.HeaderWriterFilter@2a54c92e, org.springframework.security.web.authentication.logout.LogoutFilter@66863941, org.springframework.security.oauth2.provider.authentication.OAuth2AuthenticationProcessingFilter@6cde0c69, org.springframework.security.web.savedrequest.RequestCacheAwareFilter@a6dffdb, org.springframework.security.web.servletapi.SecurityContextHolderAwareRequestFilter@c4551c6, org.springframework.security.web.authentication.AnonymousAuthenticationFilter@6550ce46, org.springframework.security.web.session.SessionManagementFilter@4f676900, org.springframework.security.web.access.ExceptionTranslationFilter@343d1d25, org.springframework.security.web.access.intercept.FilterSecurityInterceptor@55881f40]
[wanxinp2p-gateway-server][${env:SERVER_PORT}] 2021-10-19 08:36:56,950 INFO [main][EndpointLinksResolver.java:59] - Exposing 2 endpoint(s) beneath base path '/actuator'
[wanxinp2p-gateway-server][${env:SERVER_PORT}] 2021-10-19 08:36:57,970 INFO [main][ZuulFilterInitializer.java:65] - Starting filter initializer
[wanxinp2p-gateway-server][${env:SERVER_PORT}] 2021-10-19 08:36:58,196 INFO [main][InstanceInfoFactory.java:71] - Setting initial instance status as: STARTING
[wanxinp2p-gateway-server][${env:SERVER_PORT}] 2021-10-19 08:36:58,238 INFO [main][DiscoveryClient.java:349] - Initializing Eureka in region us-east-1
[wanxinp2p-gateway-server][${env:SERVER_PORT}] 2021-10-19 08:36:58,295 INFO [main][DiscoveryJerseyProvider.java:70] - Using JSON encoding codec LegacyJacksonJson
[wanxinp2p-gateway-server][${env:SERVER_PORT}] 2021-10-19 08:36:58,296 INFO [main][DiscoveryJerseyProvider.java:71] - Using JSON decoding codec LegacyJacksonJson
[wanxinp2p-gateway-server][${env:SERVER_PORT}] 2021-10-19 08:36:58,399 INFO [main][DiscoveryJerseyProvider.java:80] - Using XML encoding codec XStreamXml
[wanxinp2p-gateway-server][${env:SERVER_PORT}] 2021-10-19 08:36:58,399 INFO [main][DiscoveryJerseyProvider.java:81] - Using XML decoding codec XStreamXml
[wanxinp2p-gateway-server][${env:SERVER_PORT}] 2021-10-19 08:36:58,674 INFO [main][ConfigClusterResolver.java:43] - Resolving eureka endpoints via configuration
[wanxinp2p-gateway-server][${env:SERVER_PORT}] 2021-10-19 08:36:58,979 INFO [main][DiscoveryClient.java:958] - Disable delta property : false
[wanxinp2p-gateway-server][${env:SERVER_PORT}] 2021-10-19 08:36:58,979 INFO [main][DiscoveryClient.java:959] - Single vip registry refresh property : null
[wanxinp2p-gateway-server][${env:SERVER_PORT}] 2021-10-19 08:36:58,980 INFO [main][DiscoveryClient.java:960] - Force full registry fetch : false
[wanxinp2p-gateway-server][${env:SERVER_PORT}] 2021-10-19 08:36:58,980 INFO [main][DiscoveryClient.java:961] - Application is null : false
[wanxinp2p-gateway-server][${env:SERVER_PORT}] 2021-10-19 08:36:58,981 INFO [main][DiscoveryClient.java:962] - Registered Applications size is zero : true
[wanxinp2p-gateway-server][${env:SERVER_PORT}] 2021-10-19 08:36:58,981 INFO [main][DiscoveryClient.java:964] - Application version is -1: true
[wanxinp2p-gateway-server][${env:SERVER_PORT}] 2021-10-19 08:36:58,982 INFO [main][DiscoveryClient.java:1047] - Getting all instance registry info from the eureka server
[wanxinp2p-gateway-server][${env:SERVER_PORT}] 2021-10-19 08:36:59,427 INFO [main][DiscoveryClient.java:1056] - The response status is 200
[wanxinp2p-gateway-server][${env:SERVER_PORT}] 2021-10-19 08:36:59,432 INFO [main][DiscoveryClient.java:1270] - Starting heartbeat executor: renew interval is: 30
[wanxinp2p-gateway-server][${env:SERVER_PORT}] 2021-10-19 08:36:59,442 INFO [main][InstanceInfoReplicator.java:60] - InstanceInfoReplicator onDemand update allowed rate per min is 4
[wanxinp2p-gateway-server][${env:SERVER_PORT}] 2021-10-19 08:36:59,451 INFO [main][DiscoveryClient.java:449] - Discovery Client initialized at timestamp 1634603819449 with initial instances count: 0
[wanxinp2p-gateway-server][${env:SERVER_PORT}] 2021-10-19 08:36:59,455 INFO [main][EurekaServiceRegistry.java:42] - Registering application GATEWAY-SERVER with eureka with status UP
[wanxinp2p-gateway-server][${env:SERVER_PORT}] 2021-10-19 08:36:59,457 INFO [main][DiscoveryClient.java:1305] - Saw local status change event StatusChangeEvent [timestamp=1634603819457, current=UP, previous=STARTING]
[wanxinp2p-gateway-server][${env:SERVER_PORT}] 2021-10-19 08:36:59,470 INFO [DiscoveryClient-InstanceInfoReplicator-0][DiscoveryClient.java:826] - DiscoveryClient_GATEWAY-SERVER/gateway-server:192.168.0.13:53010: registering service...
[wanxinp2p-gateway-server][${env:SERVER_PORT}] 2021-10-19 08:36:59,499 INFO [main][DirectJDKLog.java:173] - Starting ProtocolHandler ["http-nio-53010"]
[wanxinp2p-gateway-server][${env:SERVER_PORT}] 2021-10-19 08:36:59,558 INFO [main][TomcatWebServer.java:204] - Tomcat started on port(s): 53010 (http) with context path ''
[wanxinp2p-gateway-server][${env:SERVER_PORT}] 2021-10-19 08:36:59,560 INFO [main][EurekaAutoServiceRegistration.java:141] - Updating port to 53010
[wanxinp2p-gateway-server][${env:SERVER_PORT}] 2021-10-19 08:36:59,563 INFO [main][StartupInfoLogger.java:59] - Started GatewayServer in 9.878 seconds (JVM running for 12.537)
[wanxinp2p-gateway-server][${env:SERVER_PORT}] 2021-10-19 08:36:59,679 INFO [DiscoveryClient-InstanceInfoReplicator-0][DiscoveryClient.java:835] - DiscoveryClient_GATEWAY-SERVER/gateway-server:192.168.0.13:53010 - registration status: 204
[wanxinp2p-gateway-server][${env:SERVER_PORT}] 2021-10-19 08:37:00,699 INFO [RMI TCP Connection(5)-192.168.0.13][DirectJDKLog.java:173] - Initializing Spring DispatcherServlet 'dispatcherServlet'
[wanxinp2p-gateway-server][${env:SERVER_PORT}] 2021-10-19 08:37:00,699 INFO [RMI TCP Connection(5)-192.168.0.13][FrameworkServlet.java:524] - Initializing Servlet 'dispatcherServlet'
[wanxinp2p-gateway-server][${env:SERVER_PORT}] 2021-10-19 08:37:00,715 INFO [RMI TCP Connection(5)-192.168.0.13][FrameworkServlet.java:546] - Completed initialization in 15 ms
[wanxinp2p-gateway-server][${env:SERVER_PORT}] 2021-10-19 08:37:00,969 INFO [RMI TCP Connection(6)-192.168.0.13][EpollProvider.java:68] - Starting without optional epoll library
[wanxinp2p-gateway-server][${env:SERVER_PORT}] 2021-10-19 08:37:00,971 INFO [RMI TCP Connection(6)-192.168.0.13][KqueueProvider.java:70] - Starting without optional kqueue library
[wanxinp2p-gateway-server][${env:SERVER_PORT}] 2021-10-19 08:37:29,440 INFO [DiscoveryClient-CacheRefreshExecutor-0][DiscoveryClient.java:958] - Disable delta property : false
[wanxinp2p-gateway-server][${env:SERVER_PORT}] 2021-10-19 08:37:29,441 INFO [DiscoveryClient-CacheRefreshExecutor-0][DiscoveryClient.java:959] - Single vip registry refresh property : null
[wanxinp2p-gateway-server][${env:SERVER_PORT}] 2021-10-19 08:37:29,441 INFO [DiscoveryClient-CacheRefreshExecutor-0][DiscoveryClient.java:960] - Force full registry fetch : false
[wanxinp2p-gateway-server][${env:SERVER_PORT}] 2021-10-19 08:37:29,441 INFO [DiscoveryClient-CacheRefreshExecutor-0][DiscoveryClient.java:961] - Application is null : false
[wanxinp2p-gateway-server][${env:SERVER_PORT}] 2021-10-19 08:37:29,441 INFO [DiscoveryClient-CacheRefreshExecutor-0][DiscoveryClient.java:962] - Registered Applications size is zero : true
[wanxinp2p-gateway-server][${env:SERVER_PORT}] 2021-10-19 08:37:29,441 INFO [DiscoveryClient-CacheRefreshExecutor-0][DiscoveryClient.java:964] - Application version is -1: false
[wanxinp2p-gateway-server][${env:SERVER_PORT}] 2021-10-19 08:37:29,441 INFO [DiscoveryClient-CacheRefreshExecutor-0][DiscoveryClient.java:1047] - Getting all instance registry info from the eureka server
[wanxinp2p-gateway-server][${env:SERVER_PORT}] 2021-10-19 08:37:29,473 INFO [DiscoveryClient-CacheRefreshExecutor-0][DiscoveryClient.java:1056] - The response status is 200
[wanxinp2p-gateway-server][${env:SERVER_PORT}] 2021-10-19 08:41:59,001 INFO [AsyncResolver-bootstrap-executor-0][ConfigClusterResolver.java:43] - Resolving eureka endpoints via configuration
[wanxinp2p-gateway-server][${env:SERVER_PORT}] 2021-10-19 08:42:21,380 INFO [http-nio-53010-exec-2][ChainedDynamicProperty.java:115] - Flipping property: consumer-service.ribbon.ActiveConnectionsLimit to use NEXT property: niws.loadbalancer.availabilityFilteringRule.activeConnectionsLimit = 2147483647
[wanxinp2p-gateway-server][${env:SERVER_PORT}] 2021-10-19 08:42:21,412 INFO [http-nio-53010-exec-2][ShutdownEnabledTimer.java:58] - Shutdown hook installed for: NFLoadBalancer-PingTimer-consumer-service
[wanxinp2p-gateway-server][${env:SERVER_PORT}] 2021-10-19 08:42:21,413 INFO [http-nio-53010-exec-2][BaseLoadBalancer.java:197] - Client: consumer-service instantiated a LoadBalancer: DynamicServerListLoadBalancer:{NFLoadBalancer:name=consumer-service,current list of Servers=[],Load balancer stats=Zone stats: {},Server stats: []}ServerList:null
[wanxinp2p-gateway-server][${env:SERVER_PORT}] 2021-10-19 08:42:21,438 INFO [http-nio-53010-exec-2][DynamicServerListLoadBalancer.java:222] - Using serverListUpdater PollingServerListUpdater
[wanxinp2p-gateway-server][${env:SERVER_PORT}] 2021-10-19 08:42:21,491 INFO [http-nio-53010-exec-2][ChainedDynamicProperty.java:115] - Flipping property: consumer-service.ribbon.ActiveConnectionsLimit to use NEXT property: niws.loadbalancer.availabilityFilteringRule.activeConnectionsLimit = 2147483647
[wanxinp2p-gateway-server][${env:SERVER_PORT}] 2021-10-19 08:42:21,495 INFO [http-nio-53010-exec-2][DynamicServerListLoadBalancer.java:150] - DynamicServerListLoadBalancer for client consumer-service initialized: DynamicServerListLoadBalancer:{NFLoadBalancer:name=consumer-service,current list of Servers=[192.168.0.13:53050],Load balancer stats=Zone stats: {defaultzone=[Zone:defaultzone;	Instance count:1;	Active connections count: 0;	Circuit breaker tripped count: 0;	Active connections per server: 0.0;]
},Server stats: [[Server:192.168.0.13:53050;	Zone:defaultZone;	Total Requests:0;	Successive connection failure:0;	Total blackout seconds:0;	Last connection made:Thu Jan 01 08:00:00 CST 1970;	First connection made: Thu Jan 01 08:00:00 CST 1970;	Active Connections:0;	total failure count in last (1000) msecs:0;	average resp time:0.0;	90 percentile resp time:0.0;	95 percentile resp time:0.0;	min resp time:0.0;	max resp time:0.0;	stddev resp time:0.0]
]}ServerList:org.springframework.cloud.netflix.ribbon.eureka.DomainExtractingServerList@2141809e
[wanxinp2p-gateway-server][${env:SERVER_PORT}] 2021-10-19 08:42:21,562 WARN [http-nio-53010-exec-2][AbstractRibbonCommand.java:115] - The Hystrix timeout of 93000ms for the command consumer-service is set lower than the combination of the Ribbon read and connect timeout, 104000ms.
[wanxinp2p-gateway-server][${env:SERVER_PORT}] 2021-10-19 08:42:22,754 INFO [PollingServerListUpdater-0][ChainedDynamicProperty.java:115] - Flipping property: consumer-service.ribbon.ActiveConnectionsLimit to use NEXT property: niws.loadbalancer.availabilityFilteringRule.activeConnectionsLimit = 2147483647
[wanxinp2p-gateway-server][${env:SERVER_PORT}] 2021-10-19 08:43:26,490 INFO [http-nio-53010-exec-1][ChainedDynamicProperty.java:115] - Flipping property: account-service.ribbon.ActiveConnectionsLimit to use NEXT property: niws.loadbalancer.availabilityFilteringRule.activeConnectionsLimit = 2147483647
[wanxinp2p-gateway-server][${env:SERVER_PORT}] 2021-10-19 08:43:26,496 INFO [http-nio-53010-exec-1][ShutdownEnabledTimer.java:58] - Shutdown hook installed for: NFLoadBalancer-PingTimer-account-service
[wanxinp2p-gateway-server][${env:SERVER_PORT}] 2021-10-19 08:43:26,496 INFO [http-nio-53010-exec-1][BaseLoadBalancer.java:197] - Client: account-service instantiated a LoadBalancer: DynamicServerListLoadBalancer:{NFLoadBalancer:name=account-service,current list of Servers=[],Load balancer stats=Zone stats: {},Server stats: []}ServerList:null
[wanxinp2p-gateway-server][${env:SERVER_PORT}] 2021-10-19 08:43:26,499 INFO [http-nio-53010-exec-1][DynamicServerListLoadBalancer.java:222] - Using serverListUpdater PollingServerListUpdater
[wanxinp2p-gateway-server][${env:SERVER_PORT}] 2021-10-19 08:43:26,502 INFO [http-nio-53010-exec-1][ChainedDynamicProperty.java:115] - Flipping property: account-service.ribbon.ActiveConnectionsLimit to use NEXT property: niws.loadbalancer.availabilityFilteringRule.activeConnectionsLimit = 2147483647
[wanxinp2p-gateway-server][${env:SERVER_PORT}] 2021-10-19 08:43:26,504 INFO [http-nio-53010-exec-1][DynamicServerListLoadBalancer.java:150] - DynamicServerListLoadBalancer for client account-service initialized: DynamicServerListLoadBalancer:{NFLoadBalancer:name=account-service,current list of Servers=[192.168.0.13:53030],Load balancer stats=Zone stats: {defaultzone=[Zone:defaultzone;	Instance count:1;	Active connections count: 0;	Circuit breaker tripped count: 0;	Active connections per server: 0.0;]
},Server stats: [[Server:192.168.0.13:53030;	Zone:defaultZone;	Total Requests:0;	Successive connection failure:0;	Total blackout seconds:0;	Last connection made:Thu Jan 01 08:00:00 CST 1970;	First connection made: Thu Jan 01 08:00:00 CST 1970;	Active Connections:0;	total failure count in last (1000) msecs:0;	average resp time:0.0;	90 percentile resp time:0.0;	95 percentile resp time:0.0;	min resp time:0.0;	max resp time:0.0;	stddev resp time:0.0]
]}ServerList:org.springframework.cloud.netflix.ribbon.eureka.DomainExtractingServerList@4e2eb632
[wanxinp2p-gateway-server][${env:SERVER_PORT}] 2021-10-19 08:43:26,516 WARN [http-nio-53010-exec-1][AbstractRibbonCommand.java:115] - The Hystrix timeout of 93000ms for the command account-service is set lower than the combination of the Ribbon read and connect timeout, 104000ms.
[wanxinp2p-gateway-server][${env:SERVER_PORT}] 2021-10-19 08:43:27,514 INFO [PollingServerListUpdater-0][ChainedDynamicProperty.java:115] - Flipping property: account-service.ribbon.ActiveConnectionsLimit to use NEXT property: niws.loadbalancer.availabilityFilteringRule.activeConnectionsLimit = 2147483647
[wanxinp2p-gateway-server][${env:SERVER_PORT}] 2021-10-19 08:43:43,351 WARN [http-nio-53010-exec-9][AbstractRibbonCommand.java:115] - The Hystrix timeout of 93000ms for the command account-service is set lower than the combination of the Ribbon read and connect timeout, 104000ms.
[wanxinp2p-gateway-server][${env:SERVER_PORT}] 2021-10-19 08:43:44,026 WARN [http-nio-53010-exec-3][AbstractRibbonCommand.java:115] - The Hystrix timeout of 93000ms for the command consumer-service is set lower than the combination of the Ribbon read and connect timeout, 104000ms.
[wanxinp2p-gateway-server][${env:SERVER_PORT}] 2021-10-19 08:43:47,795 INFO [http-nio-53010-exec-2][ChainedDynamicProperty.java:115] - Flipping property: uaa-service.ribbon.ActiveConnectionsLimit to use NEXT property: niws.loadbalancer.availabilityFilteringRule.activeConnectionsLimit = 2147483647
[wanxinp2p-gateway-server][${env:SERVER_PORT}] 2021-10-19 08:43:47,797 INFO [http-nio-53010-exec-2][ShutdownEnabledTimer.java:58] - Shutdown hook installed for: NFLoadBalancer-PingTimer-uaa-service
[wanxinp2p-gateway-server][${env:SERVER_PORT}] 2021-10-19 08:43:47,797 INFO [http-nio-53010-exec-2][BaseLoadBalancer.java:197] - Client: uaa-service instantiated a LoadBalancer: DynamicServerListLoadBalancer:{NFLoadBalancer:name=uaa-service,current list of Servers=[],Load balancer stats=Zone stats: {},Server stats: []}ServerList:null
[wanxinp2p-gateway-server][${env:SERVER_PORT}] 2021-10-19 08:43:47,798 INFO [http-nio-53010-exec-2][DynamicServerListLoadBalancer.java:222] - Using serverListUpdater PollingServerListUpdater
[wanxinp2p-gateway-server][${env:SERVER_PORT}] 2021-10-19 08:43:47,800 INFO [http-nio-53010-exec-2][ChainedDynamicProperty.java:115] - Flipping property: uaa-service.ribbon.ActiveConnectionsLimit to use NEXT property: niws.loadbalancer.availabilityFilteringRule.activeConnectionsLimit = 2147483647
[wanxinp2p-gateway-server][${env:SERVER_PORT}] 2021-10-19 08:43:47,801 INFO [http-nio-53010-exec-2][DynamicServerListLoadBalancer.java:150] - DynamicServerListLoadBalancer for client uaa-service initialized: DynamicServerListLoadBalancer:{NFLoadBalancer:name=uaa-service,current list of Servers=[192.168.0.13:53020],Load balancer stats=Zone stats: {defaultzone=[Zone:defaultzone;	Instance count:1;	Active connections count: 0;	Circuit breaker tripped count: 0;	Active connections per server: 0.0;]
},Server stats: [[Server:192.168.0.13:53020;	Zone:defaultZone;	Total Requests:0;	Successive connection failure:0;	Total blackout seconds:0;	Last connection made:Thu Jan 01 08:00:00 CST 1970;	First connection made: Thu Jan 01 08:00:00 CST 1970;	Active Connections:0;	total failure count in last (1000) msecs:0;	average resp time:0.0;	90 percentile resp time:0.0;	95 percentile resp time:0.0;	min resp time:0.0;	max resp time:0.0;	stddev resp time:0.0]
]}ServerList:org.springframework.cloud.netflix.ribbon.eureka.DomainExtractingServerList@758221cb
[wanxinp2p-gateway-server][${env:SERVER_PORT}] 2021-10-19 08:43:47,807 WARN [http-nio-53010-exec-2][AbstractRibbonCommand.java:115] - The Hystrix timeout of 93000ms for the command uaa-service is set lower than the combination of the Ribbon read and connect timeout, 104000ms.
[wanxinp2p-gateway-server][${env:SERVER_PORT}] 2021-10-19 08:43:48,804 INFO [PollingServerListUpdater-1][ChainedDynamicProperty.java:115] - Flipping property: uaa-service.ribbon.ActiveConnectionsLimit to use NEXT property: niws.loadbalancer.availabilityFilteringRule.activeConnectionsLimit = 2147483647
[wanxinp2p-gateway-server][${env:SERVER_PORT}] 2021-10-19 08:43:50,280 WARN [http-nio-53010-exec-7][AbstractRibbonCommand.java:115] - The Hystrix timeout of 93000ms for the command consumer-service is set lower than the combination of the Ribbon read and connect timeout, 104000ms.
[wanxinp2p-gateway-server][${env:SERVER_PORT}] 2021-10-19 08:44:03,417 WARN [http-nio-53010-exec-8][AbstractRibbonCommand.java:115] - The Hystrix timeout of 93000ms for the command consumer-service is set lower than the combination of the Ribbon read and connect timeout, 104000ms.
[wanxinp2p-gateway-server][${env:SERVER_PORT}] 2021-10-19 08:44:24,850 WARN [http-nio-53010-exec-1][AbstractRibbonCommand.java:115] - The Hystrix timeout of 93000ms for the command consumer-service is set lower than the combination of the Ribbon read and connect timeout, 104000ms.
[wanxinp2p-gateway-server][${env:SERVER_PORT}] 2021-10-19 08:44:41,200 WARN [http-nio-53010-exec-3][AbstractRibbonCommand.java:115] - The Hystrix timeout of 93000ms for the command consumer-service is set lower than the combination of the Ribbon read and connect timeout, 104000ms.
[wanxinp2p-gateway-server][${env:SERVER_PORT}] 2021-10-19 08:44:41,205 WARN [http-nio-53010-exec-8][AbstractRibbonCommand.java:115] - The Hystrix timeout of 93000ms for the command consumer-service is set lower than the combination of the Ribbon read and connect timeout, 104000ms.
[wanxinp2p-gateway-server][${env:SERVER_PORT}] 2021-10-19 08:45:37,890 WARN [http-nio-53010-exec-7][AbstractRibbonCommand.java:115] - The Hystrix timeout of 93000ms for the command consumer-service is set lower than the combination of the Ribbon read and connect timeout, 104000ms.
[wanxinp2p-gateway-server][${env:SERVER_PORT}] 2021-10-19 08:45:37,892 WARN [http-nio-53010-exec-5][AbstractRibbonCommand.java:115] - The Hystrix timeout of 93000ms for the command consumer-service is set lower than the combination of the Ribbon read and connect timeout, 104000ms.
[wanxinp2p-gateway-server][${env:SERVER_PORT}] 2021-10-19 08:46:59,023 INFO [AsyncResolver-bootstrap-executor-0][ConfigClusterResolver.java:43] - Resolving eureka endpoints via configuration
[wanxinp2p-gateway-server][${env:SERVER_PORT}] 2021-10-19 08:49:13,622 WARN [http-nio-53010-exec-6][AbstractRibbonCommand.java:115] - The Hystrix timeout of 93000ms for the command uaa-service is set lower than the combination of the Ribbon read and connect timeout, 104000ms.
[wanxinp2p-gateway-server][${env:SERVER_PORT}] 2021-10-19 08:49:52,387 WARN [http-nio-53010-exec-3][AbstractRibbonCommand.java:115] - The Hystrix timeout of 93000ms for the command uaa-service is set lower than the combination of the Ribbon read and connect timeout, 104000ms.
[wanxinp2p-gateway-server][${env:SERVER_PORT}] 2021-10-19 08:50:54,985 WARN [http-nio-53010-exec-2][AbstractRibbonCommand.java:115] - The Hystrix timeout of 93000ms for the command consumer-service is set lower than the combination of the Ribbon read and connect timeout, 104000ms.
[wanxinp2p-gateway-server][${env:SERVER_PORT}] 2021-10-19 08:51:59,034 INFO [AsyncResolver-bootstrap-executor-0][ConfigClusterResolver.java:43] - Resolving eureka endpoints via configuration
[wanxinp2p-gateway-server][${env:SERVER_PORT}] 2021-10-19 08:56:59,036 INFO [AsyncResolver-bootstrap-executor-0][ConfigClusterResolver.java:43] - Resolving eureka endpoints via configuration
