[wanxinp2p-gateway-server][${env:SERVER_PORT}] 2021-10-18 20:00:59,541 INFO [AsyncResolver-bootstrap-executor-0][ConfigClusterResolver.java:43] - Resolving eureka endpoints via configuration
[wanxinp2p-gateway-server][${env:SERVER_PORT}] 2021-10-18 20:02:30,758 WARN [http-nio-53010-exec-8][AbstractRibbonCommand.java:115] - The Hystrix timeout of 93000ms for the command consumer-service is set lower than the combination of the Ribbon read and connect timeout, 104000ms.
[wanxinp2p-gateway-server][${env:SERVER_PORT}] 2021-10-18 20:03:34,440 WARN [http-nio-53010-exec-10][AbstractRibbonCommand.java:115] - The Hystrix timeout of 93000ms for the command consumer-service is set lower than the combination of the Ribbon read and connect timeout, 104000ms.
[wanxinp2p-gateway-server][${env:SERVER_PORT}] 2021-10-18 20:05:59,542 INFO [AsyncResolver-bootstrap-executor-0][ConfigClusterResolver.java:43] - Resolving eureka endpoints via configuration
[wanxinp2p-gateway-server][${env:SERVER_PORT}] 2021-10-18 20:07:54,858 WARN [http-nio-53010-exec-2][AbstractRibbonCommand.java:115] - The Hystrix timeout of 93000ms for the command consumer-service is set lower than the combination of the Ribbon read and connect timeout, 104000ms.
[wanxinp2p-gateway-server][${env:SERVER_PORT}] 2021-10-18 20:08:21,921 WARN [http-nio-53010-exec-3][AbstractRibbonCommand.java:115] - The Hystrix timeout of 93000ms for the command consumer-service is set lower than the combination of the Ribbon read and connect timeout, 104000ms.
[wanxinp2p-gateway-server][${env:SERVER_PORT}] 2021-10-18 20:10:59,550 INFO [AsyncResolver-bootstrap-executor-0][ConfigClusterResolver.java:43] - Resolving eureka endpoints via configuration
[wanxinp2p-gateway-server][${env:SERVER_PORT}] 2021-10-18 20:15:59,555 INFO [AsyncResolver-bootstrap-executor-0][ConfigClusterResolver.java:43] - Resolving eureka endpoints via configuration
[wanxinp2p-gateway-server][${env:SERVER_PORT}] 2021-10-18 20:20:58,659 INFO [main][DefaultApplicationProvider.java:85] - App ID is set to gateway-server by app.id property from System Property
[wanxinp2p-gateway-server][${env:SERVER_PORT}] 2021-10-18 20:20:58,668 INFO [main][DefaultServerProvider.java:108] - Environment is set to [dev] by JVM system property 'env'.
[wanxinp2p-gateway-server][${env:SERVER_PORT}] 2021-10-18 20:20:58,747 WARN [main][DefaultMetaServerProvider.java:39] - Could not find meta server address, because it is not available in neither (1) JVM system property 'apollo.meta', (2) OS env variable 'APOLLO_META' (3) property 'apollo.meta' from server.properties nor (4) property 'apollo.meta' from app.properties
[wanxinp2p-gateway-server][${env:SERVER_PORT}] 2021-10-18 20:20:58,777 INFO [main][MetaDomainConsts.java:93] - Located meta server address http://localhost:8080 for env DEV from com.ctrip.framework.apollo.core.internals.LegacyMetaServerProvider
[wanxinp2p-gateway-server][${env:SERVER_PORT}] 2021-10-18 20:21:00,026 INFO [main][SpringApplication.java:675] - No active profile set, falling back to default profiles: default
[wanxinp2p-gateway-server][${env:SERVER_PORT}] 2021-10-18 20:21:03,409 INFO [main][RepositoryConfigurationDelegate.java:244] - Multiple Spring Data modules found, entering strict repository configuration mode!
[wanxinp2p-gateway-server][${env:SERVER_PORT}] 2021-10-18 20:21:03,418 INFO [main][RepositoryConfigurationDelegate.java:126] - Bootstrapping Spring Data repositories in DEFAULT mode.
[wanxinp2p-gateway-server][${env:SERVER_PORT}] 2021-10-18 20:21:03,503 INFO [main][RepositoryConfigurationDelegate.java:182] - Finished Spring Data repository scanning in 38ms. Found 0 repository interfaces.
[wanxinp2p-gateway-server][${env:SERVER_PORT}] 2021-10-18 20:21:03,981 WARN [main][EndpointId.java:135] - Endpoint ID 'service-registry' contains invalid characters, please migrate to a valid format.
[wanxinp2p-gateway-server][${env:SERVER_PORT}] 2021-10-18 20:21:04,019 WARN [main][EndpointId.java:135] - Endpoint ID 'hystrix.stream' contains invalid characters, please migrate to a valid format.
[wanxinp2p-gateway-server][${env:SERVER_PORT}] 2021-10-18 20:21:04,348 INFO [main][ConfigurationClassPostProcessor.java:380] - Cannot enhance @Configuration bean definition 'com.ctrip.framework.apollo.spring.boot.ApolloAutoConfiguration' since its singleton instance has been created too early. The typical cause is a non-static @Bean method with a BeanDefinitionRegistryPostProcessor return type: Consider declaring such methods as 'static'.
[wanxinp2p-gateway-server][${env:SERVER_PORT}] 2021-10-18 20:21:04,839 INFO [main][GenericScope.java:294] - BeanFactory id=35c34590-296c-35f3-b64d-d790178416e4
[wanxinp2p-gateway-server][${env:SERVER_PORT}] 2021-10-18 20:21:04,949 WARN [main][PropertySourcesDeducer.java:75] - Multiple PropertySourcesPlaceholderConfigurer beans registered [propertySourcesPlaceholderConfigurer, org.springframework.context.support.PropertySourcesPlaceholderConfigurer], falling back to Environment
[wanxinp2p-gateway-server][${env:SERVER_PORT}] 2021-10-18 20:21:05,580 INFO [main][PostProcessorRegistrationDelegate.java:330] - Bean 'org.springframework.cloud.autoconfigure.ConfigurationPropertiesRebinderAutoConfiguration' of type [org.springframework.cloud.autoconfigure.ConfigurationPropertiesRebinderAutoConfiguration$$EnhancerBySpringCGLIB$$300e3331] is not eligible for getting processed by all BeanPostProcessors (for example: not eligible for auto-proxying)
[wanxinp2p-gateway-server][${env:SERVER_PORT}] 2021-10-18 20:21:06,443 INFO [main][TomcatWebServer.java:90] - Tomcat initialized with port(s): 53010 (http)
[wanxinp2p-gateway-server][${env:SERVER_PORT}] 2021-10-18 20:21:06,492 INFO [main][DirectJDKLog.java:173] - Initializing ProtocolHandler ["http-nio-53010"]
[wanxinp2p-gateway-server][${env:SERVER_PORT}] 2021-10-18 20:21:06,528 INFO [main][DirectJDKLog.java:173] - Starting service [Tomcat]
[wanxinp2p-gateway-server][${env:SERVER_PORT}] 2021-10-18 20:21:06,530 INFO [main][DirectJDKLog.java:173] - Starting Servlet engine: [Apache Tomcat/9.0.16]
[wanxinp2p-gateway-server][${env:SERVER_PORT}] 2021-10-18 20:21:06,544 INFO [main][DirectJDKLog.java:173] - The APR based Apache Tomcat Native library which allows optimal performance in production environments was not found on the java.library.path: [C:\Program Files\Java\jdk1.8.0_291\bin;C:\WINDOWS\Sun\Java\bin;C:\WINDOWS\system32;C:\WINDOWS;D:\java\Maven\apache-maven-3.6.3\bin;C:\mysql-5.7.26-winx64\bin;C:\Program Files\Java\jdk1.8.0_291\bin;C:\Program Files (x86)\Common Files\Oracle\Java\javapath;C:\WINDOWS\system32;C:\WINDOWS;C:\WINDOWS\System32\Wbem;C:\WINDOWS\System32\WindowsPowerShell\v1.0\;C:\WINDOWS\System32\OpenSSH\;C:\Program Files\NVIDIA Corporation\NVIDIA NvDLISR;C:\Program Files (x86)\NVIDIA Corporation\PhysX\Common;C:\Users\12715\AppData\Local\Microsoft\WindowsApps;;.]
[wanxinp2p-gateway-server][${env:SERVER_PORT}] 2021-10-18 20:21:06,994 INFO [main][DirectJDKLog.java:173] - Initializing Spring embedded WebApplicationContext
[wanxinp2p-gateway-server][${env:SERVER_PORT}] 2021-10-18 20:21:06,995 INFO [main][ServletWebServerApplicationContext.java:296] - Root WebApplicationContext: initialization completed in 6925 ms
[wanxinp2p-gateway-server][${env:SERVER_PORT}] 2021-10-18 20:21:07,365 WARN [main][URLConfigurationSource.java:121] - No URLs will be polled as dynamic configuration sources.
[wanxinp2p-gateway-server][${env:SERVER_PORT}] 2021-10-18 20:21:07,367 INFO [main][URLConfigurationSource.java:122] - To enable URLs as dynamic configuration sources, define System property archaius.configurationSource.additionalUrls or make config.properties available on classpath.
[wanxinp2p-gateway-server][${env:SERVER_PORT}] 2021-10-18 20:21:07,398 INFO [main][DynamicPropertyFactory.java:281] - DynamicPropertyFactory is initialized with configuration sources: com.netflix.config.ConcurrentCompositeConfiguration@3fb450d7
[wanxinp2p-gateway-server][${env:SERVER_PORT}] 2021-10-18 20:21:12,831 WARN [main][JwtAccessTokenConverter.java:302] - Unable to create an RSA verifier from verifierKey (ignoreable if using MAC)
[wanxinp2p-gateway-server][${env:SERVER_PORT}] 2021-10-18 20:21:12,929 WARN [main][URLConfigurationSource.java:121] - No URLs will be polled as dynamic configuration sources.
[wanxinp2p-gateway-server][${env:SERVER_PORT}] 2021-10-18 20:21:12,929 INFO [main][URLConfigurationSource.java:122] - To enable URLs as dynamic configuration sources, define System property archaius.configurationSource.additionalUrls or make config.properties available on classpath.
[wanxinp2p-gateway-server][${env:SERVER_PORT}] 2021-10-18 20:21:13,567 INFO [main][ExecutorConfigurationSupport.java:171] - Initializing ExecutorService 'applicationTaskExecutor'
[wanxinp2p-gateway-server][${env:SERVER_PORT}] 2021-10-18 20:21:14,896 INFO [main][UserDetailsServiceAutoConfiguration.java:86] - 

Using generated security password: 0c266dbc-7652-4ddb-b71d-6d116d47880f

[wanxinp2p-gateway-server][${env:SERVER_PORT}] 2021-10-18 20:21:15,573 INFO [main][DefaultSecurityFilterChain.java:43] - Creating filter chain: any request, [org.springframework.security.web.context.request.async.WebAsyncManagerIntegrationFilter@6cc56b32, org.springframework.security.web.context.SecurityContextPersistenceFilter@2dc3ece8, org.springframework.security.web.header.HeaderWriterFilter@45f1413c, org.springframework.security.web.authentication.logout.LogoutFilter@5f20b6fe, org.springframework.security.oauth2.provider.authentication.OAuth2AuthenticationProcessingFilter@4db46344, org.springframework.security.web.savedrequest.RequestCacheAwareFilter@6d7865d6, org.springframework.security.web.servletapi.SecurityContextHolderAwareRequestFilter@6d9428f3, org.springframework.security.web.authentication.AnonymousAuthenticationFilter@43fe2008, org.springframework.security.web.session.SessionManagementFilter@73be4cdd, org.springframework.security.web.access.ExceptionTranslationFilter@dde6f87, org.springframework.security.web.access.intercept.FilterSecurityInterceptor@5a205ee5]
[wanxinp2p-gateway-server][${env:SERVER_PORT}] 2021-10-18 20:21:15,934 INFO [main][EndpointLinksResolver.java:59] - Exposing 2 endpoint(s) beneath base path '/actuator'
[wanxinp2p-gateway-server][${env:SERVER_PORT}] 2021-10-18 20:21:17,721 INFO [main][ZuulFilterInitializer.java:65] - Starting filter initializer
[wanxinp2p-gateway-server][${env:SERVER_PORT}] 2021-10-18 20:21:17,909 INFO [main][InstanceInfoFactory.java:71] - Setting initial instance status as: STARTING
[wanxinp2p-gateway-server][${env:SERVER_PORT}] 2021-10-18 20:21:17,983 INFO [main][DiscoveryClient.java:349] - Initializing Eureka in region us-east-1
[wanxinp2p-gateway-server][${env:SERVER_PORT}] 2021-10-18 20:21:18,090 INFO [main][DiscoveryJerseyProvider.java:70] - Using JSON encoding codec LegacyJacksonJson
[wanxinp2p-gateway-server][${env:SERVER_PORT}] 2021-10-18 20:21:18,090 INFO [main][DiscoveryJerseyProvider.java:71] - Using JSON decoding codec LegacyJacksonJson
[wanxinp2p-gateway-server][${env:SERVER_PORT}] 2021-10-18 20:21:18,285 INFO [main][DiscoveryJerseyProvider.java:80] - Using XML encoding codec XStreamXml
[wanxinp2p-gateway-server][${env:SERVER_PORT}] 2021-10-18 20:21:18,286 INFO [main][DiscoveryJerseyProvider.java:81] - Using XML decoding codec XStreamXml
[wanxinp2p-gateway-server][${env:SERVER_PORT}] 2021-10-18 20:21:18,723 INFO [main][ConfigClusterResolver.java:43] - Resolving eureka endpoints via configuration
[wanxinp2p-gateway-server][${env:SERVER_PORT}] 2021-10-18 20:21:19,076 INFO [main][DiscoveryClient.java:958] - Disable delta property : false
[wanxinp2p-gateway-server][${env:SERVER_PORT}] 2021-10-18 20:21:19,077 INFO [main][DiscoveryClient.java:959] - Single vip registry refresh property : null
[wanxinp2p-gateway-server][${env:SERVER_PORT}] 2021-10-18 20:21:19,077 INFO [main][DiscoveryClient.java:960] - Force full registry fetch : false
[wanxinp2p-gateway-server][${env:SERVER_PORT}] 2021-10-18 20:21:19,077 INFO [main][DiscoveryClient.java:961] - Application is null : false
[wanxinp2p-gateway-server][${env:SERVER_PORT}] 2021-10-18 20:21:19,078 INFO [main][DiscoveryClient.java:962] - Registered Applications size is zero : true
[wanxinp2p-gateway-server][${env:SERVER_PORT}] 2021-10-18 20:21:19,078 INFO [main][DiscoveryClient.java:964] - Application version is -1: true
[wanxinp2p-gateway-server][${env:SERVER_PORT}] 2021-10-18 20:21:19,078 INFO [main][DiscoveryClient.java:1047] - Getting all instance registry info from the eureka server
[wanxinp2p-gateway-server][${env:SERVER_PORT}] 2021-10-18 20:21:19,489 INFO [main][DiscoveryClient.java:1056] - The response status is 200
[wanxinp2p-gateway-server][${env:SERVER_PORT}] 2021-10-18 20:21:19,493 INFO [main][DiscoveryClient.java:1270] - Starting heartbeat executor: renew interval is: 30
[wanxinp2p-gateway-server][${env:SERVER_PORT}] 2021-10-18 20:21:19,498 INFO [main][InstanceInfoReplicator.java:60] - InstanceInfoReplicator onDemand update allowed rate per min is 4
[wanxinp2p-gateway-server][${env:SERVER_PORT}] 2021-10-18 20:21:19,505 INFO [main][DiscoveryClient.java:449] - Discovery Client initialized at timestamp 1634559679502 with initial instances count: 0
[wanxinp2p-gateway-server][${env:SERVER_PORT}] 2021-10-18 20:21:19,509 INFO [main][EurekaServiceRegistry.java:42] - Registering application GATEWAY-SERVER with eureka with status UP
[wanxinp2p-gateway-server][${env:SERVER_PORT}] 2021-10-18 20:21:19,510 INFO [main][DiscoveryClient.java:1305] - Saw local status change event StatusChangeEvent [timestamp=1634559679510, current=UP, previous=STARTING]
[wanxinp2p-gateway-server][${env:SERVER_PORT}] 2021-10-18 20:21:19,524 INFO [DiscoveryClient-InstanceInfoReplicator-0][DiscoveryClient.java:826] - DiscoveryClient_GATEWAY-SERVER/gateway-server:192.168.0.13:53010: registering service...
[wanxinp2p-gateway-server][${env:SERVER_PORT}] 2021-10-18 20:21:19,544 INFO [main][DirectJDKLog.java:173] - Starting ProtocolHandler ["http-nio-53010"]
[wanxinp2p-gateway-server][${env:SERVER_PORT}] 2021-10-18 20:21:19,608 INFO [main][TomcatWebServer.java:204] - Tomcat started on port(s): 53010 (http) with context path ''
[wanxinp2p-gateway-server][${env:SERVER_PORT}] 2021-10-18 20:21:19,610 INFO [main][EurekaAutoServiceRegistration.java:141] - Updating port to 53010
[wanxinp2p-gateway-server][${env:SERVER_PORT}] 2021-10-18 20:21:19,615 INFO [main][StartupInfoLogger.java:59] - Started GatewayServer in 25.366 seconds (JVM running for 29.333)
[wanxinp2p-gateway-server][${env:SERVER_PORT}] 2021-10-18 20:21:19,685 INFO [DiscoveryClient-InstanceInfoReplicator-0][DiscoveryClient.java:835] - DiscoveryClient_GATEWAY-SERVER/gateway-server:192.168.0.13:53010 - registration status: 204
[wanxinp2p-gateway-server][${env:SERVER_PORT}] 2021-10-18 20:21:21,023 INFO [RMI TCP Connection(5)-192.168.0.13][EpollProvider.java:68] - Starting without optional epoll library
[wanxinp2p-gateway-server][${env:SERVER_PORT}] 2021-10-18 20:21:21,033 INFO [RMI TCP Connection(5)-192.168.0.13][KqueueProvider.java:70] - Starting without optional kqueue library
[wanxinp2p-gateway-server][${env:SERVER_PORT}] 2021-10-18 20:21:21,133 INFO [RMI TCP Connection(7)-192.168.0.13][DirectJDKLog.java:173] - Initializing Spring DispatcherServlet 'dispatcherServlet'
[wanxinp2p-gateway-server][${env:SERVER_PORT}] 2021-10-18 20:21:21,134 INFO [RMI TCP Connection(7)-192.168.0.13][FrameworkServlet.java:524] - Initializing Servlet 'dispatcherServlet'
[wanxinp2p-gateway-server][${env:SERVER_PORT}] 2021-10-18 20:21:21,148 INFO [RMI TCP Connection(7)-192.168.0.13][FrameworkServlet.java:546] - Completed initialization in 14 ms
[wanxinp2p-gateway-server][${env:SERVER_PORT}] 2021-10-18 20:21:49,495 INFO [DiscoveryClient-CacheRefreshExecutor-0][DiscoveryClient.java:958] - Disable delta property : false
[wanxinp2p-gateway-server][${env:SERVER_PORT}] 2021-10-18 20:21:49,496 INFO [DiscoveryClient-CacheRefreshExecutor-0][DiscoveryClient.java:959] - Single vip registry refresh property : null
[wanxinp2p-gateway-server][${env:SERVER_PORT}] 2021-10-18 20:21:49,496 INFO [DiscoveryClient-CacheRefreshExecutor-0][DiscoveryClient.java:960] - Force full registry fetch : false
[wanxinp2p-gateway-server][${env:SERVER_PORT}] 2021-10-18 20:21:49,496 INFO [DiscoveryClient-CacheRefreshExecutor-0][DiscoveryClient.java:961] - Application is null : false
[wanxinp2p-gateway-server][${env:SERVER_PORT}] 2021-10-18 20:21:49,496 INFO [DiscoveryClient-CacheRefreshExecutor-0][DiscoveryClient.java:962] - Registered Applications size is zero : true
[wanxinp2p-gateway-server][${env:SERVER_PORT}] 2021-10-18 20:21:49,496 INFO [DiscoveryClient-CacheRefreshExecutor-0][DiscoveryClient.java:964] - Application version is -1: false
[wanxinp2p-gateway-server][${env:SERVER_PORT}] 2021-10-18 20:21:49,497 INFO [DiscoveryClient-CacheRefreshExecutor-0][DiscoveryClient.java:1047] - Getting all instance registry info from the eureka server
[wanxinp2p-gateway-server][${env:SERVER_PORT}] 2021-10-18 20:21:49,558 INFO [DiscoveryClient-CacheRefreshExecutor-0][DiscoveryClient.java:1056] - The response status is 200
[wanxinp2p-gateway-server][${env:SERVER_PORT}] 2021-10-18 20:24:31,000 INFO [http-nio-53010-exec-2][ChainedDynamicProperty.java:115] - Flipping property: consumer-service.ribbon.ActiveConnectionsLimit to use NEXT property: niws.loadbalancer.availabilityFilteringRule.activeConnectionsLimit = 2147483647
[wanxinp2p-gateway-server][${env:SERVER_PORT}] 2021-10-18 20:24:31,027 INFO [http-nio-53010-exec-2][ShutdownEnabledTimer.java:58] - Shutdown hook installed for: NFLoadBalancer-PingTimer-consumer-service
[wanxinp2p-gateway-server][${env:SERVER_PORT}] 2021-10-18 20:24:31,028 INFO [http-nio-53010-exec-2][BaseLoadBalancer.java:197] - Client: consumer-service instantiated a LoadBalancer: DynamicServerListLoadBalancer:{NFLoadBalancer:name=consumer-service,current list of Servers=[],Load balancer stats=Zone stats: {},Server stats: []}ServerList:null
[wanxinp2p-gateway-server][${env:SERVER_PORT}] 2021-10-18 20:24:31,038 INFO [http-nio-53010-exec-2][DynamicServerListLoadBalancer.java:222] - Using serverListUpdater PollingServerListUpdater
[wanxinp2p-gateway-server][${env:SERVER_PORT}] 2021-10-18 20:24:31,060 INFO [http-nio-53010-exec-2][ChainedDynamicProperty.java:115] - Flipping property: consumer-service.ribbon.ActiveConnectionsLimit to use NEXT property: niws.loadbalancer.availabilityFilteringRule.activeConnectionsLimit = 2147483647
[wanxinp2p-gateway-server][${env:SERVER_PORT}] 2021-10-18 20:24:31,063 INFO [http-nio-53010-exec-2][DynamicServerListLoadBalancer.java:150] - DynamicServerListLoadBalancer for client consumer-service initialized: DynamicServerListLoadBalancer:{NFLoadBalancer:name=consumer-service,current list of Servers=[192.168.0.13:53050],Load balancer stats=Zone stats: {defaultzone=[Zone:defaultzone;	Instance count:1;	Active connections count: 0;	Circuit breaker tripped count: 0;	Active connections per server: 0.0;]
},Server stats: [[Server:192.168.0.13:53050;	Zone:defaultZone;	Total Requests:0;	Successive connection failure:0;	Total blackout seconds:0;	Last connection made:Thu Jan 01 08:00:00 CST 1970;	First connection made: Thu Jan 01 08:00:00 CST 1970;	Active Connections:0;	total failure count in last (1000) msecs:0;	average resp time:0.0;	90 percentile resp time:0.0;	95 percentile resp time:0.0;	min resp time:0.0;	max resp time:0.0;	stddev resp time:0.0]
]}ServerList:org.springframework.cloud.netflix.ribbon.eureka.DomainExtractingServerList@782c53a4
[wanxinp2p-gateway-server][${env:SERVER_PORT}] 2021-10-18 20:24:31,114 WARN [http-nio-53010-exec-2][AbstractRibbonCommand.java:115] - The Hystrix timeout of 93000ms for the command consumer-service is set lower than the combination of the Ribbon read and connect timeout, 104000ms.
[wanxinp2p-gateway-server][${env:SERVER_PORT}] 2021-10-18 20:24:32,052 INFO [PollingServerListUpdater-0][ChainedDynamicProperty.java:115] - Flipping property: consumer-service.ribbon.ActiveConnectionsLimit to use NEXT property: niws.loadbalancer.availabilityFilteringRule.activeConnectionsLimit = 2147483647
[wanxinp2p-gateway-server][${env:SERVER_PORT}] 2021-10-18 20:24:49,672 WARN [http-nio-53010-exec-5][AbstractRibbonCommand.java:115] - The Hystrix timeout of 93000ms for the command consumer-service is set lower than the combination of the Ribbon read and connect timeout, 104000ms.
[wanxinp2p-gateway-server][${env:SERVER_PORT}] 2021-10-18 20:26:19,082 INFO [AsyncResolver-bootstrap-executor-0][ConfigClusterResolver.java:43] - Resolving eureka endpoints via configuration
[wanxinp2p-gateway-server][${env:SERVER_PORT}] 2021-10-18 20:29:00,247 WARN [http-nio-53010-exec-3][AbstractRibbonCommand.java:115] - The Hystrix timeout of 93000ms for the command consumer-service is set lower than the combination of the Ribbon read and connect timeout, 104000ms.
[wanxinp2p-gateway-server][${env:SERVER_PORT}] 2021-10-18 20:29:09,157 WARN [http-nio-53010-exec-4][AbstractRibbonCommand.java:115] - The Hystrix timeout of 93000ms for the command consumer-service is set lower than the combination of the Ribbon read and connect timeout, 104000ms.
[wanxinp2p-gateway-server][${env:SERVER_PORT}] 2021-10-18 20:31:19,095 INFO [AsyncResolver-bootstrap-executor-0][ConfigClusterResolver.java:43] - Resolving eureka endpoints via configuration
[wanxinp2p-gateway-server][${env:SERVER_PORT}] 2021-10-18 20:36:09,613 INFO [http-nio-53010-exec-2][ChainedDynamicProperty.java:115] - Flipping property: uaa-service.ribbon.ActiveConnectionsLimit to use NEXT property: niws.loadbalancer.availabilityFilteringRule.activeConnectionsLimit = 2147483647
[wanxinp2p-gateway-server][${env:SERVER_PORT}] 2021-10-18 20:36:09,620 INFO [http-nio-53010-exec-2][ShutdownEnabledTimer.java:58] - Shutdown hook installed for: NFLoadBalancer-PingTimer-uaa-service
[wanxinp2p-gateway-server][${env:SERVER_PORT}] 2021-10-18 20:36:09,621 INFO [http-nio-53010-exec-2][BaseLoadBalancer.java:197] - Client: uaa-service instantiated a LoadBalancer: DynamicServerListLoadBalancer:{NFLoadBalancer:name=uaa-service,current list of Servers=[],Load balancer stats=Zone stats: {},Server stats: []}ServerList:null
[wanxinp2p-gateway-server][${env:SERVER_PORT}] 2021-10-18 20:36:09,623 INFO [http-nio-53010-exec-2][DynamicServerListLoadBalancer.java:222] - Using serverListUpdater PollingServerListUpdater
[wanxinp2p-gateway-server][${env:SERVER_PORT}] 2021-10-18 20:36:09,625 INFO [http-nio-53010-exec-2][ChainedDynamicProperty.java:115] - Flipping property: uaa-service.ribbon.ActiveConnectionsLimit to use NEXT property: niws.loadbalancer.availabilityFilteringRule.activeConnectionsLimit = 2147483647
[wanxinp2p-gateway-server][${env:SERVER_PORT}] 2021-10-18 20:36:09,626 INFO [http-nio-53010-exec-2][DynamicServerListLoadBalancer.java:150] - DynamicServerListLoadBalancer for client uaa-service initialized: DynamicServerListLoadBalancer:{NFLoadBalancer:name=uaa-service,current list of Servers=[192.168.0.13:53020],Load balancer stats=Zone stats: {defaultzone=[Zone:defaultzone;	Instance count:1;	Active connections count: 0;	Circuit breaker tripped count: 0;	Active connections per server: 0.0;]
},Server stats: [[Server:192.168.0.13:53020;	Zone:defaultZone;	Total Requests:0;	Successive connection failure:0;	Total blackout seconds:0;	Last connection made:Thu Jan 01 08:00:00 CST 1970;	First connection made: Thu Jan 01 08:00:00 CST 1970;	Active Connections:0;	total failure count in last (1000) msecs:0;	average resp time:0.0;	90 percentile resp time:0.0;	95 percentile resp time:0.0;	min resp time:0.0;	max resp time:0.0;	stddev resp time:0.0]
]}ServerList:org.springframework.cloud.netflix.ribbon.eureka.DomainExtractingServerList@4cf3c35d
[wanxinp2p-gateway-server][${env:SERVER_PORT}] 2021-10-18 20:36:09,636 WARN [http-nio-53010-exec-2][AbstractRibbonCommand.java:115] - The Hystrix timeout of 93000ms for the command uaa-service is set lower than the combination of the Ribbon read and connect timeout, 104000ms.
[wanxinp2p-gateway-server][${env:SERVER_PORT}] 2021-10-18 20:36:10,631 INFO [PollingServerListUpdater-0][ChainedDynamicProperty.java:115] - Flipping property: uaa-service.ribbon.ActiveConnectionsLimit to use NEXT property: niws.loadbalancer.availabilityFilteringRule.activeConnectionsLimit = 2147483647
[wanxinp2p-gateway-server][${env:SERVER_PORT}] 2021-10-18 20:36:19,101 INFO [AsyncResolver-bootstrap-executor-0][ConfigClusterResolver.java:43] - Resolving eureka endpoints via configuration
[wanxinp2p-gateway-server][${env:SERVER_PORT}] 2021-10-18 20:36:44,907 WARN [http-nio-53010-exec-5][AbstractRibbonCommand.java:115] - The Hystrix timeout of 93000ms for the command uaa-service is set lower than the combination of the Ribbon read and connect timeout, 104000ms.
[wanxinp2p-gateway-server][${env:SERVER_PORT}] 2021-10-18 20:37:10,143 WARN [http-nio-53010-exec-6][AbstractRibbonCommand.java:115] - The Hystrix timeout of 93000ms for the command uaa-service is set lower than the combination of the Ribbon read and connect timeout, 104000ms.
[wanxinp2p-gateway-server][${env:SERVER_PORT}] 2021-10-18 20:39:06,662 WARN [http-nio-53010-exec-9][AbstractRibbonCommand.java:115] - The Hystrix timeout of 93000ms for the command uaa-service is set lower than the combination of the Ribbon read and connect timeout, 104000ms.
[wanxinp2p-gateway-server][${env:SERVER_PORT}] 2021-10-18 20:40:15,901 WARN [http-nio-53010-exec-7][AbstractRibbonCommand.java:115] - The Hystrix timeout of 93000ms for the command uaa-service is set lower than the combination of the Ribbon read and connect timeout, 104000ms.
[wanxinp2p-gateway-server][${env:SERVER_PORT}] 2021-10-18 20:40:16,025 WARN [http-nio-53010-exec-8][AbstractRibbonCommand.java:115] - The Hystrix timeout of 93000ms for the command uaa-service is set lower than the combination of the Ribbon read and connect timeout, 104000ms.
[wanxinp2p-gateway-server][${env:SERVER_PORT}] 2021-10-18 20:40:35,857 WARN [http-nio-53010-exec-1][AbstractRibbonCommand.java:115] - The Hystrix timeout of 93000ms for the command uaa-service is set lower than the combination of the Ribbon read and connect timeout, 104000ms.
[wanxinp2p-gateway-server][${env:SERVER_PORT}] 2021-10-18 20:40:35,994 WARN [http-nio-53010-exec-2][AbstractRibbonCommand.java:115] - The Hystrix timeout of 93000ms for the command uaa-service is set lower than the combination of the Ribbon read and connect timeout, 104000ms.
[wanxinp2p-gateway-server][${env:SERVER_PORT}] 2021-10-18 20:40:35,998 WARN [http-nio-53010-exec-5][AbstractRibbonCommand.java:115] - The Hystrix timeout of 93000ms for the command uaa-service is set lower than the combination of the Ribbon read and connect timeout, 104000ms.
[wanxinp2p-gateway-server][${env:SERVER_PORT}] 2021-10-18 20:40:35,999 WARN [http-nio-53010-exec-6][AbstractRibbonCommand.java:115] - The Hystrix timeout of 93000ms for the command uaa-service is set lower than the combination of the Ribbon read and connect timeout, 104000ms.
[wanxinp2p-gateway-server][${env:SERVER_PORT}] 2021-10-18 20:40:36,000 WARN [http-nio-53010-exec-10][AbstractRibbonCommand.java:115] - The Hystrix timeout of 93000ms for the command uaa-service is set lower than the combination of the Ribbon read and connect timeout, 104000ms.
[wanxinp2p-gateway-server][${env:SERVER_PORT}] 2021-10-18 20:40:36,002 WARN [http-nio-53010-exec-3][AbstractRibbonCommand.java:115] - The Hystrix timeout of 93000ms for the command uaa-service is set lower than the combination of the Ribbon read and connect timeout, 104000ms.
[wanxinp2p-gateway-server][${env:SERVER_PORT}] 2021-10-18 20:40:36,310 WARN [http-nio-53010-exec-9][AbstractRibbonCommand.java:115] - The Hystrix timeout of 93000ms for the command uaa-service is set lower than the combination of the Ribbon read and connect timeout, 104000ms.
[wanxinp2p-gateway-server][${env:SERVER_PORT}] 2021-10-18 20:40:36,312 WARN [http-nio-53010-exec-4][AbstractRibbonCommand.java:115] - The Hystrix timeout of 93000ms for the command uaa-service is set lower than the combination of the Ribbon read and connect timeout, 104000ms.
[wanxinp2p-gateway-server][${env:SERVER_PORT}] 2021-10-18 20:40:36,317 WARN [http-nio-53010-exec-7][AbstractRibbonCommand.java:115] - The Hystrix timeout of 93000ms for the command uaa-service is set lower than the combination of the Ribbon read and connect timeout, 104000ms.
[wanxinp2p-gateway-server][${env:SERVER_PORT}] 2021-10-18 20:40:36,355 WARN [http-nio-53010-exec-8][AbstractRibbonCommand.java:115] - The Hystrix timeout of 93000ms for the command uaa-service is set lower than the combination of the Ribbon read and connect timeout, 104000ms.
[wanxinp2p-gateway-server][${env:SERVER_PORT}] 2021-10-18 20:40:36,361 WARN [http-nio-53010-exec-1][AbstractRibbonCommand.java:115] - The Hystrix timeout of 93000ms for the command uaa-service is set lower than the combination of the Ribbon read and connect timeout, 104000ms.
[wanxinp2p-gateway-server][${env:SERVER_PORT}] 2021-10-18 20:40:36,379 WARN [http-nio-53010-exec-2][AbstractRibbonCommand.java:115] - The Hystrix timeout of 93000ms for the command uaa-service is set lower than the combination of the Ribbon read and connect timeout, 104000ms.
[wanxinp2p-gateway-server][${env:SERVER_PORT}] 2021-10-18 20:40:36,389 WARN [http-nio-53010-exec-5][AbstractRibbonCommand.java:115] - The Hystrix timeout of 93000ms for the command uaa-service is set lower than the combination of the Ribbon read and connect timeout, 104000ms.
[wanxinp2p-gateway-server][${env:SERVER_PORT}] 2021-10-18 20:40:53,982 WARN [http-nio-53010-exec-3][AbstractRibbonCommand.java:115] - The Hystrix timeout of 93000ms for the command uaa-service is set lower than the combination of the Ribbon read and connect timeout, 104000ms.
[wanxinp2p-gateway-server][${env:SERVER_PORT}] 2021-10-18 20:41:19,105 INFO [AsyncResolver-bootstrap-executor-0][ConfigClusterResolver.java:43] - Resolving eureka endpoints via configuration
[wanxinp2p-gateway-server][${env:SERVER_PORT}] 2021-10-18 20:42:18,026 WARN [http-nio-53010-exec-9][AbstractRibbonCommand.java:115] - The Hystrix timeout of 93000ms for the command uaa-service is set lower than the combination of the Ribbon read and connect timeout, 104000ms.
[wanxinp2p-gateway-server][${env:SERVER_PORT}] 2021-10-18 20:42:59,955 WARN [http-nio-53010-exec-4][AbstractRibbonCommand.java:115] - The Hystrix timeout of 93000ms for the command consumer-service is set lower than the combination of the Ribbon read and connect timeout, 104000ms.
[wanxinp2p-gateway-server][${env:SERVER_PORT}] 2021-10-18 20:46:19,109 INFO [AsyncResolver-bootstrap-executor-0][ConfigClusterResolver.java:43] - Resolving eureka endpoints via configuration
[wanxinp2p-gateway-server][${env:SERVER_PORT}] 2021-10-18 20:47:28,774 WARN [http-nio-53010-exec-2][AbstractRibbonCommand.java:115] - The Hystrix timeout of 93000ms for the command uaa-service is set lower than the combination of the Ribbon read and connect timeout, 104000ms.
