[wanxinp2p-gateway-server][${env:SERVER_PORT}] 2021-10-19 11:45:27,901 INFO [main][DefaultApplicationProvider.java:85] - App ID is set to gateway-server by app.id property from System Property
[wanxinp2p-gateway-server][${env:SERVER_PORT}] 2021-10-19 11:45:28,328 INFO [main][DefaultServerProvider.java:108] - Environment is set to [dev] by JVM system property 'env'.
[wanxinp2p-gateway-server][${env:SERVER_PORT}] 2021-10-19 11:45:28,431 WARN [main][DefaultMetaServerProvider.java:39] - Could not find meta server address, because it is not available in neither (1) JVM system property 'apollo.meta', (2) OS env variable 'APOLLO_META' (3) property 'apollo.meta' from server.properties nor (4) property 'apollo.meta' from app.properties
[wanxinp2p-gateway-server][${env:SERVER_PORT}] 2021-10-19 11:45:28,590 INFO [main][MetaDomainConsts.java:93] - Located meta server address http://localhost:8080 for env DEV from com.ctrip.framework.apollo.core.internals.LegacyMetaServerProvider
[wanxinp2p-gateway-server][${env:SERVER_PORT}] 2021-10-19 11:45:29,427 INFO [main][SpringApplication.java:675] - No active profile set, falling back to default profiles: default
[wanxinp2p-gateway-server][${env:SERVER_PORT}] 2021-10-19 11:45:31,029 INFO [main][RepositoryConfigurationDelegate.java:244] - Multiple Spring Data modules found, entering strict repository configuration mode!
[wanxinp2p-gateway-server][${env:SERVER_PORT}] 2021-10-19 11:45:31,064 INFO [main][RepositoryConfigurationDelegate.java:126] - Bootstrapping Spring Data repositories in DEFAULT mode.
[wanxinp2p-gateway-server][${env:SERVER_PORT}] 2021-10-19 11:45:31,112 INFO [main][RepositoryConfigurationDelegate.java:182] - Finished Spring Data repository scanning in 22ms. Found 0 repository interfaces.
[wanxinp2p-gateway-server][${env:SERVER_PORT}] 2021-10-19 11:45:31,365 WARN [main][EndpointId.java:135] - Endpoint ID 'service-registry' contains invalid characters, please migrate to a valid format.
[wanxinp2p-gateway-server][${env:SERVER_PORT}] 2021-10-19 11:45:31,379 WARN [main][EndpointId.java:135] - Endpoint ID 'hystrix.stream' contains invalid characters, please migrate to a valid format.
[wanxinp2p-gateway-server][${env:SERVER_PORT}] 2021-10-19 11:45:31,555 INFO [main][ConfigurationClassPostProcessor.java:380] - Cannot enhance @Configuration bean definition 'com.ctrip.framework.apollo.spring.boot.ApolloAutoConfiguration' since its singleton instance has been created too early. The typical cause is a non-static @Bean method with a BeanDefinitionRegistryPostProcessor return type: Consider declaring such methods as 'static'.
[wanxinp2p-gateway-server][${env:SERVER_PORT}] 2021-10-19 11:45:31,703 INFO [main][GenericScope.java:294] - BeanFactory id=35c34590-296c-35f3-b64d-d790178416e4
[wanxinp2p-gateway-server][${env:SERVER_PORT}] 2021-10-19 11:45:31,729 WARN [main][PropertySourcesDeducer.java:75] - Multiple PropertySourcesPlaceholderConfigurer beans registered [propertySourcesPlaceholderConfigurer, org.springframework.context.support.PropertySourcesPlaceholderConfigurer], falling back to Environment
[wanxinp2p-gateway-server][${env:SERVER_PORT}] 2021-10-19 11:45:32,033 INFO [main][PostProcessorRegistrationDelegate.java:330] - Bean 'org.springframework.cloud.autoconfigure.ConfigurationPropertiesRebinderAutoConfiguration' of type [org.springframework.cloud.autoconfigure.ConfigurationPropertiesRebinderAutoConfiguration$$EnhancerBySpringCGLIB$$63da212] is not eligible for getting processed by all BeanPostProcessors (for example: not eligible for auto-proxying)
[wanxinp2p-gateway-server][${env:SERVER_PORT}] 2021-10-19 11:45:32,351 INFO [main][TomcatWebServer.java:90] - Tomcat initialized with port(s): 53010 (http)
[wanxinp2p-gateway-server][${env:SERVER_PORT}] 2021-10-19 11:45:32,367 INFO [main][DirectJDKLog.java:173] - Initializing ProtocolHandler ["http-nio-53010"]
[wanxinp2p-gateway-server][${env:SERVER_PORT}] 2021-10-19 11:45:32,375 INFO [main][DirectJDKLog.java:173] - Starting service [Tomcat]
[wanxinp2p-gateway-server][${env:SERVER_PORT}] 2021-10-19 11:45:32,376 INFO [main][DirectJDKLog.java:173] - Starting Servlet engine: [Apache Tomcat/9.0.16]
[wanxinp2p-gateway-server][${env:SERVER_PORT}] 2021-10-19 11:45:32,384 INFO [main][DirectJDKLog.java:173] - The APR based Apache Tomcat Native library which allows optimal performance in production environments was not found on the java.library.path: [C:\Program Files\Java\jdk1.8.0_291\bin;C:\WINDOWS\Sun\Java\bin;C:\WINDOWS\system32;C:\WINDOWS;D:\java\Maven\apache-maven-3.6.3\bin;C:\mysql-5.7.26-winx64\bin;C:\Program Files\Java\jdk1.8.0_291\bin;C:\Program Files (x86)\Common Files\Oracle\Java\javapath;C:\WINDOWS\system32;C:\WINDOWS;C:\WINDOWS\System32\Wbem;C:\WINDOWS\System32\WindowsPowerShell\v1.0\;C:\WINDOWS\System32\OpenSSH\;C:\Program Files\NVIDIA Corporation\NVIDIA NvDLISR;C:\Program Files (x86)\NVIDIA Corporation\PhysX\Common;C:\Users\12715\AppData\Local\Microsoft\WindowsApps;;.]
[wanxinp2p-gateway-server][${env:SERVER_PORT}] 2021-10-19 11:45:32,660 INFO [main][DirectJDKLog.java:173] - Initializing Spring embedded WebApplicationContext
[wanxinp2p-gateway-server][${env:SERVER_PORT}] 2021-10-19 11:45:32,660 INFO [main][ServletWebServerApplicationContext.java:296] - Root WebApplicationContext: initialization completed in 3179 ms
[wanxinp2p-gateway-server][${env:SERVER_PORT}] 2021-10-19 11:45:32,786 WARN [main][URLConfigurationSource.java:121] - No URLs will be polled as dynamic configuration sources.
[wanxinp2p-gateway-server][${env:SERVER_PORT}] 2021-10-19 11:45:32,786 INFO [main][URLConfigurationSource.java:122] - To enable URLs as dynamic configuration sources, define System property archaius.configurationSource.additionalUrls or make config.properties available on classpath.
[wanxinp2p-gateway-server][${env:SERVER_PORT}] 2021-10-19 11:45:32,797 INFO [main][DynamicPropertyFactory.java:281] - DynamicPropertyFactory is initialized with configuration sources: com.netflix.config.ConcurrentCompositeConfiguration@37c7766e
[wanxinp2p-gateway-server][${env:SERVER_PORT}] 2021-10-19 11:45:35,983 WARN [main][JwtAccessTokenConverter.java:302] - Unable to create an RSA verifier from verifierKey (ignoreable if using MAC)
[wanxinp2p-gateway-server][${env:SERVER_PORT}] 2021-10-19 11:45:36,128 WARN [main][URLConfigurationSource.java:121] - No URLs will be polled as dynamic configuration sources.
[wanxinp2p-gateway-server][${env:SERVER_PORT}] 2021-10-19 11:45:36,129 INFO [main][URLConfigurationSource.java:122] - To enable URLs as dynamic configuration sources, define System property archaius.configurationSource.additionalUrls or make config.properties available on classpath.
[wanxinp2p-gateway-server][${env:SERVER_PORT}] 2021-10-19 11:45:36,417 INFO [main][ExecutorConfigurationSupport.java:171] - Initializing ExecutorService 'applicationTaskExecutor'
[wanxinp2p-gateway-server][${env:SERVER_PORT}] 2021-10-19 11:45:37,614 INFO [main][UserDetailsServiceAutoConfiguration.java:86] - 

Using generated security password: e5f54950-4cb1-4be1-8395-9589a22ff2f3

[wanxinp2p-gateway-server][${env:SERVER_PORT}] 2021-10-19 11:45:38,011 INFO [main][DefaultSecurityFilterChain.java:43] - Creating filter chain: any request, [org.springframework.security.web.context.request.async.WebAsyncManagerIntegrationFilter@1dd44289, org.springframework.security.web.context.SecurityContextPersistenceFilter@638977e0, org.springframework.security.web.header.HeaderWriterFilter@3b2db389, org.springframework.security.web.authentication.logout.LogoutFilter@51508029, org.springframework.security.oauth2.provider.authentication.OAuth2AuthenticationProcessingFilter@3a3316b6, org.springframework.security.web.savedrequest.RequestCacheAwareFilter@2c1a8529, org.springframework.security.web.servletapi.SecurityContextHolderAwareRequestFilter@49d543a9, org.springframework.security.web.authentication.AnonymousAuthenticationFilter@6cc56b32, org.springframework.security.web.session.SessionManagementFilter@149b53fa, org.springframework.security.web.access.ExceptionTranslationFilter@4eac65db, org.springframework.security.web.access.intercept.FilterSecurityInterceptor@e994ca]
[wanxinp2p-gateway-server][${env:SERVER_PORT}] 2021-10-19 11:45:38,481 INFO [main][EndpointLinksResolver.java:59] - Exposing 2 endpoint(s) beneath base path '/actuator'
[wanxinp2p-gateway-server][${env:SERVER_PORT}] 2021-10-19 11:45:39,892 INFO [main][ZuulFilterInitializer.java:65] - Starting filter initializer
[wanxinp2p-gateway-server][${env:SERVER_PORT}] 2021-10-19 11:45:40,074 INFO [main][InstanceInfoFactory.java:71] - Setting initial instance status as: STARTING
[wanxinp2p-gateway-server][${env:SERVER_PORT}] 2021-10-19 11:45:40,129 INFO [main][DiscoveryClient.java:349] - Initializing Eureka in region us-east-1
[wanxinp2p-gateway-server][${env:SERVER_PORT}] 2021-10-19 11:45:40,206 INFO [main][DiscoveryJerseyProvider.java:70] - Using JSON encoding codec LegacyJacksonJson
[wanxinp2p-gateway-server][${env:SERVER_PORT}] 2021-10-19 11:45:40,207 INFO [main][DiscoveryJerseyProvider.java:71] - Using JSON decoding codec LegacyJacksonJson
[wanxinp2p-gateway-server][${env:SERVER_PORT}] 2021-10-19 11:45:40,381 INFO [main][DiscoveryJerseyProvider.java:80] - Using XML encoding codec XStreamXml
[wanxinp2p-gateway-server][${env:SERVER_PORT}] 2021-10-19 11:45:40,382 INFO [main][DiscoveryJerseyProvider.java:81] - Using XML decoding codec XStreamXml
[wanxinp2p-gateway-server][${env:SERVER_PORT}] 2021-10-19 11:45:40,832 INFO [main][ConfigClusterResolver.java:43] - Resolving eureka endpoints via configuration
[wanxinp2p-gateway-server][${env:SERVER_PORT}] 2021-10-19 11:45:41,499 INFO [main][DiscoveryClient.java:958] - Disable delta property : false
[wanxinp2p-gateway-server][${env:SERVER_PORT}] 2021-10-19 11:45:41,500 INFO [main][DiscoveryClient.java:959] - Single vip registry refresh property : null
[wanxinp2p-gateway-server][${env:SERVER_PORT}] 2021-10-19 11:45:41,503 INFO [main][DiscoveryClient.java:960] - Force full registry fetch : false
[wanxinp2p-gateway-server][${env:SERVER_PORT}] 2021-10-19 11:45:41,504 INFO [main][DiscoveryClient.java:961] - Application is null : false
[wanxinp2p-gateway-server][${env:SERVER_PORT}] 2021-10-19 11:45:41,505 INFO [main][DiscoveryClient.java:962] - Registered Applications size is zero : true
[wanxinp2p-gateway-server][${env:SERVER_PORT}] 2021-10-19 11:45:41,506 INFO [main][DiscoveryClient.java:964] - Application version is -1: true
[wanxinp2p-gateway-server][${env:SERVER_PORT}] 2021-10-19 11:45:41,506 INFO [main][DiscoveryClient.java:1047] - Getting all instance registry info from the eureka server
[wanxinp2p-gateway-server][${env:SERVER_PORT}] 2021-10-19 11:45:42,018 INFO [main][DiscoveryClient.java:1056] - The response status is 200
[wanxinp2p-gateway-server][${env:SERVER_PORT}] 2021-10-19 11:45:42,021 INFO [main][DiscoveryClient.java:1270] - Starting heartbeat executor: renew interval is: 30
[wanxinp2p-gateway-server][${env:SERVER_PORT}] 2021-10-19 11:45:42,027 INFO [main][InstanceInfoReplicator.java:60] - InstanceInfoReplicator onDemand update allowed rate per min is 4
[wanxinp2p-gateway-server][${env:SERVER_PORT}] 2021-10-19 11:45:42,035 INFO [main][DiscoveryClient.java:449] - Discovery Client initialized at timestamp 1634615142033 with initial instances count: 0
[wanxinp2p-gateway-server][${env:SERVER_PORT}] 2021-10-19 11:45:42,038 INFO [main][EurekaServiceRegistry.java:42] - Registering application GATEWAY-SERVER with eureka with status UP
[wanxinp2p-gateway-server][${env:SERVER_PORT}] 2021-10-19 11:45:42,039 INFO [main][DiscoveryClient.java:1305] - Saw local status change event StatusChangeEvent [timestamp=1634615142039, current=UP, previous=STARTING]
[wanxinp2p-gateway-server][${env:SERVER_PORT}] 2021-10-19 11:45:42,055 INFO [DiscoveryClient-InstanceInfoReplicator-0][DiscoveryClient.java:826] - DiscoveryClient_GATEWAY-SERVER/gateway-server:192.168.0.13:53010: registering service...
[wanxinp2p-gateway-server][${env:SERVER_PORT}] 2021-10-19 11:45:42,085 INFO [main][DirectJDKLog.java:173] - Starting ProtocolHandler ["http-nio-53010"]
[wanxinp2p-gateway-server][${env:SERVER_PORT}] 2021-10-19 11:45:42,167 INFO [main][TomcatWebServer.java:204] - Tomcat started on port(s): 53010 (http) with context path ''
[wanxinp2p-gateway-server][${env:SERVER_PORT}] 2021-10-19 11:45:42,169 INFO [main][EurekaAutoServiceRegistration.java:141] - Updating port to 53010
[wanxinp2p-gateway-server][${env:SERVER_PORT}] 2021-10-19 11:45:42,173 INFO [main][StartupInfoLogger.java:59] - Started GatewayServer in 17.148 seconds (JVM running for 20.587)
[wanxinp2p-gateway-server][${env:SERVER_PORT}] 2021-10-19 11:45:42,302 INFO [DiscoveryClient-InstanceInfoReplicator-0][DiscoveryClient.java:835] - DiscoveryClient_GATEWAY-SERVER/gateway-server:192.168.0.13:53010 - registration status: 204
[wanxinp2p-gateway-server][${env:SERVER_PORT}] 2021-10-19 11:45:43,294 INFO [RMI TCP Connection(5)-192.168.0.13][EpollProvider.java:68] - Starting without optional epoll library
[wanxinp2p-gateway-server][${env:SERVER_PORT}] 2021-10-19 11:45:43,299 INFO [RMI TCP Connection(5)-192.168.0.13][KqueueProvider.java:70] - Starting without optional kqueue library
[wanxinp2p-gateway-server][${env:SERVER_PORT}] 2021-10-19 11:45:43,869 INFO [RMI TCP Connection(7)-192.168.0.13][DirectJDKLog.java:173] - Initializing Spring DispatcherServlet 'dispatcherServlet'
[wanxinp2p-gateway-server][${env:SERVER_PORT}] 2021-10-19 11:45:43,870 INFO [RMI TCP Connection(7)-192.168.0.13][FrameworkServlet.java:524] - Initializing Servlet 'dispatcherServlet'
[wanxinp2p-gateway-server][${env:SERVER_PORT}] 2021-10-19 11:45:43,889 INFO [RMI TCP Connection(7)-192.168.0.13][FrameworkServlet.java:546] - Completed initialization in 19 ms
[wanxinp2p-gateway-server][${env:SERVER_PORT}] 2021-10-19 11:46:12,037 INFO [DiscoveryClient-CacheRefreshExecutor-0][DiscoveryClient.java:958] - Disable delta property : false
[wanxinp2p-gateway-server][${env:SERVER_PORT}] 2021-10-19 11:46:12,037 INFO [DiscoveryClient-CacheRefreshExecutor-0][DiscoveryClient.java:959] - Single vip registry refresh property : null
[wanxinp2p-gateway-server][${env:SERVER_PORT}] 2021-10-19 11:46:12,038 INFO [DiscoveryClient-CacheRefreshExecutor-0][DiscoveryClient.java:960] - Force full registry fetch : false
[wanxinp2p-gateway-server][${env:SERVER_PORT}] 2021-10-19 11:46:12,038 INFO [DiscoveryClient-CacheRefreshExecutor-0][DiscoveryClient.java:961] - Application is null : false
[wanxinp2p-gateway-server][${env:SERVER_PORT}] 2021-10-19 11:46:12,038 INFO [DiscoveryClient-CacheRefreshExecutor-0][DiscoveryClient.java:962] - Registered Applications size is zero : true
[wanxinp2p-gateway-server][${env:SERVER_PORT}] 2021-10-19 11:46:12,038 INFO [DiscoveryClient-CacheRefreshExecutor-0][DiscoveryClient.java:964] - Application version is -1: false
[wanxinp2p-gateway-server][${env:SERVER_PORT}] 2021-10-19 11:46:12,038 INFO [DiscoveryClient-CacheRefreshExecutor-0][DiscoveryClient.java:1047] - Getting all instance registry info from the eureka server
[wanxinp2p-gateway-server][${env:SERVER_PORT}] 2021-10-19 11:46:12,113 INFO [DiscoveryClient-CacheRefreshExecutor-0][DiscoveryClient.java:1056] - The response status is 200
[wanxinp2p-gateway-server][${env:SERVER_PORT}] 2021-10-19 11:47:15,602 INFO [http-nio-53010-exec-2][ChainedDynamicProperty.java:115] - Flipping property: consumer-service.ribbon.ActiveConnectionsLimit to use NEXT property: niws.loadbalancer.availabilityFilteringRule.activeConnectionsLimit = 2147483647
[wanxinp2p-gateway-server][${env:SERVER_PORT}] 2021-10-19 11:47:15,792 INFO [http-nio-53010-exec-2][ShutdownEnabledTimer.java:58] - Shutdown hook installed for: NFLoadBalancer-PingTimer-consumer-service
[wanxinp2p-gateway-server][${env:SERVER_PORT}] 2021-10-19 11:47:15,794 INFO [http-nio-53010-exec-2][BaseLoadBalancer.java:197] - Client: consumer-service instantiated a LoadBalancer: DynamicServerListLoadBalancer:{NFLoadBalancer:name=consumer-service,current list of Servers=[],Load balancer stats=Zone stats: {},Server stats: []}ServerList:null
[wanxinp2p-gateway-server][${env:SERVER_PORT}] 2021-10-19 11:47:15,813 INFO [http-nio-53010-exec-2][DynamicServerListLoadBalancer.java:222] - Using serverListUpdater PollingServerListUpdater
[wanxinp2p-gateway-server][${env:SERVER_PORT}] 2021-10-19 11:47:15,905 INFO [http-nio-53010-exec-2][ChainedDynamicProperty.java:115] - Flipping property: consumer-service.ribbon.ActiveConnectionsLimit to use NEXT property: niws.loadbalancer.availabilityFilteringRule.activeConnectionsLimit = 2147483647
[wanxinp2p-gateway-server][${env:SERVER_PORT}] 2021-10-19 11:47:15,908 INFO [http-nio-53010-exec-2][DynamicServerListLoadBalancer.java:150] - DynamicServerListLoadBalancer for client consumer-service initialized: DynamicServerListLoadBalancer:{NFLoadBalancer:name=consumer-service,current list of Servers=[192.168.0.13:53050],Load balancer stats=Zone stats: {defaultzone=[Zone:defaultzone;	Instance count:1;	Active connections count: 0;	Circuit breaker tripped count: 0;	Active connections per server: 0.0;]
},Server stats: [[Server:192.168.0.13:53050;	Zone:defaultZone;	Total Requests:0;	Successive connection failure:0;	Total blackout seconds:0;	Last connection made:Thu Jan 01 08:00:00 CST 1970;	First connection made: Thu Jan 01 08:00:00 CST 1970;	Active Connections:0;	total failure count in last (1000) msecs:0;	average resp time:0.0;	90 percentile resp time:0.0;	95 percentile resp time:0.0;	min resp time:0.0;	max resp time:0.0;	stddev resp time:0.0]
]}ServerList:org.springframework.cloud.netflix.ribbon.eureka.DomainExtractingServerList@11d1763a
[wanxinp2p-gateway-server][${env:SERVER_PORT}] 2021-10-19 11:47:15,977 WARN [http-nio-53010-exec-2][AbstractRibbonCommand.java:115] - The Hystrix timeout of 93000ms for the command consumer-service is set lower than the combination of the Ribbon read and connect timeout, 104000ms.
[wanxinp2p-gateway-server][${env:SERVER_PORT}] 2021-10-19 11:47:16,830 INFO [PollingServerListUpdater-0][ChainedDynamicProperty.java:115] - Flipping property: consumer-service.ribbon.ActiveConnectionsLimit to use NEXT property: niws.loadbalancer.availabilityFilteringRule.activeConnectionsLimit = 2147483647
[wanxinp2p-gateway-server][${env:SERVER_PORT}] 2021-10-19 11:47:28,823 WARN [http-nio-53010-exec-3][AbstractRibbonCommand.java:115] - The Hystrix timeout of 93000ms for the command consumer-service is set lower than the combination of the Ribbon read and connect timeout, 104000ms.
[wanxinp2p-gateway-server][${env:SERVER_PORT}] 2021-10-19 11:47:37,960 WARN [http-nio-53010-exec-9][AbstractRibbonCommand.java:115] - The Hystrix timeout of 93000ms for the command consumer-service is set lower than the combination of the Ribbon read and connect timeout, 104000ms.
[wanxinp2p-gateway-server][${env:SERVER_PORT}] 2021-10-19 11:50:41,521 INFO [AsyncResolver-bootstrap-executor-0][ConfigClusterResolver.java:43] - Resolving eureka endpoints via configuration
[wanxinp2p-gateway-server][${env:SERVER_PORT}] 2021-10-19 11:50:42,777 INFO [http-nio-53010-exec-7][ChainedDynamicProperty.java:115] - Flipping property: account-service.ribbon.ActiveConnectionsLimit to use NEXT property: niws.loadbalancer.availabilityFilteringRule.activeConnectionsLimit = 2147483647
[wanxinp2p-gateway-server][${env:SERVER_PORT}] 2021-10-19 11:50:42,786 INFO [http-nio-53010-exec-7][ShutdownEnabledTimer.java:58] - Shutdown hook installed for: NFLoadBalancer-PingTimer-account-service
[wanxinp2p-gateway-server][${env:SERVER_PORT}] 2021-10-19 11:50:42,786 INFO [http-nio-53010-exec-7][BaseLoadBalancer.java:197] - Client: account-service instantiated a LoadBalancer: DynamicServerListLoadBalancer:{NFLoadBalancer:name=account-service,current list of Servers=[],Load balancer stats=Zone stats: {},Server stats: []}ServerList:null
[wanxinp2p-gateway-server][${env:SERVER_PORT}] 2021-10-19 11:50:42,789 INFO [http-nio-53010-exec-7][DynamicServerListLoadBalancer.java:222] - Using serverListUpdater PollingServerListUpdater
[wanxinp2p-gateway-server][${env:SERVER_PORT}] 2021-10-19 11:50:42,790 INFO [http-nio-53010-exec-7][ChainedDynamicProperty.java:115] - Flipping property: account-service.ribbon.ActiveConnectionsLimit to use NEXT property: niws.loadbalancer.availabilityFilteringRule.activeConnectionsLimit = 2147483647
[wanxinp2p-gateway-server][${env:SERVER_PORT}] 2021-10-19 11:50:42,791 INFO [http-nio-53010-exec-7][DynamicServerListLoadBalancer.java:150] - DynamicServerListLoadBalancer for client account-service initialized: DynamicServerListLoadBalancer:{NFLoadBalancer:name=account-service,current list of Servers=[192.168.0.13:53030],Load balancer stats=Zone stats: {defaultzone=[Zone:defaultzone;	Instance count:1;	Active connections count: 0;	Circuit breaker tripped count: 0;	Active connections per server: 0.0;]
},Server stats: [[Server:192.168.0.13:53030;	Zone:defaultZone;	Total Requests:0;	Successive connection failure:0;	Total blackout seconds:0;	Last connection made:Thu Jan 01 08:00:00 CST 1970;	First connection made: Thu Jan 01 08:00:00 CST 1970;	Active Connections:0;	total failure count in last (1000) msecs:0;	average resp time:0.0;	90 percentile resp time:0.0;	95 percentile resp time:0.0;	min resp time:0.0;	max resp time:0.0;	stddev resp time:0.0]
]}ServerList:org.springframework.cloud.netflix.ribbon.eureka.DomainExtractingServerList@291264d2
[wanxinp2p-gateway-server][${env:SERVER_PORT}] 2021-10-19 11:50:42,800 WARN [http-nio-53010-exec-7][AbstractRibbonCommand.java:115] - The Hystrix timeout of 93000ms for the command account-service is set lower than the combination of the Ribbon read and connect timeout, 104000ms.
[wanxinp2p-gateway-server][${env:SERVER_PORT}] 2021-10-19 11:50:43,793 INFO [PollingServerListUpdater-0][ChainedDynamicProperty.java:115] - Flipping property: account-service.ribbon.ActiveConnectionsLimit to use NEXT property: niws.loadbalancer.availabilityFilteringRule.activeConnectionsLimit = 2147483647
[wanxinp2p-gateway-server][${env:SERVER_PORT}] 2021-10-19 11:50:44,330 INFO [http-nio-53010-exec-1][ChainedDynamicProperty.java:115] - Flipping property: uaa-service.ribbon.ActiveConnectionsLimit to use NEXT property: niws.loadbalancer.availabilityFilteringRule.activeConnectionsLimit = 2147483647
[wanxinp2p-gateway-server][${env:SERVER_PORT}] 2021-10-19 11:50:44,334 INFO [http-nio-53010-exec-1][ShutdownEnabledTimer.java:58] - Shutdown hook installed for: NFLoadBalancer-PingTimer-uaa-service
[wanxinp2p-gateway-server][${env:SERVER_PORT}] 2021-10-19 11:50:44,335 INFO [http-nio-53010-exec-1][BaseLoadBalancer.java:197] - Client: uaa-service instantiated a LoadBalancer: DynamicServerListLoadBalancer:{NFLoadBalancer:name=uaa-service,current list of Servers=[],Load balancer stats=Zone stats: {},Server stats: []}ServerList:null
[wanxinp2p-gateway-server][${env:SERVER_PORT}] 2021-10-19 11:50:44,338 INFO [http-nio-53010-exec-1][DynamicServerListLoadBalancer.java:222] - Using serverListUpdater PollingServerListUpdater
[wanxinp2p-gateway-server][${env:SERVER_PORT}] 2021-10-19 11:50:44,340 INFO [http-nio-53010-exec-1][ChainedDynamicProperty.java:115] - Flipping property: uaa-service.ribbon.ActiveConnectionsLimit to use NEXT property: niws.loadbalancer.availabilityFilteringRule.activeConnectionsLimit = 2147483647
[wanxinp2p-gateway-server][${env:SERVER_PORT}] 2021-10-19 11:50:44,343 INFO [http-nio-53010-exec-1][DynamicServerListLoadBalancer.java:150] - DynamicServerListLoadBalancer for client uaa-service initialized: DynamicServerListLoadBalancer:{NFLoadBalancer:name=uaa-service,current list of Servers=[192.168.0.13:53020],Load balancer stats=Zone stats: {defaultzone=[Zone:defaultzone;	Instance count:1;	Active connections count: 0;	Circuit breaker tripped count: 0;	Active connections per server: 0.0;]
},Server stats: [[Server:192.168.0.13:53020;	Zone:defaultZone;	Total Requests:0;	Successive connection failure:0;	Total blackout seconds:0;	Last connection made:Thu Jan 01 08:00:00 CST 1970;	First connection made: Thu Jan 01 08:00:00 CST 1970;	Active Connections:0;	total failure count in last (1000) msecs:0;	average resp time:0.0;	90 percentile resp time:0.0;	95 percentile resp time:0.0;	min resp time:0.0;	max resp time:0.0;	stddev resp time:0.0]
]}ServerList:org.springframework.cloud.netflix.ribbon.eureka.DomainExtractingServerList@6cb7f1a9
[wanxinp2p-gateway-server][${env:SERVER_PORT}] 2021-10-19 11:50:44,354 WARN [http-nio-53010-exec-1][AbstractRibbonCommand.java:115] - The Hystrix timeout of 93000ms for the command uaa-service is set lower than the combination of the Ribbon read and connect timeout, 104000ms.
[wanxinp2p-gateway-server][${env:SERVER_PORT}] 2021-10-19 11:50:45,348 INFO [PollingServerListUpdater-1][ChainedDynamicProperty.java:115] - Flipping property: uaa-service.ribbon.ActiveConnectionsLimit to use NEXT property: niws.loadbalancer.availabilityFilteringRule.activeConnectionsLimit = 2147483647
[wanxinp2p-gateway-server][${env:SERVER_PORT}] 2021-10-19 11:50:46,939 WARN [http-nio-53010-exec-2][AbstractRibbonCommand.java:115] - The Hystrix timeout of 93000ms for the command consumer-service is set lower than the combination of the Ribbon read and connect timeout, 104000ms.
[wanxinp2p-gateway-server][${env:SERVER_PORT}] 2021-10-19 11:51:23,592 WARN [http-nio-53010-exec-4][AbstractRibbonCommand.java:115] - The Hystrix timeout of 93000ms for the command consumer-service is set lower than the combination of the Ribbon read and connect timeout, 104000ms.
[wanxinp2p-gateway-server][${env:SERVER_PORT}] 2021-10-19 11:51:23,595 WARN [http-nio-53010-exec-8][AbstractRibbonCommand.java:115] - The Hystrix timeout of 93000ms for the command consumer-service is set lower than the combination of the Ribbon read and connect timeout, 104000ms.
[wanxinp2p-gateway-server][${env:SERVER_PORT}] 2021-10-19 11:53:01,468 WARN [http-nio-53010-exec-1][AbstractRibbonCommand.java:115] - The Hystrix timeout of 93000ms for the command consumer-service is set lower than the combination of the Ribbon read and connect timeout, 104000ms.
[wanxinp2p-gateway-server][${env:SERVER_PORT}] 2021-10-19 11:53:01,470 WARN [http-nio-53010-exec-5][AbstractRibbonCommand.java:115] - The Hystrix timeout of 93000ms for the command consumer-service is set lower than the combination of the Ribbon read and connect timeout, 104000ms.
[wanxinp2p-gateway-server][${env:SERVER_PORT}] 2021-10-19 11:54:27,614 WARN [http-nio-53010-exec-9][AbstractRibbonCommand.java:115] - The Hystrix timeout of 93000ms for the command consumer-service is set lower than the combination of the Ribbon read and connect timeout, 104000ms.
[wanxinp2p-gateway-server][${env:SERVER_PORT}] 2021-10-19 11:55:04,835 WARN [http-nio-53010-exec-4][AbstractRibbonCommand.java:115] - The Hystrix timeout of 93000ms for the command consumer-service is set lower than the combination of the Ribbon read and connect timeout, 104000ms.
[wanxinp2p-gateway-server][${env:SERVER_PORT}] 2021-10-19 11:55:41,537 INFO [AsyncResolver-bootstrap-executor-0][ConfigClusterResolver.java:43] - Resolving eureka endpoints via configuration
[wanxinp2p-gateway-server][${env:SERVER_PORT}] 2021-10-19 11:57:00,872 WARN [http-nio-53010-exec-2][AbstractRibbonCommand.java:115] - The Hystrix timeout of 93000ms for the command consumer-service is set lower than the combination of the Ribbon read and connect timeout, 104000ms.
[wanxinp2p-gateway-server][${env:SERVER_PORT}] 2021-10-19 11:57:04,073 WARN [http-nio-53010-exec-9][AbstractRibbonCommand.java:115] - The Hystrix timeout of 93000ms for the command consumer-service is set lower than the combination of the Ribbon read and connect timeout, 104000ms.
[wanxinp2p-gateway-server][${env:SERVER_PORT}] 2021-10-19 11:57:11,237 WARN [http-nio-53010-exec-8][AbstractRibbonCommand.java:115] - The Hystrix timeout of 93000ms for the command consumer-service is set lower than the combination of the Ribbon read and connect timeout, 104000ms.
[wanxinp2p-gateway-server][${env:SERVER_PORT}] 2021-10-19 11:57:14,637 WARN [http-nio-53010-exec-1][AbstractRibbonCommand.java:115] - The Hystrix timeout of 93000ms for the command consumer-service is set lower than the combination of the Ribbon read and connect timeout, 104000ms.
[wanxinp2p-gateway-server][${env:SERVER_PORT}] 2021-10-19 11:57:20,646 WARN [http-nio-53010-exec-3][AbstractRibbonCommand.java:115] - The Hystrix timeout of 93000ms for the command consumer-service is set lower than the combination of the Ribbon read and connect timeout, 104000ms.
[wanxinp2p-gateway-server][${env:SERVER_PORT}] 2021-10-19 11:57:40,232 WARN [http-nio-53010-exec-6][AbstractRibbonCommand.java:115] - The Hystrix timeout of 93000ms for the command consumer-service is set lower than the combination of the Ribbon read and connect timeout, 104000ms.
[wanxinp2p-gateway-server][${env:SERVER_PORT}] 2021-10-19 11:57:42,899 WARN [http-nio-53010-exec-4][AbstractRibbonCommand.java:115] - The Hystrix timeout of 93000ms for the command consumer-service is set lower than the combination of the Ribbon read and connect timeout, 104000ms.
