[wanxinp2p-consumer-service][${env:SERVER_PORT}] 2021-10-13 18:36:18,804 INFO [main][DefaultApplicationProvider.java:85] - App ID is set to consumer-service by app.id property from System Property
[wanxinp2p-consumer-service][${env:SERVER_PORT}] 2021-10-13 18:36:18,813 INFO [main][DefaultServerProvider.java:108] - Environment is set to [dev] by JVM system property 'env'.
[wanxinp2p-consumer-service][${env:SERVER_PORT}] 2021-10-13 18:36:18,877 WARN [main][DefaultMetaServerProvider.java:39] - Could not find meta server address, because it is not available in neither (1) JVM system property 'apollo.meta', (2) OS env variable 'APOLLO_META' (3) property 'apollo.meta' from server.properties nor (4) property 'apollo.meta' from app.properties
[wanxinp2p-consumer-service][${env:SERVER_PORT}] 2021-10-13 18:36:18,881 INFO [main][MetaDomainConsts.java:93] - Located meta server address http://localhost:8080 for env DEV from com.ctrip.framework.apollo.core.internals.LegacyMetaServerProvider
[wanxinp2p-consumer-service][${env:SERVER_PORT}] 2021-10-13 18:36:19,606 INFO [main][SpringApplication.java:675] - No active profile set, falling back to default profiles: default
[wanxinp2p-consumer-service][${env:SERVER_PORT}] 2021-10-13 18:36:22,844 INFO [main][RepositoryConfigurationDelegate.java:244] - Multiple Spring Data modules found, entering strict repository configuration mode!
[wanxinp2p-consumer-service][${env:SERVER_PORT}] 2021-10-13 18:36:22,849 INFO [main][RepositoryConfigurationDelegate.java:126] - Bootstrapping Spring Data repositories in DEFAULT mode.
[wanxinp2p-consumer-service][${env:SERVER_PORT}] 2021-10-13 18:36:22,895 INFO [main][RepositoryConfigurationDelegate.java:182] - Finished Spring Data repository scanning in 19ms. Found 0 repository interfaces.
[wanxinp2p-consumer-service][${env:SERVER_PORT}] 2021-10-13 18:36:23,099 WARN [main][EndpointId.java:135] - Endpoint ID 'service-registry' contains invalid characters, please migrate to a valid format.
[wanxinp2p-consumer-service][${env:SERVER_PORT}] 2021-10-13 18:36:23,292 INFO [main][ConfigurationClassPostProcessor.java:380] - Cannot enhance @Configuration bean definition 'com.ctrip.framework.apollo.spring.boot.ApolloAutoConfiguration' since its singleton instance has been created too early. The typical cause is a non-static @Bean method with a BeanDefinitionRegistryPostProcessor return type: Consider declaring such methods as 'static'.
[wanxinp2p-consumer-service][${env:SERVER_PORT}] 2021-10-13 18:36:23,536 INFO [main][GenericScope.java:294] - BeanFactory id=a745eec6-fb55-300e-8c84-b2dba31b4e3e
[wanxinp2p-consumer-service][${env:SERVER_PORT}] 2021-10-13 18:36:23,592 WARN [main][PropertySourcesDeducer.java:75] - Multiple PropertySourcesPlaceholderConfigurer beans registered [propertySourcesPlaceholderConfigurer, org.springframework.context.support.PropertySourcesPlaceholderConfigurer], falling back to Environment
[wanxinp2p-consumer-service][${env:SERVER_PORT}] 2021-10-13 18:36:23,617 INFO [main][PostProcessorRegistrationDelegate.java:330] - Bean 'cn.itcast.wanxinp2p.consumer.agent.AccountApiAgent' of type [org.springframework.cloud.openfeign.FeignClientFactoryBean] is not eligible for getting processed by all BeanPostProcessors (for example: not eligible for auto-proxying)
[wanxinp2p-consumer-service][${env:SERVER_PORT}] 2021-10-13 18:36:23,681 INFO [main][PostProcessorRegistrationDelegate.java:330] - Bean 'com.alibaba.druid.spring.boot.autoconfigure.stat.DruidSpringAopConfiguration' of type [com.alibaba.druid.spring.boot.autoconfigure.stat.DruidSpringAopConfiguration] is not eligible for getting processed by all BeanPostProcessors (for example: not eligible for auto-proxying)
[wanxinp2p-consumer-service][${env:SERVER_PORT}] 2021-10-13 18:36:23,707 INFO [main][PostProcessorRegistrationDelegate.java:330] - Bean 'org.apache.rocketmq.spring.autoconfigure.RocketMQAutoConfiguration' of type [org.apache.rocketmq.spring.autoconfigure.RocketMQAutoConfiguration$$EnhancerBySpringCGLIB$$eec903b] is not eligible for getting processed by all BeanPostProcessors (for example: not eligible for auto-proxying)
[wanxinp2p-consumer-service][${env:SERVER_PORT}] 2021-10-13 18:36:23,731 INFO [main][PostProcessorRegistrationDelegate.java:330] - Bean 'rocketmq-org.apache.rocketmq.spring.autoconfigure.RocketMQProperties' of type [org.apache.rocketmq.spring.autoconfigure.RocketMQProperties] is not eligible for getting processed by all BeanPostProcessors (for example: not eligible for auto-proxying)
[wanxinp2p-consumer-service][${env:SERVER_PORT}] 2021-10-13 18:36:24,473 INFO [main][PostProcessorRegistrationDelegate.java:330] - Bean 'defaultMQProducer' of type [org.apache.rocketmq.client.producer.DefaultMQProducer] is not eligible for getting processed by all BeanPostProcessors (for example: not eligible for auto-proxying)
[wanxinp2p-consumer-service][${env:SERVER_PORT}] 2021-10-13 18:36:24,478 INFO [main][PostProcessorRegistrationDelegate.java:330] - Bean 'org.springframework.boot.autoconfigure.jackson.JacksonAutoConfiguration$JacksonObjectMapperConfiguration' of type [org.springframework.boot.autoconfigure.jackson.JacksonAutoConfiguration$JacksonObjectMapperConfiguration$$EnhancerBySpringCGLIB$$41ea00d0] is not eligible for getting processed by all BeanPostProcessors (for example: not eligible for auto-proxying)
[wanxinp2p-consumer-service][${env:SERVER_PORT}] 2021-10-13 18:36:24,486 INFO [main][PostProcessorRegistrationDelegate.java:330] - Bean 'org.springframework.boot.autoconfigure.jackson.JacksonAutoConfiguration$JacksonObjectMapperBuilderConfiguration' of type [org.springframework.boot.autoconfigure.jackson.JacksonAutoConfiguration$JacksonObjectMapperBuilderConfiguration$$EnhancerBySpringCGLIB$$f436c2e9] is not eligible for getting processed by all BeanPostProcessors (for example: not eligible for auto-proxying)
[wanxinp2p-consumer-service][${env:SERVER_PORT}] 2021-10-13 18:36:24,489 INFO [main][PostProcessorRegistrationDelegate.java:330] - Bean 'org.springframework.boot.autoconfigure.jackson.JacksonAutoConfiguration$Jackson2ObjectMapperBuilderCustomizerConfiguration' of type [org.springframework.boot.autoconfigure.jackson.JacksonAutoConfiguration$Jackson2ObjectMapperBuilderCustomizerConfiguration$$EnhancerBySpringCGLIB$$af4da8d8] is not eligible for getting processed by all BeanPostProcessors (for example: not eligible for auto-proxying)
[wanxinp2p-consumer-service][${env:SERVER_PORT}] 2021-10-13 18:36:24,497 INFO [main][PostProcessorRegistrationDelegate.java:330] - Bean 'spring.jackson-org.springframework.boot.autoconfigure.jackson.JacksonProperties' of type [org.springframework.boot.autoconfigure.jackson.JacksonProperties] is not eligible for getting processed by all BeanPostProcessors (for example: not eligible for auto-proxying)
[wanxinp2p-consumer-service][${env:SERVER_PORT}] 2021-10-13 18:36:24,500 INFO [main][PostProcessorRegistrationDelegate.java:330] - Bean 'standardJacksonObjectMapperBuilderCustomizer' of type [org.springframework.boot.autoconfigure.jackson.JacksonAutoConfiguration$Jackson2ObjectMapperBuilderCustomizerConfiguration$StandardJackson2ObjectMapperBuilderCustomizer] is not eligible for getting processed by all BeanPostProcessors (for example: not eligible for auto-proxying)
[wanxinp2p-consumer-service][${env:SERVER_PORT}] 2021-10-13 18:36:24,508 INFO [main][PostProcessorRegistrationDelegate.java:330] - Bean 'org.springframework.boot.autoconfigure.jackson.JacksonAutoConfiguration$ParameterNamesModuleConfiguration' of type [org.springframework.boot.autoconfigure.jackson.JacksonAutoConfiguration$ParameterNamesModuleConfiguration$$EnhancerBySpringCGLIB$$d6192006] is not eligible for getting processed by all BeanPostProcessors (for example: not eligible for auto-proxying)
[wanxinp2p-consumer-service][${env:SERVER_PORT}] 2021-10-13 18:36:24,519 INFO [main][PostProcessorRegistrationDelegate.java:330] - Bean 'parameterNamesModule' of type [com.fasterxml.jackson.module.paramnames.ParameterNamesModule] is not eligible for getting processed by all BeanPostProcessors (for example: not eligible for auto-proxying)
[wanxinp2p-consumer-service][${env:SERVER_PORT}] 2021-10-13 18:36:24,523 INFO [main][PostProcessorRegistrationDelegate.java:330] - Bean 'org.springframework.boot.autoconfigure.jackson.JacksonAutoConfiguration' of type [org.springframework.boot.autoconfigure.jackson.JacksonAutoConfiguration$$EnhancerBySpringCGLIB$$23f59e5f] is not eligible for getting processed by all BeanPostProcessors (for example: not eligible for auto-proxying)
[wanxinp2p-consumer-service][${env:SERVER_PORT}] 2021-10-13 18:36:24,600 INFO [main][PostProcessorRegistrationDelegate.java:330] - Bean 'jsonComponentModule' of type [org.springframework.boot.jackson.JsonComponentModule] is not eligible for getting processed by all BeanPostProcessors (for example: not eligible for auto-proxying)
[wanxinp2p-consumer-service][${env:SERVER_PORT}] 2021-10-13 18:36:24,601 INFO [main][PostProcessorRegistrationDelegate.java:330] - Bean 'org.springframework.data.web.config.SpringDataJacksonConfiguration' of type [org.springframework.data.web.config.SpringDataJacksonConfiguration] is not eligible for getting processed by all BeanPostProcessors (for example: not eligible for auto-proxying)
[wanxinp2p-consumer-service][${env:SERVER_PORT}] 2021-10-13 18:36:24,611 INFO [main][PostProcessorRegistrationDelegate.java:330] - Bean 'jacksonGeoModule' of type [org.springframework.data.geo.GeoModule] is not eligible for getting processed by all BeanPostProcessors (for example: not eligible for auto-proxying)
[wanxinp2p-consumer-service][${env:SERVER_PORT}] 2021-10-13 18:36:24,614 INFO [main][PostProcessorRegistrationDelegate.java:330] - Bean 'jacksonObjectMapperBuilder' of type [org.springframework.http.converter.json.Jackson2ObjectMapperBuilder] is not eligible for getting processed by all BeanPostProcessors (for example: not eligible for auto-proxying)
[wanxinp2p-consumer-service][${env:SERVER_PORT}] 2021-10-13 18:36:24,703 INFO [main][PostProcessorRegistrationDelegate.java:330] - Bean 'jacksonObjectMapper' of type [com.fasterxml.jackson.databind.ObjectMapper] is not eligible for getting processed by all BeanPostProcessors (for example: not eligible for auto-proxying)
[wanxinp2p-consumer-service][${env:SERVER_PORT}] 2021-10-13 18:36:27,982 INFO [main][PostProcessorRegistrationDelegate.java:330] - Bean 'rocketMQTemplate' of type [org.apache.rocketmq.spring.core.RocketMQTemplate] is not eligible for getting processed by all BeanPostProcessors (for example: not eligible for auto-proxying)
[wanxinp2p-consumer-service][${env:SERVER_PORT}] 2021-10-13 18:36:27,985 INFO [main][PostProcessorRegistrationDelegate.java:330] - Bean 'transactionHandlerRegistry' of type [org.apache.rocketmq.spring.config.TransactionHandlerRegistry] is not eligible for getting processed by all BeanPostProcessors (for example: not eligible for auto-proxying)
[wanxinp2p-consumer-service][${env:SERVER_PORT}] 2021-10-13 18:36:28,079 INFO [main][PostProcessorRegistrationDelegate.java:330] - Bean 'org.springframework.transaction.annotation.ProxyTransactionManagementConfiguration' of type [org.springframework.transaction.annotation.ProxyTransactionManagementConfiguration$$EnhancerBySpringCGLIB$$e656813f] is not eligible for getting processed by all BeanPostProcessors (for example: not eligible for auto-proxying)
[wanxinp2p-consumer-service][${env:SERVER_PORT}] 2021-10-13 18:36:28,124 INFO [main][PostProcessorRegistrationDelegate.java:330] - Bean 'spring.datasource.druid-com.alibaba.druid.spring.boot.autoconfigure.properties.DruidStatProperties' of type [com.alibaba.druid.spring.boot.autoconfigure.properties.DruidStatProperties] is not eligible for getting processed by all BeanPostProcessors (for example: not eligible for auto-proxying)
[wanxinp2p-consumer-service][${env:SERVER_PORT}] 2021-10-13 18:36:28,171 INFO [main][PostProcessorRegistrationDelegate.java:330] - Bean 'advisor' of type [org.springframework.aop.support.RegexpMethodPointcutAdvisor] is not eligible for getting processed by all BeanPostProcessors (for example: not eligible for auto-proxying)
[wanxinp2p-consumer-service][${env:SERVER_PORT}] 2021-10-13 18:36:28,194 INFO [main][PostProcessorRegistrationDelegate.java:330] - Bean 'org.springframework.cloud.autoconfigure.ConfigurationPropertiesRebinderAutoConfiguration' of type [org.springframework.cloud.autoconfigure.ConfigurationPropertiesRebinderAutoConfiguration$$EnhancerBySpringCGLIB$$270843c] is not eligible for getting processed by all BeanPostProcessors (for example: not eligible for auto-proxying)
[wanxinp2p-consumer-service][${env:SERVER_PORT}] 2021-10-13 18:36:28,848 INFO [main][TomcatWebServer.java:90] - Tomcat initialized with port(s): 53050 (http)
[wanxinp2p-consumer-service][${env:SERVER_PORT}] 2021-10-13 18:36:28,879 INFO [main][DirectJDKLog.java:173] - Initializing ProtocolHandler ["http-nio-53050"]
[wanxinp2p-consumer-service][${env:SERVER_PORT}] 2021-10-13 18:36:28,900 INFO [main][DirectJDKLog.java:173] - Starting service [Tomcat]
[wanxinp2p-consumer-service][${env:SERVER_PORT}] 2021-10-13 18:36:28,901 INFO [main][DirectJDKLog.java:173] - Starting Servlet engine: [Apache Tomcat/9.0.16]
[wanxinp2p-consumer-service][${env:SERVER_PORT}] 2021-10-13 18:36:28,912 INFO [main][DirectJDKLog.java:173] - The APR based Apache Tomcat Native library which allows optimal performance in production environments was not found on the java.library.path: [C:\Program Files\Java\jdk1.8.0_291\bin;C:\WINDOWS\Sun\Java\bin;C:\WINDOWS\system32;C:\WINDOWS;D:\java\Maven\apache-maven-3.6.3\bin;%MYSQL_HOME%\bin;C:\Program Files\Java\jdk1.8.0_291\bin;C:\Program Files (x86)\Common Files\Oracle\Java\javapath;C:\WINDOWS\system32;C:\WINDOWS;C:\WINDOWS\System32\Wbem;C:\WINDOWS\System32\WindowsPowerShell\v1.0\;C:\WINDOWS\System32\OpenSSH\;C:\Program Files\NVIDIA Corporation\NVIDIA NvDLISR;C:\Program Files (x86)\NVIDIA Corporation\PhysX\Common;C:\Users\12715\AppData\Local\Microsoft\WindowsApps;;.]
[wanxinp2p-consumer-service][${env:SERVER_PORT}] 2021-10-13 18:36:29,183 INFO [main][DirectJDKLog.java:173] - Initializing Spring embedded WebApplicationContext
[wanxinp2p-consumer-service][${env:SERVER_PORT}] 2021-10-13 18:36:29,183 INFO [main][ServletWebServerApplicationContext.java:296] - Root WebApplicationContext: initialization completed in 9530 ms
[wanxinp2p-consumer-service][${env:SERVER_PORT}] 2021-10-13 18:36:29,476 WARN [main][URLConfigurationSource.java:121] - No URLs will be polled as dynamic configuration sources.
[wanxinp2p-consumer-service][${env:SERVER_PORT}] 2021-10-13 18:36:29,477 INFO [main][URLConfigurationSource.java:122] - To enable URLs as dynamic configuration sources, define System property archaius.configurationSource.additionalUrls or make config.properties available on classpath.
[wanxinp2p-consumer-service][${env:SERVER_PORT}] 2021-10-13 18:36:29,504 INFO [main][DynamicPropertyFactory.java:281] - DynamicPropertyFactory is initialized with configuration sources: com.netflix.config.ConcurrentCompositeConfiguration@4fe8f2ae
[wanxinp2p-consumer-service][${env:SERVER_PORT}] 2021-10-13 18:36:29,754 INFO [main][DruidDataSourceAutoConfigure.java:56] - Init DruidDataSource
[wanxinp2p-consumer-service][${env:SERVER_PORT}] 2021-10-13 18:36:30,320 INFO [NettyClientSelector_1][Slf4jLoggerFactory.java:95] - closeChannel: close the connection to remote address[] result: true
[wanxinp2p-consumer-service][${env:SERVER_PORT}] 2021-10-13 18:36:30,351 INFO [NettyClientSelector_1][Slf4jLoggerFactory.java:95] - closeChannel: close the connection to remote address[] result: true
[wanxinp2p-consumer-service][${env:SERVER_PORT}] 2021-10-13 18:36:30,621 INFO [main][DruidDataSource.java:1002] - {dataSource-1} inited
[wanxinp2p-consumer-service][${env:SERVER_PORT}] 2021-10-13 18:36:34,353 INFO [main][EndpointLinksResolver.java:59] - Exposing 2 endpoint(s) beneath base path '/actuator'
[wanxinp2p-consumer-service][${env:SERVER_PORT}] 2021-10-13 18:36:34,522 INFO [main][PropertySourcedRequestMappingHandlerMapping.java:69] - Mapped URL path [/v2/api-docs] onto method [public org.springframework.http.ResponseEntity<springfox.documentation.spring.web.json.Json> springfox.documentation.swagger2.web.Swagger2Controller.getDocumentation(java.lang.String,javax.servlet.http.HttpServletRequest)]
[wanxinp2p-consumer-service][${env:SERVER_PORT}] 2021-10-13 18:36:34,859 WARN [main][URLConfigurationSource.java:121] - No URLs will be polled as dynamic configuration sources.
[wanxinp2p-consumer-service][${env:SERVER_PORT}] 2021-10-13 18:36:34,860 INFO [main][URLConfigurationSource.java:122] - To enable URLs as dynamic configuration sources, define System property archaius.configurationSource.additionalUrls or make config.properties available on classpath.
[wanxinp2p-consumer-service][${env:SERVER_PORT}] 2021-10-13 18:36:35,235 INFO [main][ExecutorConfigurationSupport.java:171] - Initializing ExecutorService 'applicationTaskExecutor'
[wanxinp2p-consumer-service][${env:SERVER_PORT}] 2021-10-13 18:36:36,962 INFO [main][InstanceInfoFactory.java:71] - Setting initial instance status as: STARTING
[wanxinp2p-consumer-service][${env:SERVER_PORT}] 2021-10-13 18:36:37,040 INFO [main][DiscoveryClient.java:349] - Initializing Eureka in region us-east-1
[wanxinp2p-consumer-service][${env:SERVER_PORT}] 2021-10-13 18:36:37,675 INFO [main][DiscoveryJerseyProvider.java:70] - Using JSON encoding codec LegacyJacksonJson
[wanxinp2p-consumer-service][${env:SERVER_PORT}] 2021-10-13 18:36:37,676 INFO [main][DiscoveryJerseyProvider.java:71] - Using JSON decoding codec LegacyJacksonJson
[wanxinp2p-consumer-service][${env:SERVER_PORT}] 2021-10-13 18:36:37,830 INFO [main][DiscoveryJerseyProvider.java:80] - Using XML encoding codec XStreamXml
[wanxinp2p-consumer-service][${env:SERVER_PORT}] 2021-10-13 18:36:37,830 INFO [main][DiscoveryJerseyProvider.java:81] - Using XML decoding codec XStreamXml
[wanxinp2p-consumer-service][${env:SERVER_PORT}] 2021-10-13 18:36:38,083 INFO [main][ConfigClusterResolver.java:43] - Resolving eureka endpoints via configuration
[wanxinp2p-consumer-service][${env:SERVER_PORT}] 2021-10-13 18:36:38,400 INFO [main][DiscoveryClient.java:958] - Disable delta property : false
[wanxinp2p-consumer-service][${env:SERVER_PORT}] 2021-10-13 18:36:38,400 INFO [main][DiscoveryClient.java:959] - Single vip registry refresh property : null
[wanxinp2p-consumer-service][${env:SERVER_PORT}] 2021-10-13 18:36:38,401 INFO [main][DiscoveryClient.java:960] - Force full registry fetch : false
[wanxinp2p-consumer-service][${env:SERVER_PORT}] 2021-10-13 18:36:38,401 INFO [main][DiscoveryClient.java:961] - Application is null : false
[wanxinp2p-consumer-service][${env:SERVER_PORT}] 2021-10-13 18:36:38,401 INFO [main][DiscoveryClient.java:962] - Registered Applications size is zero : true
[wanxinp2p-consumer-service][${env:SERVER_PORT}] 2021-10-13 18:36:38,402 INFO [main][DiscoveryClient.java:964] - Application version is -1: true
[wanxinp2p-consumer-service][${env:SERVER_PORT}] 2021-10-13 18:36:38,402 INFO [main][DiscoveryClient.java:1047] - Getting all instance registry info from the eureka server
[wanxinp2p-consumer-service][${env:SERVER_PORT}] 2021-10-13 18:36:40,316 INFO [main][DiscoveryClient.java:1056] - The response status is 200
[wanxinp2p-consumer-service][${env:SERVER_PORT}] 2021-10-13 18:36:40,319 INFO [main][DiscoveryClient.java:1270] - Starting heartbeat executor: renew interval is: 30
[wanxinp2p-consumer-service][${env:SERVER_PORT}] 2021-10-13 18:36:40,323 INFO [main][InstanceInfoReplicator.java:60] - InstanceInfoReplicator onDemand update allowed rate per min is 4
[wanxinp2p-consumer-service][${env:SERVER_PORT}] 2021-10-13 18:36:40,328 INFO [main][DiscoveryClient.java:449] - Discovery Client initialized at timestamp 1634121400327 with initial instances count: 0
[wanxinp2p-consumer-service][${env:SERVER_PORT}] 2021-10-13 18:36:40,330 INFO [main][EurekaServiceRegistry.java:42] - Registering application CONSUMER-SERVICE with eureka with status UP
[wanxinp2p-consumer-service][${env:SERVER_PORT}] 2021-10-13 18:36:40,333 INFO [main][DiscoveryClient.java:1305] - Saw local status change event StatusChangeEvent [timestamp=1634121400333, current=UP, previous=STARTING]
[wanxinp2p-consumer-service][${env:SERVER_PORT}] 2021-10-13 18:36:40,337 INFO [main][DocumentationPluginsBootstrapper.java:160] - Context refreshed
[wanxinp2p-consumer-service][${env:SERVER_PORT}] 2021-10-13 18:36:40,340 INFO [DiscoveryClient-InstanceInfoReplicator-0][DiscoveryClient.java:826] - DiscoveryClient_CONSUMER-SERVICE/consumer-service:192.168.0.13:53050: registering service...
[wanxinp2p-consumer-service][${env:SERVER_PORT}] 2021-10-13 18:36:40,382 INFO [main][DocumentationPluginsBootstrapper.java:163] - Found 1 custom documentation plugin(s)
[wanxinp2p-consumer-service][${env:SERVER_PORT}] 2021-10-13 18:36:40,470 INFO [main][ApiListingReferenceScanner.java:41] - Scanning for api listing references
[wanxinp2p-consumer-service][${env:SERVER_PORT}] 2021-10-13 18:36:40,544 INFO [DiscoveryClient-InstanceInfoReplicator-0][DiscoveryClient.java:835] - DiscoveryClient_CONSUMER-SERVICE/consumer-service:192.168.0.13:53050 - registration status: 204
[wanxinp2p-consumer-service][${env:SERVER_PORT}] 2021-10-13 18:36:40,619 INFO [main][DirectJDKLog.java:173] - Starting ProtocolHandler ["http-nio-53050"]
[wanxinp2p-consumer-service][${env:SERVER_PORT}] 2021-10-13 18:36:40,635 INFO [main][TomcatWebServer.java:204] - Tomcat started on port(s): 53050 (http) with context path '/consumer'
[wanxinp2p-consumer-service][${env:SERVER_PORT}] 2021-10-13 18:36:40,636 INFO [main][EurekaAutoServiceRegistration.java:141] - Updating port to 53050
[wanxinp2p-consumer-service][${env:SERVER_PORT}] 2021-10-13 18:36:40,637 INFO [main][StartupInfoLogger.java:59] - Started ConsumerService in 24.154 seconds (JVM running for 26.649)
[wanxinp2p-consumer-service][${env:SERVER_PORT}] 2021-10-13 18:36:41,979 INFO [RMI TCP Connection(8)-192.168.0.13][DirectJDKLog.java:173] - Initializing Spring DispatcherServlet 'dispatcherServlet'
[wanxinp2p-consumer-service][${env:SERVER_PORT}] 2021-10-13 18:36:41,980 INFO [RMI TCP Connection(8)-192.168.0.13][FrameworkServlet.java:524] - Initializing Servlet 'dispatcherServlet'
[wanxinp2p-consumer-service][${env:SERVER_PORT}] 2021-10-13 18:36:42,005 INFO [RMI TCP Connection(8)-192.168.0.13][FrameworkServlet.java:546] - Completed initialization in 25 ms
[wanxinp2p-consumer-service][${env:SERVER_PORT}] 2021-10-13 18:36:59,249 INFO [NettyClientSelector_1][Slf4jLoggerFactory.java:95] - closeChannel: close the connection to remote address[] result: true
[wanxinp2p-consumer-service][${env:SERVER_PORT}] 2021-10-13 18:37:00,022 INFO [NettyClientSelector_1][Slf4jLoggerFactory.java:95] - closeChannel: close the connection to remote address[] result: true
[wanxinp2p-consumer-service][${env:SERVER_PORT}] 2021-10-13 18:37:10,326 INFO [DiscoveryClient-CacheRefreshExecutor-0][DiscoveryClient.java:958] - Disable delta property : false
[wanxinp2p-consumer-service][${env:SERVER_PORT}] 2021-10-13 18:37:10,326 INFO [DiscoveryClient-CacheRefreshExecutor-0][DiscoveryClient.java:959] - Single vip registry refresh property : null
[wanxinp2p-consumer-service][${env:SERVER_PORT}] 2021-10-13 18:37:10,327 INFO [DiscoveryClient-CacheRefreshExecutor-0][DiscoveryClient.java:960] - Force full registry fetch : false
[wanxinp2p-consumer-service][${env:SERVER_PORT}] 2021-10-13 18:37:10,327 INFO [DiscoveryClient-CacheRefreshExecutor-0][DiscoveryClient.java:961] - Application is null : false
[wanxinp2p-consumer-service][${env:SERVER_PORT}] 2021-10-13 18:37:10,327 INFO [DiscoveryClient-CacheRefreshExecutor-0][DiscoveryClient.java:962] - Registered Applications size is zero : true
[wanxinp2p-consumer-service][${env:SERVER_PORT}] 2021-10-13 18:37:10,327 INFO [DiscoveryClient-CacheRefreshExecutor-0][DiscoveryClient.java:964] - Application version is -1: false
[wanxinp2p-consumer-service][${env:SERVER_PORT}] 2021-10-13 18:37:10,327 INFO [DiscoveryClient-CacheRefreshExecutor-0][DiscoveryClient.java:1047] - Getting all instance registry info from the eureka server
[wanxinp2p-consumer-service][${env:SERVER_PORT}] 2021-10-13 18:37:10,377 INFO [DiscoveryClient-CacheRefreshExecutor-0][DiscoveryClient.java:1056] - The response status is 200
[wanxinp2p-consumer-service][${env:SERVER_PORT}] 2021-10-13 18:37:29,246 INFO [NettyClientSelector_1][Slf4jLoggerFactory.java:95] - closeChannel: close the connection to remote address[] result: true
[wanxinp2p-consumer-service][${env:SERVER_PORT}] 2021-10-13 18:37:30,019 INFO [NettyClientSelector_1][Slf4jLoggerFactory.java:95] - closeChannel: close the connection to remote address[] result: true
[wanxinp2p-consumer-service][${env:SERVER_PORT}] 2021-10-13 18:37:59,232 INFO [NettyClientSelector_1][Slf4jLoggerFactory.java:95] - closeChannel: close the connection to remote address[] result: true
[wanxinp2p-consumer-service][${env:SERVER_PORT}] 2021-10-13 18:38:00,015 INFO [NettyClientSelector_1][Slf4jLoggerFactory.java:95] - closeChannel: close the connection to remote address[] result: true
[wanxinp2p-consumer-service][${env:SERVER_PORT}] 2021-10-13 18:38:29,265 INFO [NettyClientSelector_1][Slf4jLoggerFactory.java:95] - closeChannel: close the connection to remote address[] result: true
[wanxinp2p-consumer-service][${env:SERVER_PORT}] 2021-10-13 18:38:30,045 INFO [NettyClientSelector_1][Slf4jLoggerFactory.java:95] - closeChannel: close the connection to remote address[] result: true
[wanxinp2p-consumer-service][${env:SERVER_PORT}] 2021-10-13 18:38:59,238 INFO [NettyClientSelector_1][Slf4jLoggerFactory.java:95] - closeChannel: close the connection to remote address[] result: true
[wanxinp2p-consumer-service][${env:SERVER_PORT}] 2021-10-13 18:39:00,026 INFO [NettyClientSelector_1][Slf4jLoggerFactory.java:95] - closeChannel: close the connection to remote address[] result: true
[wanxinp2p-consumer-service][${env:SERVER_PORT}] 2021-10-13 18:39:29,246 INFO [NettyClientSelector_1][Slf4jLoggerFactory.java:95] - closeChannel: close the connection to remote address[] result: true
[wanxinp2p-consumer-service][${env:SERVER_PORT}] 2021-10-13 18:39:30,014 INFO [NettyClientSelector_1][Slf4jLoggerFactory.java:95] - closeChannel: close the connection to remote address[] result: true
[wanxinp2p-consumer-service][${env:SERVER_PORT}] 2021-10-13 18:39:59,255 INFO [NettyClientSelector_1][Slf4jLoggerFactory.java:95] - closeChannel: close the connection to remote address[] result: true
[wanxinp2p-consumer-service][${env:SERVER_PORT}] 2021-10-13 18:40:00,037 INFO [NettyClientSelector_1][Slf4jLoggerFactory.java:95] - closeChannel: close the connection to remote address[] result: true
[wanxinp2p-consumer-service][${env:SERVER_PORT}] 2021-10-13 18:40:29,247 INFO [NettyClientSelector_1][Slf4jLoggerFactory.java:95] - closeChannel: close the connection to remote address[] result: true
[wanxinp2p-consumer-service][${env:SERVER_PORT}] 2021-10-13 18:40:30,029 INFO [NettyClientSelector_1][Slf4jLoggerFactory.java:95] - closeChannel: close the connection to remote address[] result: true
[wanxinp2p-consumer-service][${env:SERVER_PORT}] 2021-10-13 18:40:59,240 INFO [NettyClientSelector_1][Slf4jLoggerFactory.java:95] - closeChannel: close the connection to remote address[] result: true
[wanxinp2p-consumer-service][${env:SERVER_PORT}] 2021-10-13 18:41:00,020 INFO [NettyClientSelector_1][Slf4jLoggerFactory.java:95] - closeChannel: close the connection to remote address[] result: true
[wanxinp2p-consumer-service][${env:SERVER_PORT}] 2021-10-13 18:41:29,237 INFO [NettyClientSelector_1][Slf4jLoggerFactory.java:95] - closeChannel: close the connection to remote address[] result: true
[wanxinp2p-consumer-service][${env:SERVER_PORT}] 2021-10-13 18:41:30,051 INFO [NettyClientSelector_1][Slf4jLoggerFactory.java:95] - closeChannel: close the connection to remote address[] result: true
[wanxinp2p-consumer-service][${env:SERVER_PORT}] 2021-10-13 18:41:38,414 INFO [AsyncResolver-bootstrap-executor-0][ConfigClusterResolver.java:43] - Resolving eureka endpoints via configuration
[wanxinp2p-consumer-service][${env:SERVER_PORT}] 2021-10-13 18:41:59,240 INFO [NettyClientSelector_1][Slf4jLoggerFactory.java:95] - closeChannel: close the connection to remote address[] result: true
[wanxinp2p-consumer-service][${env:SERVER_PORT}] 2021-10-13 18:42:00,012 INFO [NettyClientSelector_1][Slf4jLoggerFactory.java:95] - closeChannel: close the connection to remote address[] result: true
[wanxinp2p-consumer-service][${env:SERVER_PORT}] 2021-10-13 18:42:29,232 INFO [NettyClientSelector_1][Slf4jLoggerFactory.java:95] - closeChannel: close the connection to remote address[] result: true
[wanxinp2p-consumer-service][${env:SERVER_PORT}] 2021-10-13 18:42:30,033 INFO [NettyClientSelector_1][Slf4jLoggerFactory.java:95] - closeChannel: close the connection to remote address[] result: true
[wanxinp2p-consumer-service][${env:SERVER_PORT}] 2021-10-13 18:42:59,262 INFO [NettyClientSelector_1][Slf4jLoggerFactory.java:95] - closeChannel: close the connection to remote address[] result: true
[wanxinp2p-consumer-service][${env:SERVER_PORT}] 2021-10-13 18:43:00,036 INFO [NettyClientSelector_1][Slf4jLoggerFactory.java:95] - closeChannel: close the connection to remote address[] result: true
[wanxinp2p-consumer-service][${env:SERVER_PORT}] 2021-10-13 18:43:29,277 INFO [NettyClientSelector_1][Slf4jLoggerFactory.java:95] - closeChannel: close the connection to remote address[] result: true
[wanxinp2p-consumer-service][${env:SERVER_PORT}] 2021-10-13 18:43:30,031 INFO [NettyClientSelector_1][Slf4jLoggerFactory.java:95] - closeChannel: close the connection to remote address[] result: true
[wanxinp2p-consumer-service][${env:SERVER_PORT}] 2021-10-13 18:43:59,246 INFO [NettyClientSelector_1][Slf4jLoggerFactory.java:95] - closeChannel: close the connection to remote address[] result: true
[wanxinp2p-consumer-service][${env:SERVER_PORT}] 2021-10-13 18:44:00,054 INFO [NettyClientSelector_1][Slf4jLoggerFactory.java:95] - closeChannel: close the connection to remote address[] result: true
[wanxinp2p-consumer-service][${env:SERVER_PORT}] 2021-10-13 18:44:29,238 INFO [NettyClientSelector_1][Slf4jLoggerFactory.java:95] - closeChannel: close the connection to remote address[] result: true
[wanxinp2p-consumer-service][${env:SERVER_PORT}] 2021-10-13 18:44:30,024 INFO [NettyClientSelector_1][Slf4jLoggerFactory.java:95] - closeChannel: close the connection to remote address[] result: true
[wanxinp2p-consumer-service][${env:SERVER_PORT}] 2021-10-13 18:44:59,267 INFO [NettyClientSelector_1][Slf4jLoggerFactory.java:95] - closeChannel: close the connection to remote address[] result: true
[wanxinp2p-consumer-service][${env:SERVER_PORT}] 2021-10-13 18:45:00,030 INFO [NettyClientSelector_1][Slf4jLoggerFactory.java:95] - closeChannel: close the connection to remote address[] result: true
[wanxinp2p-consumer-service][${env:SERVER_PORT}] 2021-10-13 18:45:29,248 INFO [NettyClientSelector_1][Slf4jLoggerFactory.java:95] - closeChannel: close the connection to remote address[] result: true
[wanxinp2p-consumer-service][${env:SERVER_PORT}] 2021-10-13 18:45:30,016 INFO [NettyClientSelector_1][Slf4jLoggerFactory.java:95] - closeChannel: close the connection to remote address[] result: true
[wanxinp2p-consumer-service][${env:SERVER_PORT}] 2021-10-13 18:45:59,249 INFO [NettyClientSelector_1][Slf4jLoggerFactory.java:95] - closeChannel: close the connection to remote address[] result: true
[wanxinp2p-consumer-service][${env:SERVER_PORT}] 2021-10-13 18:46:00,021 INFO [NettyClientSelector_1][Slf4jLoggerFactory.java:95] - closeChannel: close the connection to remote address[] result: true
[wanxinp2p-consumer-service][${env:SERVER_PORT}] 2021-10-13 18:46:29,252 INFO [NettyClientSelector_1][Slf4jLoggerFactory.java:95] - closeChannel: close the connection to remote address[] result: true
[wanxinp2p-consumer-service][${env:SERVER_PORT}] 2021-10-13 18:46:30,035 INFO [NettyClientSelector_1][Slf4jLoggerFactory.java:95] - closeChannel: close the connection to remote address[] result: true
[wanxinp2p-consumer-service][${env:SERVER_PORT}] 2021-10-13 18:46:38,426 INFO [AsyncResolver-bootstrap-executor-0][ConfigClusterResolver.java:43] - Resolving eureka endpoints via configuration
[wanxinp2p-consumer-service][${env:SERVER_PORT}] 2021-10-13 18:46:59,246 INFO [NettyClientSelector_1][Slf4jLoggerFactory.java:95] - closeChannel: close the connection to remote address[] result: true
[wanxinp2p-consumer-service][${env:SERVER_PORT}] 2021-10-13 18:47:00,018 INFO [NettyClientSelector_1][Slf4jLoggerFactory.java:95] - closeChannel: close the connection to remote address[] result: true
[wanxinp2p-consumer-service][${env:SERVER_PORT}] 2021-10-13 18:47:29,251 INFO [NettyClientSelector_1][Slf4jLoggerFactory.java:95] - closeChannel: close the connection to remote address[] result: true
[wanxinp2p-consumer-service][${env:SERVER_PORT}] 2021-10-13 18:47:30,039 INFO [NettyClientSelector_1][Slf4jLoggerFactory.java:95] - closeChannel: close the connection to remote address[] result: true
[wanxinp2p-consumer-service][${env:SERVER_PORT}] 2021-10-13 18:47:59,248 INFO [NettyClientSelector_1][Slf4jLoggerFactory.java:95] - closeChannel: close the connection to remote address[] result: true
[wanxinp2p-consumer-service][${env:SERVER_PORT}] 2021-10-13 18:48:00,015 INFO [NettyClientSelector_1][Slf4jLoggerFactory.java:95] - closeChannel: close the connection to remote address[] result: true
