[wanxinp2p-discover-server][${env:SERVER_PORT}] 2021-10-11 21:00:06,702 INFO [Eureka-EvictionTimer][AbstractInstanceRegistry.java:1250] - Running the evict task with compensationTime 8ms
[wanxinp2p-discover-server][${env:SERVER_PORT}] 2021-10-11 21:00:16,709 INFO [Eureka-EvictionTimer][AbstractInstanceRegistry.java:1250] - Running the evict task with compensationTime 7ms
[wanxinp2p-discover-server][${env:SERVER_PORT}] 2021-10-11 21:00:26,711 INFO [Eureka-EvictionTimer][AbstractInstanceRegistry.java:1250] - Running the evict task with compensationTime 2ms
[wanxinp2p-discover-server][${env:SERVER_PORT}] 2021-10-11 21:00:36,711 INFO [Eureka-EvictionTimer][AbstractInstanceRegistry.java:1250] - Running the evict task with compensationTime 0ms
[wanxinp2p-discover-server][${env:SERVER_PORT}] 2021-10-11 21:00:46,717 INFO [Eureka-EvictionTimer][AbstractInstanceRegistry.java:1250] - Running the evict task with compensationTime 6ms
[wanxinp2p-discover-server][${env:SERVER_PORT}] 2021-10-11 21:00:56,733 INFO [Eureka-EvictionTimer][AbstractInstanceRegistry.java:1250] - Running the evict task with compensationTime 15ms
[wanxinp2p-discover-server][${env:SERVER_PORT}] 2021-10-11 21:01:06,748 INFO [Eureka-EvictionTimer][AbstractInstanceRegistry.java:1250] - Running the evict task with compensationTime 15ms
[wanxinp2p-discover-server][${env:SERVER_PORT}] 2021-10-11 21:01:16,758 INFO [Eureka-EvictionTimer][AbstractInstanceRegistry.java:1250] - Running the evict task with compensationTime 10ms
[wanxinp2p-discover-server][${env:SERVER_PORT}] 2021-10-11 21:01:26,771 INFO [Eureka-EvictionTimer][AbstractInstanceRegistry.java:1250] - Running the evict task with compensationTime 13ms
[wanxinp2p-discover-server][${env:SERVER_PORT}] 2021-10-11 21:01:36,784 INFO [Eureka-EvictionTimer][AbstractInstanceRegistry.java:1250] - Running the evict task with compensationTime 13ms
[wanxinp2p-discover-server][${env:SERVER_PORT}] 2021-10-11 21:01:46,787 INFO [Eureka-EvictionTimer][AbstractInstanceRegistry.java:1250] - Running the evict task with compensationTime 2ms
[wanxinp2p-discover-server][${env:SERVER_PORT}] 2021-10-11 21:01:56,802 INFO [Eureka-EvictionTimer][AbstractInstanceRegistry.java:1250] - Running the evict task with compensationTime 15ms
[wanxinp2p-discover-server][${env:SERVER_PORT}] 2021-10-11 21:02:06,815 INFO [Eureka-EvictionTimer][AbstractInstanceRegistry.java:1250] - Running the evict task with compensationTime 13ms
[wanxinp2p-discover-server][${env:SERVER_PORT}] 2021-10-11 21:02:16,819 INFO [Eureka-EvictionTimer][AbstractInstanceRegistry.java:1250] - Running the evict task with compensationTime 3ms
[wanxinp2p-discover-server][${env:SERVER_PORT}] 2021-10-11 21:02:26,825 INFO [Eureka-EvictionTimer][AbstractInstanceRegistry.java:1250] - Running the evict task with compensationTime 5ms
[wanxinp2p-discover-server][${env:SERVER_PORT}] 2021-10-11 21:02:36,833 INFO [Eureka-EvictionTimer][AbstractInstanceRegistry.java:1250] - Running the evict task with compensationTime 8ms
[wanxinp2p-discover-server][${env:SERVER_PORT}] 2021-10-11 21:02:46,841 INFO [Eureka-EvictionTimer][AbstractInstanceRegistry.java:1250] - Running the evict task with compensationTime 8ms
[wanxinp2p-discover-server][${env:SERVER_PORT}] 2021-10-11 21:02:56,848 INFO [Eureka-EvictionTimer][AbstractInstanceRegistry.java:1250] - Running the evict task with compensationTime 7ms
[wanxinp2p-discover-server][${env:SERVER_PORT}] 2021-10-11 21:03:06,854 INFO [Eureka-EvictionTimer][AbstractInstanceRegistry.java:1250] - Running the evict task with compensationTime 6ms
[wanxinp2p-discover-server][${env:SERVER_PORT}] 2021-10-11 21:03:16,861 INFO [Eureka-EvictionTimer][AbstractInstanceRegistry.java:1250] - Running the evict task with compensationTime 6ms
[wanxinp2p-discover-server][${env:SERVER_PORT}] 2021-10-11 21:03:26,866 INFO [Eureka-EvictionTimer][AbstractInstanceRegistry.java:1250] - Running the evict task with compensationTime 5ms
[wanxinp2p-discover-server][${env:SERVER_PORT}] 2021-10-11 21:03:36,866 INFO [Eureka-EvictionTimer][AbstractInstanceRegistry.java:1250] - Running the evict task with compensationTime 0ms
[wanxinp2p-discover-server][${env:SERVER_PORT}] 2021-10-11 21:03:46,870 INFO [Eureka-EvictionTimer][AbstractInstanceRegistry.java:1250] - Running the evict task with compensationTime 4ms
[wanxinp2p-discover-server][${env:SERVER_PORT}] 2021-10-11 21:03:56,874 INFO [Eureka-EvictionTimer][AbstractInstanceRegistry.java:1250] - Running the evict task with compensationTime 3ms
[wanxinp2p-discover-server][${env:SERVER_PORT}] 2021-10-11 21:04:06,882 INFO [Eureka-EvictionTimer][AbstractInstanceRegistry.java:1250] - Running the evict task with compensationTime 8ms
[wanxinp2p-discover-server][${env:SERVER_PORT}] 2021-10-11 21:04:16,895 INFO [Eureka-EvictionTimer][AbstractInstanceRegistry.java:1250] - Running the evict task with compensationTime 13ms
[wanxinp2p-discover-server][${env:SERVER_PORT}] 2021-10-11 21:04:26,896 INFO [Eureka-EvictionTimer][AbstractInstanceRegistry.java:1250] - Running the evict task with compensationTime 1ms
[wanxinp2p-discover-server][${env:SERVER_PORT}] 2021-10-11 21:04:36,905 INFO [Eureka-EvictionTimer][AbstractInstanceRegistry.java:1250] - Running the evict task with compensationTime 8ms
[wanxinp2p-discover-server][${env:SERVER_PORT}] 2021-10-11 21:04:46,912 INFO [Eureka-EvictionTimer][AbstractInstanceRegistry.java:1250] - Running the evict task with compensationTime 7ms
[wanxinp2p-discover-server][${env:SERVER_PORT}] 2021-10-11 21:04:56,926 INFO [Eureka-EvictionTimer][AbstractInstanceRegistry.java:1250] - Running the evict task with compensationTime 14ms
[wanxinp2p-discover-server][${env:SERVER_PORT}] 2021-10-11 21:05:06,927 INFO [Eureka-EvictionTimer][AbstractInstanceRegistry.java:1250] - Running the evict task with compensationTime 1ms
[wanxinp2p-discover-server][${env:SERVER_PORT}] 2021-10-11 21:05:16,939 INFO [Eureka-EvictionTimer][AbstractInstanceRegistry.java:1250] - Running the evict task with compensationTime 12ms
[wanxinp2p-discover-server][${env:SERVER_PORT}] 2021-10-11 21:05:26,942 INFO [Eureka-EvictionTimer][AbstractInstanceRegistry.java:1250] - Running the evict task with compensationTime 2ms
[wanxinp2p-discover-server][${env:SERVER_PORT}] 2021-10-11 21:05:36,943 INFO [Eureka-EvictionTimer][AbstractInstanceRegistry.java:1250] - Running the evict task with compensationTime 1ms
[wanxinp2p-discover-server][${env:SERVER_PORT}] 2021-10-11 21:05:46,957 INFO [Eureka-EvictionTimer][AbstractInstanceRegistry.java:1250] - Running the evict task with compensationTime 14ms
[wanxinp2p-discover-server][${env:SERVER_PORT}] 2021-10-11 21:05:56,959 INFO [Eureka-EvictionTimer][AbstractInstanceRegistry.java:1250] - Running the evict task with compensationTime 2ms
[wanxinp2p-discover-server][${env:SERVER_PORT}] 2021-10-11 21:06:06,972 INFO [Eureka-EvictionTimer][AbstractInstanceRegistry.java:1250] - Running the evict task with compensationTime 12ms
[wanxinp2p-discover-server][${env:SERVER_PORT}] 2021-10-11 21:06:16,974 INFO [Eureka-EvictionTimer][AbstractInstanceRegistry.java:1250] - Running the evict task with compensationTime 2ms
[wanxinp2p-discover-server][${env:SERVER_PORT}] 2021-10-11 21:06:26,986 INFO [Eureka-EvictionTimer][AbstractInstanceRegistry.java:1250] - Running the evict task with compensationTime 12ms
[wanxinp2p-discover-server][${env:SERVER_PORT}] 2021-10-11 21:06:36,297 ERROR [TaskBatchingWorker-target_localhost-19][ReplicationTaskProcessor.java:96] - It seems to be a socket read timeout exception, it will retry later. if it continues to happen and some eureka node occupied all the cpu time, you should set property 'eureka.server.peer-node-read-timeout-ms' to a bigger value
com.sun.jersey.api.client.ClientHandlerException: java.net.SocketTimeoutException: Read timed out
	at com.sun.jersey.client.apache4.ApacheHttpClient4Handler.handle(ApacheHttpClient4Handler.java:187)
	at com.netflix.eureka.cluster.DynamicGZIPContentEncodingFilter.handle(DynamicGZIPContentEncodingFilter.java:48)
	at com.netflix.discovery.EurekaIdentityHeaderFilter.handle(EurekaIdentityHeaderFilter.java:27)
	at com.sun.jersey.api.client.Client.handle(Client.java:652)
	at com.sun.jersey.api.client.WebResource.handle(WebResource.java:682)
	at com.sun.jersey.api.client.WebResource.access$200(WebResource.java:74)
	at com.sun.jersey.api.client.WebResource$Builder.post(WebResource.java:570)
	at com.netflix.eureka.transport.JerseyReplicationClient.submitBatchUpdates(JerseyReplicationClient.java:116)
	at com.netflix.eureka.cluster.ReplicationTaskProcessor.process(ReplicationTaskProcessor.java:80)
	at com.netflix.eureka.util.batcher.TaskExecutors$BatchWorkerRunnable.run(TaskExecutors.java:193)
	at java.lang.Thread.run(Thread.java:748)
Caused by: java.net.SocketTimeoutException: Read timed out
	at java.net.SocketInputStream.socketRead0(Native Method)
	at java.net.SocketInputStream.socketRead(SocketInputStream.java:116)
	at java.net.SocketInputStream.read(SocketInputStream.java:171)
	at java.net.SocketInputStream.read(SocketInputStream.java:141)
	at org.apache.http.impl.io.AbstractSessionInputBuffer.fillBuffer(AbstractSessionInputBuffer.java:161)
	at org.apache.http.impl.io.SocketInputBuffer.fillBuffer(SocketInputBuffer.java:82)
	at org.apache.http.impl.io.AbstractSessionInputBuffer.readLine(AbstractSessionInputBuffer.java:276)
	at org.apache.http.impl.conn.DefaultHttpResponseParser.parseHead(DefaultHttpResponseParser.java:138)
	at org.apache.http.impl.conn.DefaultHttpResponseParser.parseHead(DefaultHttpResponseParser.java:56)
	at org.apache.http.impl.io.AbstractMessageParser.parse(AbstractMessageParser.java:259)
	at org.apache.http.impl.AbstractHttpClientConnection.receiveResponseHeader(AbstractHttpClientConnection.java:294)
	at org.apache.http.impl.conn.DefaultClientConnection.receiveResponseHeader(DefaultClientConnection.java:257)
	at org.apache.http.impl.conn.AbstractClientConnAdapter.receiveResponseHeader(AbstractClientConnAdapter.java:230)
	at org.apache.http.protocol.HttpRequestExecutor.doReceiveResponse(HttpRequestExecutor.java:273)
	at org.apache.http.protocol.HttpRequestExecutor.execute(HttpRequestExecutor.java:125)
	at org.apache.http.impl.client.DefaultRequestDirector.tryExecute(DefaultRequestDirector.java:679)
	at org.apache.http.impl.client.DefaultRequestDirector.execute(DefaultRequestDirector.java:481)
	at org.apache.http.impl.client.AbstractHttpClient.doExecute(AbstractHttpClient.java:835)
	at org.apache.http.impl.client.CloseableHttpClient.execute(CloseableHttpClient.java:118)
	at org.apache.http.impl.client.CloseableHttpClient.execute(CloseableHttpClient.java:56)
	at com.sun.jersey.client.apache4.ApacheHttpClient4Handler.handle(ApacheHttpClient4Handler.java:173)
	... 10 more
[wanxinp2p-discover-server][${env:SERVER_PORT}] 2021-10-11 21:06:36,987 INFO [Eureka-EvictionTimer][AbstractInstanceRegistry.java:1250] - Running the evict task with compensationTime 1ms
[wanxinp2p-discover-server][${env:SERVER_PORT}] 2021-10-11 21:06:46,993 INFO [Eureka-EvictionTimer][AbstractInstanceRegistry.java:1250] - Running the evict task with compensationTime 6ms
[wanxinp2p-discover-server][${env:SERVER_PORT}] 2021-10-11 21:06:57,001 INFO [Eureka-EvictionTimer][AbstractInstanceRegistry.java:1250] - Running the evict task with compensationTime 7ms
[wanxinp2p-discover-server][${env:SERVER_PORT}] 2021-10-11 21:07:07,006 INFO [Eureka-EvictionTimer][AbstractInstanceRegistry.java:1250] - Running the evict task with compensationTime 5ms
[wanxinp2p-discover-server][${env:SERVER_PORT}] 2021-10-11 21:07:17,016 INFO [Eureka-EvictionTimer][AbstractInstanceRegistry.java:1250] - Running the evict task with compensationTime 10ms
[wanxinp2p-discover-server][${env:SERVER_PORT}] 2021-10-11 21:07:27,021 INFO [Eureka-EvictionTimer][AbstractInstanceRegistry.java:1250] - Running the evict task with compensationTime 5ms
[wanxinp2p-discover-server][${env:SERVER_PORT}] 2021-10-11 21:07:37,028 INFO [Eureka-EvictionTimer][AbstractInstanceRegistry.java:1250] - Running the evict task with compensationTime 6ms
[wanxinp2p-discover-server][${env:SERVER_PORT}] 2021-10-11 21:07:47,035 INFO [Eureka-EvictionTimer][AbstractInstanceRegistry.java:1250] - Running the evict task with compensationTime 7ms
[wanxinp2p-discover-server][${env:SERVER_PORT}] 2021-10-11 21:07:57,046 INFO [Eureka-EvictionTimer][AbstractInstanceRegistry.java:1250] - Running the evict task with compensationTime 11ms
[wanxinp2p-discover-server][${env:SERVER_PORT}] 2021-10-11 21:08:07,049 INFO [Eureka-EvictionTimer][AbstractInstanceRegistry.java:1250] - Running the evict task with compensationTime 3ms
[wanxinp2p-discover-server][${env:SERVER_PORT}] 2021-10-11 21:08:17,051 INFO [Eureka-EvictionTimer][AbstractInstanceRegistry.java:1250] - Running the evict task with compensationTime 2ms
[wanxinp2p-discover-server][${env:SERVER_PORT}] 2021-10-11 21:08:27,063 INFO [Eureka-EvictionTimer][AbstractInstanceRegistry.java:1250] - Running the evict task with compensationTime 11ms
[wanxinp2p-discover-server][${env:SERVER_PORT}] 2021-10-11 21:08:37,064 INFO [Eureka-EvictionTimer][AbstractInstanceRegistry.java:1250] - Running the evict task with compensationTime 1ms
[wanxinp2p-discover-server][${env:SERVER_PORT}] 2021-10-11 21:08:47,064 INFO [Eureka-EvictionTimer][AbstractInstanceRegistry.java:1250] - Running the evict task with compensationTime 0ms
[wanxinp2p-discover-server][${env:SERVER_PORT}] 2021-10-11 21:08:57,068 INFO [Eureka-EvictionTimer][AbstractInstanceRegistry.java:1250] - Running the evict task with compensationTime 4ms
[wanxinp2p-discover-server][${env:SERVER_PORT}] 2021-10-11 21:09:07,078 INFO [Eureka-EvictionTimer][AbstractInstanceRegistry.java:1250] - Running the evict task with compensationTime 9ms
[wanxinp2p-discover-server][${env:SERVER_PORT}] 2021-10-11 21:09:17,091 INFO [Eureka-EvictionTimer][AbstractInstanceRegistry.java:1250] - Running the evict task with compensationTime 13ms
[wanxinp2p-discover-server][${env:SERVER_PORT}] 2021-10-11 21:09:27,092 INFO [Eureka-EvictionTimer][AbstractInstanceRegistry.java:1250] - Running the evict task with compensationTime 1ms
[wanxinp2p-discover-server][${env:SERVER_PORT}] 2021-10-11 21:09:37,095 INFO [Eureka-EvictionTimer][AbstractInstanceRegistry.java:1250] - Running the evict task with compensationTime 3ms
[wanxinp2p-discover-server][${env:SERVER_PORT}] 2021-10-11 21:09:47,104 INFO [Eureka-EvictionTimer][AbstractInstanceRegistry.java:1250] - Running the evict task with compensationTime 9ms
[wanxinp2p-discover-server][${env:SERVER_PORT}] 2021-10-11 21:09:57,105 INFO [Eureka-EvictionTimer][AbstractInstanceRegistry.java:1250] - Running the evict task with compensationTime 0ms
[wanxinp2p-discover-server][${env:SERVER_PORT}] 2021-10-11 21:10:07,110 INFO [Eureka-EvictionTimer][AbstractInstanceRegistry.java:1250] - Running the evict task with compensationTime 5ms
[wanxinp2p-discover-server][${env:SERVER_PORT}] 2021-10-11 21:10:17,110 INFO [Eureka-EvictionTimer][AbstractInstanceRegistry.java:1250] - Running the evict task with compensationTime 0ms
[wanxinp2p-discover-server][${env:SERVER_PORT}] 2021-10-11 21:10:27,112 INFO [Eureka-EvictionTimer][AbstractInstanceRegistry.java:1250] - Running the evict task with compensationTime 2ms
[wanxinp2p-discover-server][${env:SERVER_PORT}] 2021-10-11 21:10:37,125 INFO [Eureka-EvictionTimer][AbstractInstanceRegistry.java:1250] - Running the evict task with compensationTime 12ms
[wanxinp2p-discover-server][${env:SERVER_PORT}] 2021-10-11 21:10:47,129 INFO [Eureka-EvictionTimer][AbstractInstanceRegistry.java:1250] - Running the evict task with compensationTime 4ms
[wanxinp2p-discover-server][${env:SERVER_PORT}] 2021-10-11 21:10:57,141 INFO [Eureka-EvictionTimer][AbstractInstanceRegistry.java:1250] - Running the evict task with compensationTime 12ms
[wanxinp2p-discover-server][${env:SERVER_PORT}] 2021-10-11 21:11:07,145 INFO [Eureka-EvictionTimer][AbstractInstanceRegistry.java:1250] - Running the evict task with compensationTime 4ms
[wanxinp2p-discover-server][${env:SERVER_PORT}] 2021-10-11 21:11:17,161 INFO [Eureka-EvictionTimer][AbstractInstanceRegistry.java:1250] - Running the evict task with compensationTime 15ms
[wanxinp2p-discover-server][${env:SERVER_PORT}] 2021-10-11 21:11:27,161 INFO [Eureka-EvictionTimer][AbstractInstanceRegistry.java:1250] - Running the evict task with compensationTime 0ms
[wanxinp2p-discover-server][${env:SERVER_PORT}] 2021-10-11 21:11:37,166 INFO [Eureka-EvictionTimer][AbstractInstanceRegistry.java:1250] - Running the evict task with compensationTime 5ms
[wanxinp2p-discover-server][${env:SERVER_PORT}] 2021-10-11 21:11:47,171 INFO [Eureka-EvictionTimer][AbstractInstanceRegistry.java:1250] - Running the evict task with compensationTime 5ms
[wanxinp2p-discover-server][${env:SERVER_PORT}] 2021-10-11 21:11:57,176 INFO [Eureka-EvictionTimer][AbstractInstanceRegistry.java:1250] - Running the evict task with compensationTime 5ms
[wanxinp2p-discover-server][${env:SERVER_PORT}] 2021-10-11 21:12:07,187 INFO [Eureka-EvictionTimer][AbstractInstanceRegistry.java:1250] - Running the evict task with compensationTime 10ms
[wanxinp2p-discover-server][${env:SERVER_PORT}] 2021-10-11 21:12:17,202 INFO [Eureka-EvictionTimer][AbstractInstanceRegistry.java:1250] - Running the evict task with compensationTime 15ms
[wanxinp2p-discover-server][${env:SERVER_PORT}] 2021-10-11 21:12:27,210 INFO [Eureka-EvictionTimer][AbstractInstanceRegistry.java:1250] - Running the evict task with compensationTime 7ms
[wanxinp2p-discover-server][${env:SERVER_PORT}] 2021-10-11 21:12:37,224 INFO [Eureka-EvictionTimer][AbstractInstanceRegistry.java:1250] - Running the evict task with compensationTime 14ms
[wanxinp2p-discover-server][${env:SERVER_PORT}] 2021-10-11 21:12:47,238 INFO [Eureka-EvictionTimer][AbstractInstanceRegistry.java:1250] - Running the evict task with compensationTime 13ms
[wanxinp2p-discover-server][${env:SERVER_PORT}] 2021-10-11 21:12:57,241 INFO [Eureka-EvictionTimer][AbstractInstanceRegistry.java:1250] - Running the evict task with compensationTime 3ms
[wanxinp2p-discover-server][${env:SERVER_PORT}] 2021-10-11 21:13:07,254 INFO [Eureka-EvictionTimer][AbstractInstanceRegistry.java:1250] - Running the evict task with compensationTime 13ms
[wanxinp2p-discover-server][${env:SERVER_PORT}] 2021-10-11 21:13:17,256 INFO [Eureka-EvictionTimer][AbstractInstanceRegistry.java:1250] - Running the evict task with compensationTime 2ms
[wanxinp2p-discover-server][${env:SERVER_PORT}] 2021-10-11 21:13:27,270 INFO [Eureka-EvictionTimer][AbstractInstanceRegistry.java:1250] - Running the evict task with compensationTime 14ms
[wanxinp2p-discover-server][${env:SERVER_PORT}] 2021-10-11 21:13:37,276 INFO [Eureka-EvictionTimer][AbstractInstanceRegistry.java:1250] - Running the evict task with compensationTime 5ms
[wanxinp2p-discover-server][${env:SERVER_PORT}] 2021-10-11 21:13:43,022 INFO [ReplicaAwareInstanceRegistry - RenewalThresholdUpdater][PeerAwareInstanceRegistryImpl.java:539] - Current renewal threshold is : 0
[wanxinp2p-discover-server][${env:SERVER_PORT}] 2021-10-11 21:13:47,287 INFO [Eureka-EvictionTimer][AbstractInstanceRegistry.java:1250] - Running the evict task with compensationTime 11ms
[wanxinp2p-discover-server][${env:SERVER_PORT}] 2021-10-11 21:13:57,301 INFO [Eureka-EvictionTimer][AbstractInstanceRegistry.java:1250] - Running the evict task with compensationTime 14ms
[wanxinp2p-discover-server][${env:SERVER_PORT}] 2021-10-11 21:14:07,303 INFO [Eureka-EvictionTimer][AbstractInstanceRegistry.java:1250] - Running the evict task with compensationTime 2ms
[wanxinp2p-discover-server][${env:SERVER_PORT}] 2021-10-11 21:14:17,319 INFO [Eureka-EvictionTimer][AbstractInstanceRegistry.java:1250] - Running the evict task with compensationTime 15ms
[wanxinp2p-discover-server][${env:SERVER_PORT}] 2021-10-11 21:14:27,320 INFO [Eureka-EvictionTimer][AbstractInstanceRegistry.java:1250] - Running the evict task with compensationTime 1ms
[wanxinp2p-discover-server][${env:SERVER_PORT}] 2021-10-11 21:14:37,320 INFO [Eureka-EvictionTimer][AbstractInstanceRegistry.java:1250] - Running the evict task with compensationTime 0ms
[wanxinp2p-discover-server][${env:SERVER_PORT}] 2021-10-11 21:14:47,324 INFO [Eureka-EvictionTimer][AbstractInstanceRegistry.java:1250] - Running the evict task with compensationTime 4ms
[wanxinp2p-discover-server][${env:SERVER_PORT}] 2021-10-11 21:14:57,327 INFO [Eureka-EvictionTimer][AbstractInstanceRegistry.java:1250] - Running the evict task with compensationTime 2ms
[wanxinp2p-discover-server][${env:SERVER_PORT}] 2021-10-11 21:15:07,341 INFO [Eureka-EvictionTimer][AbstractInstanceRegistry.java:1250] - Running the evict task with compensationTime 14ms
[wanxinp2p-discover-server][${env:SERVER_PORT}] 2021-10-11 21:15:17,353 INFO [Eureka-EvictionTimer][AbstractInstanceRegistry.java:1250] - Running the evict task with compensationTime 12ms
[wanxinp2p-discover-server][${env:SERVER_PORT}] 2021-10-11 21:15:27,355 INFO [Eureka-EvictionTimer][AbstractInstanceRegistry.java:1250] - Running the evict task with compensationTime 2ms
[wanxinp2p-discover-server][${env:SERVER_PORT}] 2021-10-11 21:15:37,365 INFO [Eureka-EvictionTimer][AbstractInstanceRegistry.java:1250] - Running the evict task with compensationTime 10ms
[wanxinp2p-discover-server][${env:SERVER_PORT}] 2021-10-11 21:15:47,372 INFO [Eureka-EvictionTimer][AbstractInstanceRegistry.java:1250] - Running the evict task with compensationTime 6ms
[wanxinp2p-discover-server][${env:SERVER_PORT}] 2021-10-11 21:15:57,383 INFO [Eureka-EvictionTimer][AbstractInstanceRegistry.java:1250] - Running the evict task with compensationTime 11ms
[wanxinp2p-discover-server][${env:SERVER_PORT}] 2021-10-11 21:16:07,391 INFO [Eureka-EvictionTimer][AbstractInstanceRegistry.java:1250] - Running the evict task with compensationTime 8ms
[wanxinp2p-discover-server][${env:SERVER_PORT}] 2021-10-11 21:16:17,401 INFO [Eureka-EvictionTimer][AbstractInstanceRegistry.java:1250] - Running the evict task with compensationTime 10ms
[wanxinp2p-discover-server][${env:SERVER_PORT}] 2021-10-11 21:16:27,403 INFO [Eureka-EvictionTimer][AbstractInstanceRegistry.java:1250] - Running the evict task with compensationTime 1ms
[wanxinp2p-discover-server][${env:SERVER_PORT}] 2021-10-11 21:16:37,407 INFO [Eureka-EvictionTimer][AbstractInstanceRegistry.java:1250] - Running the evict task with compensationTime 4ms
[wanxinp2p-discover-server][${env:SERVER_PORT}] 2021-10-11 21:16:47,411 INFO [Eureka-EvictionTimer][AbstractInstanceRegistry.java:1250] - Running the evict task with compensationTime 4ms
