[wanxinp2p-account-service][${env:SERVER_PORT}] 2021-10-12 19:45:39,370 INFO [main][DefaultApplicationProvider.java:85] - App ID is set to account-service by app.id property from System Property
[wanxinp2p-account-service][${env:SERVER_PORT}] 2021-10-12 19:45:39,375 INFO [main][DefaultServerProvider.java:108] - Environment is set to [dev] by JVM system property 'env'.
[wanxinp2p-account-service][${env:SERVER_PORT}] 2021-10-12 19:45:39,409 WARN [main][DefaultMetaServerProvider.java:39] - Could not find meta server address, because it is not available in neither (1) JVM system property 'apollo.meta', (2) OS env variable 'APOLLO_META' (3) property 'apollo.meta' from server.properties nor (4) property 'apollo.meta' from app.properties
[wanxinp2p-account-service][${env:SERVER_PORT}] 2021-10-12 19:45:39,414 INFO [main][MetaDomainConsts.java:93] - Located meta server address http://localhost:8080 for env DEV from com.ctrip.framework.apollo.core.internals.LegacyMetaServerProvider
[wanxinp2p-account-service][${env:SERVER_PORT}] 2021-10-12 19:45:39,831 INFO [main][SpringApplication.java:675] - No active profile set, falling back to default profiles: default
[wanxinp2p-account-service][${env:SERVER_PORT}] 2021-10-12 19:45:40,899 INFO [main][RepositoryConfigurationDelegate.java:244] - Multiple Spring Data modules found, entering strict repository configuration mode!
[wanxinp2p-account-service][${env:SERVER_PORT}] 2021-10-12 19:45:40,902 INFO [main][RepositoryConfigurationDelegate.java:126] - Bootstrapping Spring Data repositories in DEFAULT mode.
[wanxinp2p-account-service][${env:SERVER_PORT}] 2021-10-12 19:45:40,928 INFO [main][RepositoryConfigurationDelegate.java:182] - Finished Spring Data repository scanning in 13ms. Found 0 repository interfaces.
[wanxinp2p-account-service][${env:SERVER_PORT}] 2021-10-12 19:45:41,046 WARN [main][EndpointId.java:135] - Endpoint ID 'service-registry' contains invalid characters, please migrate to a valid format.
[wanxinp2p-account-service][${env:SERVER_PORT}] 2021-10-12 19:45:41,119 INFO [main][ConfigurationClassPostProcessor.java:380] - Cannot enhance @Configuration bean definition 'com.ctrip.framework.apollo.spring.boot.ApolloAutoConfiguration' since its singleton instance has been created too early. The typical cause is a non-static @Bean method with a BeanDefinitionRegistryPostProcessor return type: Consider declaring such methods as 'static'.
[wanxinp2p-account-service][${env:SERVER_PORT}] 2021-10-12 19:45:41,268 INFO [main][GenericScope.java:294] - BeanFactory id=f4b578d0-5760-3c38-9bf1-a9d28e3bbb1d
[wanxinp2p-account-service][${env:SERVER_PORT}] 2021-10-12 19:45:41,288 WARN [main][PropertySourcesDeducer.java:75] - Multiple PropertySourcesPlaceholderConfigurer beans registered [propertySourcesPlaceholderConfigurer, org.springframework.context.support.PropertySourcesPlaceholderConfigurer], falling back to Environment
[wanxinp2p-account-service][${env:SERVER_PORT}] 2021-10-12 19:45:41,308 INFO [main][PostProcessorRegistrationDelegate.java:330] - Bean 'com.alibaba.druid.spring.boot.autoconfigure.stat.DruidSpringAopConfiguration' of type [com.alibaba.druid.spring.boot.autoconfigure.stat.DruidSpringAopConfiguration] is not eligible for getting processed by all BeanPostProcessors (for example: not eligible for auto-proxying)
[wanxinp2p-account-service][${env:SERVER_PORT}] 2021-10-12 19:45:41,318 INFO [main][PostProcessorRegistrationDelegate.java:330] - Bean 'org.apache.rocketmq.spring.autoconfigure.RocketMQAutoConfiguration' of type [org.apache.rocketmq.spring.autoconfigure.RocketMQAutoConfiguration$$EnhancerBySpringCGLIB$$ef2000e2] is not eligible for getting processed by all BeanPostProcessors (for example: not eligible for auto-proxying)
[wanxinp2p-account-service][${env:SERVER_PORT}] 2021-10-12 19:45:41,331 INFO [main][PostProcessorRegistrationDelegate.java:330] - Bean 'rocketmq-org.apache.rocketmq.spring.autoconfigure.RocketMQProperties' of type [org.apache.rocketmq.spring.autoconfigure.RocketMQProperties] is not eligible for getting processed by all BeanPostProcessors (for example: not eligible for auto-proxying)
[wanxinp2p-account-service][${env:SERVER_PORT}] 2021-10-12 19:45:41,801 INFO [main][PostProcessorRegistrationDelegate.java:330] - Bean 'defaultMQProducer' of type [org.apache.rocketmq.client.producer.DefaultMQProducer] is not eligible for getting processed by all BeanPostProcessors (for example: not eligible for auto-proxying)
[wanxinp2p-account-service][${env:SERVER_PORT}] 2021-10-12 19:45:41,805 INFO [main][PostProcessorRegistrationDelegate.java:330] - Bean 'org.springframework.boot.autoconfigure.jackson.JacksonAutoConfiguration$JacksonObjectMapperConfiguration' of type [org.springframework.boot.autoconfigure.jackson.JacksonAutoConfiguration$JacksonObjectMapperConfiguration$$EnhancerBySpringCGLIB$$221d7177] is not eligible for getting processed by all BeanPostProcessors (for example: not eligible for auto-proxying)
[wanxinp2p-account-service][${env:SERVER_PORT}] 2021-10-12 19:45:41,810 INFO [main][PostProcessorRegistrationDelegate.java:330] - Bean 'org.springframework.boot.autoconfigure.jackson.JacksonAutoConfiguration$JacksonObjectMapperBuilderConfiguration' of type [org.springframework.boot.autoconfigure.jackson.JacksonAutoConfiguration$JacksonObjectMapperBuilderConfiguration$$EnhancerBySpringCGLIB$$d46a3390] is not eligible for getting processed by all BeanPostProcessors (for example: not eligible for auto-proxying)
[wanxinp2p-account-service][${env:SERVER_PORT}] 2021-10-12 19:45:41,814 INFO [main][PostProcessorRegistrationDelegate.java:330] - Bean 'org.springframework.boot.autoconfigure.jackson.JacksonAutoConfiguration$Jackson2ObjectMapperBuilderCustomizerConfiguration' of type [org.springframework.boot.autoconfigure.jackson.JacksonAutoConfiguration$Jackson2ObjectMapperBuilderCustomizerConfiguration$$EnhancerBySpringCGLIB$$8f81197f] is not eligible for getting processed by all BeanPostProcessors (for example: not eligible for auto-proxying)
[wanxinp2p-account-service][${env:SERVER_PORT}] 2021-10-12 19:45:41,822 INFO [main][PostProcessorRegistrationDelegate.java:330] - Bean 'spring.jackson-org.springframework.boot.autoconfigure.jackson.JacksonProperties' of type [org.springframework.boot.autoconfigure.jackson.JacksonProperties] is not eligible for getting processed by all BeanPostProcessors (for example: not eligible for auto-proxying)
[wanxinp2p-account-service][${env:SERVER_PORT}] 2021-10-12 19:45:41,824 INFO [main][PostProcessorRegistrationDelegate.java:330] - Bean 'standardJacksonObjectMapperBuilderCustomizer' of type [org.springframework.boot.autoconfigure.jackson.JacksonAutoConfiguration$Jackson2ObjectMapperBuilderCustomizerConfiguration$StandardJackson2ObjectMapperBuilderCustomizer] is not eligible for getting processed by all BeanPostProcessors (for example: not eligible for auto-proxying)
[wanxinp2p-account-service][${env:SERVER_PORT}] 2021-10-12 19:45:41,829 INFO [main][PostProcessorRegistrationDelegate.java:330] - Bean 'org.springframework.boot.autoconfigure.jackson.JacksonAutoConfiguration$ParameterNamesModuleConfiguration' of type [org.springframework.boot.autoconfigure.jackson.JacksonAutoConfiguration$ParameterNamesModuleConfiguration$$EnhancerBySpringCGLIB$$b64c90ad] is not eligible for getting processed by all BeanPostProcessors (for example: not eligible for auto-proxying)
[wanxinp2p-account-service][${env:SERVER_PORT}] 2021-10-12 19:45:41,834 INFO [main][PostProcessorRegistrationDelegate.java:330] - Bean 'parameterNamesModule' of type [com.fasterxml.jackson.module.paramnames.ParameterNamesModule] is not eligible for getting processed by all BeanPostProcessors (for example: not eligible for auto-proxying)
[wanxinp2p-account-service][${env:SERVER_PORT}] 2021-10-12 19:45:41,835 INFO [main][PostProcessorRegistrationDelegate.java:330] - Bean 'org.springframework.boot.autoconfigure.jackson.JacksonAutoConfiguration' of type [org.springframework.boot.autoconfigure.jackson.JacksonAutoConfiguration$$EnhancerBySpringCGLIB$$4290f06] is not eligible for getting processed by all BeanPostProcessors (for example: not eligible for auto-proxying)
[wanxinp2p-account-service][${env:SERVER_PORT}] 2021-10-12 19:45:41,868 INFO [main][PostProcessorRegistrationDelegate.java:330] - Bean 'jsonComponentModule' of type [org.springframework.boot.jackson.JsonComponentModule] is not eligible for getting processed by all BeanPostProcessors (for example: not eligible for auto-proxying)
[wanxinp2p-account-service][${env:SERVER_PORT}] 2021-10-12 19:45:41,869 INFO [main][PostProcessorRegistrationDelegate.java:330] - Bean 'org.springframework.data.web.config.SpringDataJacksonConfiguration' of type [org.springframework.data.web.config.SpringDataJacksonConfiguration] is not eligible for getting processed by all BeanPostProcessors (for example: not eligible for auto-proxying)
[wanxinp2p-account-service][${env:SERVER_PORT}] 2021-10-12 19:45:41,872 INFO [main][PostProcessorRegistrationDelegate.java:330] - Bean 'jacksonGeoModule' of type [org.springframework.data.geo.GeoModule] is not eligible for getting processed by all BeanPostProcessors (for example: not eligible for auto-proxying)
[wanxinp2p-account-service][${env:SERVER_PORT}] 2021-10-12 19:45:41,875 INFO [main][PostProcessorRegistrationDelegate.java:330] - Bean 'jacksonObjectMapperBuilder' of type [org.springframework.http.converter.json.Jackson2ObjectMapperBuilder] is not eligible for getting processed by all BeanPostProcessors (for example: not eligible for auto-proxying)
[wanxinp2p-account-service][${env:SERVER_PORT}] 2021-10-12 19:45:41,894 INFO [main][PostProcessorRegistrationDelegate.java:330] - Bean 'jacksonObjectMapper' of type [com.fasterxml.jackson.databind.ObjectMapper] is not eligible for getting processed by all BeanPostProcessors (for example: not eligible for auto-proxying)
[wanxinp2p-account-service][${env:SERVER_PORT}] 2021-10-12 19:45:43,200 INFO [main][PostProcessorRegistrationDelegate.java:330] - Bean 'rocketMQTemplate' of type [org.apache.rocketmq.spring.core.RocketMQTemplate] is not eligible for getting processed by all BeanPostProcessors (for example: not eligible for auto-proxying)
[wanxinp2p-account-service][${env:SERVER_PORT}] 2021-10-12 19:45:43,202 INFO [main][PostProcessorRegistrationDelegate.java:330] - Bean 'transactionHandlerRegistry' of type [org.apache.rocketmq.spring.config.TransactionHandlerRegistry] is not eligible for getting processed by all BeanPostProcessors (for example: not eligible for auto-proxying)
[wanxinp2p-account-service][${env:SERVER_PORT}] 2021-10-12 19:45:43,275 INFO [main][PostProcessorRegistrationDelegate.java:330] - Bean 'org.springframework.transaction.annotation.ProxyTransactionManagementConfiguration' of type [org.springframework.transaction.annotation.ProxyTransactionManagementConfiguration$$EnhancerBySpringCGLIB$$c689f1e6] is not eligible for getting processed by all BeanPostProcessors (for example: not eligible for auto-proxying)
[wanxinp2p-account-service][${env:SERVER_PORT}] 2021-10-12 19:45:43,308 INFO [main][PostProcessorRegistrationDelegate.java:330] - Bean 'spring.datasource.druid-com.alibaba.druid.spring.boot.autoconfigure.properties.DruidStatProperties' of type [com.alibaba.druid.spring.boot.autoconfigure.properties.DruidStatProperties] is not eligible for getting processed by all BeanPostProcessors (for example: not eligible for auto-proxying)
[wanxinp2p-account-service][${env:SERVER_PORT}] 2021-10-12 19:45:43,317 INFO [main][PostProcessorRegistrationDelegate.java:330] - Bean 'advisor' of type [org.springframework.aop.support.RegexpMethodPointcutAdvisor] is not eligible for getting processed by all BeanPostProcessors (for example: not eligible for auto-proxying)
[wanxinp2p-account-service][${env:SERVER_PORT}] 2021-10-12 19:45:43,329 INFO [main][PostProcessorRegistrationDelegate.java:330] - Bean 'org.springframework.cloud.autoconfigure.ConfigurationPropertiesRebinderAutoConfiguration' of type [org.springframework.cloud.autoconfigure.ConfigurationPropertiesRebinderAutoConfiguration$$EnhancerBySpringCGLIB$$e2a3f4e3] is not eligible for getting processed by all BeanPostProcessors (for example: not eligible for auto-proxying)
[wanxinp2p-account-service][${env:SERVER_PORT}] 2021-10-12 19:45:43,630 INFO [main][TomcatWebServer.java:90] - Tomcat initialized with port(s): 53030 (http)
[wanxinp2p-account-service][${env:SERVER_PORT}] 2021-10-12 19:45:43,644 INFO [main][DirectJDKLog.java:173] - Initializing ProtocolHandler ["http-nio-53030"]
[wanxinp2p-account-service][${env:SERVER_PORT}] 2021-10-12 19:45:43,652 INFO [main][DirectJDKLog.java:173] - Starting service [Tomcat]
[wanxinp2p-account-service][${env:SERVER_PORT}] 2021-10-12 19:45:43,653 INFO [main][DirectJDKLog.java:173] - Starting Servlet engine: [Apache Tomcat/9.0.16]
[wanxinp2p-account-service][${env:SERVER_PORT}] 2021-10-12 19:45:43,658 INFO [main][DirectJDKLog.java:173] - The APR based Apache Tomcat Native library which allows optimal performance in production environments was not found on the java.library.path: [C:\Program Files\Java\jdk1.8.0_291\bin;C:\WINDOWS\Sun\Java\bin;C:\WINDOWS\system32;C:\WINDOWS;D:\java\Maven\apache-maven-3.6.3\bin;%MYSQL_HOME%\bin;C:\Program Files\Java\jdk1.8.0_291\bin;C:\Program Files (x86)\Common Files\Oracle\Java\javapath;C:\WINDOWS\system32;C:\WINDOWS;C:\WINDOWS\System32\Wbem;C:\WINDOWS\System32\WindowsPowerShell\v1.0\;C:\WINDOWS\System32\OpenSSH\;C:\Program Files\NVIDIA Corporation\NVIDIA NvDLISR;C:\Program Files (x86)\NVIDIA Corporation\PhysX\Common;C:\Users\12715\AppData\Local\Microsoft\WindowsApps;;.]
[wanxinp2p-account-service][${env:SERVER_PORT}] 2021-10-12 19:45:43,788 INFO [main][DirectJDKLog.java:173] - Initializing Spring embedded WebApplicationContext
[wanxinp2p-account-service][${env:SERVER_PORT}] 2021-10-12 19:45:43,789 INFO [main][ServletWebServerApplicationContext.java:296] - Root WebApplicationContext: initialization completed in 3943 ms
[wanxinp2p-account-service][${env:SERVER_PORT}] 2021-10-12 19:45:43,913 WARN [main][URLConfigurationSource.java:121] - No URLs will be polled as dynamic configuration sources.
[wanxinp2p-account-service][${env:SERVER_PORT}] 2021-10-12 19:45:43,914 INFO [main][URLConfigurationSource.java:122] - To enable URLs as dynamic configuration sources, define System property archaius.configurationSource.additionalUrls or make config.properties available on classpath.
[wanxinp2p-account-service][${env:SERVER_PORT}] 2021-10-12 19:45:43,925 INFO [main][DynamicPropertyFactory.java:281] - DynamicPropertyFactory is initialized with configuration sources: com.netflix.config.ConcurrentCompositeConfiguration@171aa66
[wanxinp2p-account-service][${env:SERVER_PORT}] 2021-10-12 19:45:44,046 INFO [main][DruidDataSourceAutoConfigure.java:56] - Init DruidDataSource
[wanxinp2p-account-service][${env:SERVER_PORT}] 2021-10-12 19:45:44,342 INFO [main][DruidDataSource.java:1002] - {dataSource-1} inited
[wanxinp2p-account-service][${env:SERVER_PORT}] 2021-10-12 19:45:45,347 INFO [NettyClientSelector_1][Slf4jLoggerFactory.java:95] - closeChannel: close the connection to remote address[] result: true
[wanxinp2p-account-service][${env:SERVER_PORT}] 2021-10-12 19:45:45,347 INFO [NettyClientSelector_1][Slf4jLoggerFactory.java:95] - closeChannel: close the connection to remote address[] result: true
[wanxinp2p-account-service][${env:SERVER_PORT}] 2021-10-12 19:45:46,003 INFO [main][EndpointLinksResolver.java:59] - Exposing 2 endpoint(s) beneath base path '/actuator'
[wanxinp2p-account-service][${env:SERVER_PORT}] 2021-10-12 19:45:46,113 INFO [main][PropertySourcedRequestMappingHandlerMapping.java:69] - Mapped URL path [/v2/api-docs] onto method [public org.springframework.http.ResponseEntity<springfox.documentation.spring.web.json.Json> springfox.documentation.swagger2.web.Swagger2Controller.getDocumentation(java.lang.String,javax.servlet.http.HttpServletRequest)]
[wanxinp2p-account-service][${env:SERVER_PORT}] 2021-10-12 19:45:46,141 WARN [main][URLConfigurationSource.java:121] - No URLs will be polled as dynamic configuration sources.
[wanxinp2p-account-service][${env:SERVER_PORT}] 2021-10-12 19:45:46,142 INFO [main][URLConfigurationSource.java:122] - To enable URLs as dynamic configuration sources, define System property archaius.configurationSource.additionalUrls or make config.properties available on classpath.
[wanxinp2p-account-service][${env:SERVER_PORT}] 2021-10-12 19:45:46,449 INFO [main][ExecutorConfigurationSupport.java:171] - Initializing ExecutorService 'applicationTaskExecutor'
[wanxinp2p-account-service][${env:SERVER_PORT}] 2021-10-12 19:45:46,802 INFO [main][UserDetailsServiceAutoConfiguration.java:86] - 

Using generated security password: f2052b33-42a2-40aa-9f60-57a984d3ad5d

[wanxinp2p-account-service][${env:SERVER_PORT}] 2021-10-12 19:45:46,884 INFO [main][DefaultSecurityFilterChain.java:43] - Creating filter chain: any request, [org.springframework.security.web.context.request.async.WebAsyncManagerIntegrationFilter@1736273c, org.springframework.security.web.context.SecurityContextPersistenceFilter@7b423f90, org.springframework.security.web.header.HeaderWriterFilter@6032622, org.springframework.security.web.csrf.CsrfFilter@4eb48298, org.springframework.security.web.authentication.logout.LogoutFilter@20723ee, org.springframework.security.web.authentication.UsernamePasswordAuthenticationFilter@3cfab340, org.springframework.security.web.authentication.ui.DefaultLoginPageGeneratingFilter@547052, org.springframework.security.web.authentication.ui.DefaultLogoutPageGeneratingFilter@ba86c53, org.springframework.security.web.authentication.www.BasicAuthenticationFilter@4203529f, org.springframework.security.web.savedrequest.RequestCacheAwareFilter@c7673ae, org.springframework.security.web.servletapi.SecurityContextHolderAwareRequestFilter@7b5c9412, org.springframework.security.web.authentication.AnonymousAuthenticationFilter@36eb8e07, org.springframework.security.web.session.SessionManagementFilter@4258106, org.springframework.security.web.access.ExceptionTranslationFilter@37ade216, org.springframework.security.web.access.intercept.FilterSecurityInterceptor@1a88d194]
[wanxinp2p-account-service][${env:SERVER_PORT}] 2021-10-12 19:45:47,542 INFO [main][InstanceInfoFactory.java:71] - Setting initial instance status as: STARTING
[wanxinp2p-account-service][${env:SERVER_PORT}] 2021-10-12 19:45:47,573 INFO [main][DiscoveryClient.java:349] - Initializing Eureka in region us-east-1
[wanxinp2p-account-service][${env:SERVER_PORT}] 2021-10-12 19:45:47,977 INFO [main][DiscoveryJerseyProvider.java:70] - Using JSON encoding codec LegacyJacksonJson
[wanxinp2p-account-service][${env:SERVER_PORT}] 2021-10-12 19:45:47,978 INFO [main][DiscoveryJerseyProvider.java:71] - Using JSON decoding codec LegacyJacksonJson
[wanxinp2p-account-service][${env:SERVER_PORT}] 2021-10-12 19:45:48,078 INFO [main][DiscoveryJerseyProvider.java:80] - Using XML encoding codec XStreamXml
[wanxinp2p-account-service][${env:SERVER_PORT}] 2021-10-12 19:45:48,078 INFO [main][DiscoveryJerseyProvider.java:81] - Using XML decoding codec XStreamXml
[wanxinp2p-account-service][${env:SERVER_PORT}] 2021-10-12 19:45:48,276 INFO [main][ConfigClusterResolver.java:43] - Resolving eureka endpoints via configuration
[wanxinp2p-account-service][${env:SERVER_PORT}] 2021-10-12 19:45:48,495 INFO [main][DiscoveryClient.java:958] - Disable delta property : false
[wanxinp2p-account-service][${env:SERVER_PORT}] 2021-10-12 19:45:48,496 INFO [main][DiscoveryClient.java:959] - Single vip registry refresh property : null
[wanxinp2p-account-service][${env:SERVER_PORT}] 2021-10-12 19:45:48,496 INFO [main][DiscoveryClient.java:960] - Force full registry fetch : false
[wanxinp2p-account-service][${env:SERVER_PORT}] 2021-10-12 19:45:48,496 INFO [main][DiscoveryClient.java:961] - Application is null : false
[wanxinp2p-account-service][${env:SERVER_PORT}] 2021-10-12 19:45:48,496 INFO [main][DiscoveryClient.java:962] - Registered Applications size is zero : true
[wanxinp2p-account-service][${env:SERVER_PORT}] 2021-10-12 19:45:48,496 INFO [main][DiscoveryClient.java:964] - Application version is -1: true
[wanxinp2p-account-service][${env:SERVER_PORT}] 2021-10-12 19:45:48,497 INFO [main][DiscoveryClient.java:1047] - Getting all instance registry info from the eureka server
[wanxinp2p-account-service][${env:SERVER_PORT}] 2021-10-12 19:45:48,651 INFO [main][DiscoveryClient.java:1056] - The response status is 200
[wanxinp2p-account-service][${env:SERVER_PORT}] 2021-10-12 19:45:48,653 INFO [main][DiscoveryClient.java:1270] - Starting heartbeat executor: renew interval is: 30
[wanxinp2p-account-service][${env:SERVER_PORT}] 2021-10-12 19:45:48,656 INFO [main][InstanceInfoReplicator.java:60] - InstanceInfoReplicator onDemand update allowed rate per min is 4
[wanxinp2p-account-service][${env:SERVER_PORT}] 2021-10-12 19:45:48,659 INFO [main][DiscoveryClient.java:449] - Discovery Client initialized at timestamp 1634039148658 with initial instances count: 1
[wanxinp2p-account-service][${env:SERVER_PORT}] 2021-10-12 19:45:48,661 INFO [main][EurekaServiceRegistry.java:42] - Registering application ACCOUNT-SERVICE with eureka with status UP
[wanxinp2p-account-service][${env:SERVER_PORT}] 2021-10-12 19:45:48,661 INFO [main][DiscoveryClient.java:1305] - Saw local status change event StatusChangeEvent [timestamp=1634039148661, current=UP, previous=STARTING]
[wanxinp2p-account-service][${env:SERVER_PORT}] 2021-10-12 19:45:48,663 INFO [main][DocumentationPluginsBootstrapper.java:160] - Context refreshed
[wanxinp2p-account-service][${env:SERVER_PORT}] 2021-10-12 19:45:48,663 INFO [DiscoveryClient-InstanceInfoReplicator-0][DiscoveryClient.java:826] - DiscoveryClient_ACCOUNT-SERVICE/account-service:192.168.0.13:53030: registering service...
[wanxinp2p-account-service][${env:SERVER_PORT}] 2021-10-12 19:45:48,671 INFO [main][DocumentationPluginsBootstrapper.java:163] - Found 1 custom documentation plugin(s)
[wanxinp2p-account-service][${env:SERVER_PORT}] 2021-10-12 19:45:48,721 INFO [main][ApiListingReferenceScanner.java:41] - Scanning for api listing references
[wanxinp2p-account-service][${env:SERVER_PORT}] 2021-10-12 19:45:48,733 INFO [DiscoveryClient-InstanceInfoReplicator-0][DiscoveryClient.java:835] - DiscoveryClient_ACCOUNT-SERVICE/account-service:192.168.0.13:53030 - registration status: 204
[wanxinp2p-account-service][${env:SERVER_PORT}] 2021-10-12 19:45:48,834 INFO [main][DirectJDKLog.java:173] - Starting ProtocolHandler ["http-nio-53030"]
[wanxinp2p-account-service][${env:SERVER_PORT}] 2021-10-12 19:45:48,848 INFO [main][TomcatWebServer.java:204] - Tomcat started on port(s): 53030 (http) with context path '/account'
[wanxinp2p-account-service][${env:SERVER_PORT}] 2021-10-12 19:45:48,849 INFO [main][EurekaAutoServiceRegistration.java:141] - Updating port to 53030
[wanxinp2p-account-service][${env:SERVER_PORT}] 2021-10-12 19:45:48,851 INFO [main][StartupInfoLogger.java:59] - Started Wanxinp2pAccountServiceApplication in 11.117 seconds (JVM running for 13.236)
[wanxinp2p-account-service][${env:SERVER_PORT}] 2021-10-12 19:45:49,364 INFO [RMI TCP Connection(2)-192.168.0.13][DirectJDKLog.java:173] - Initializing Spring DispatcherServlet 'dispatcherServlet'
[wanxinp2p-account-service][${env:SERVER_PORT}] 2021-10-12 19:45:49,364 INFO [RMI TCP Connection(2)-192.168.0.13][FrameworkServlet.java:524] - Initializing Servlet 'dispatcherServlet'
[wanxinp2p-account-service][${env:SERVER_PORT}] 2021-10-12 19:45:49,377 INFO [RMI TCP Connection(2)-192.168.0.13][FrameworkServlet.java:546] - Completed initialization in 12 ms
[wanxinp2p-account-service][${env:SERVER_PORT}] 2021-10-12 19:46:14,736 INFO [NettyClientSelector_1][Slf4jLoggerFactory.java:95] - closeChannel: close the connection to remote address[] result: true
[wanxinp2p-account-service][${env:SERVER_PORT}] 2021-10-12 19:46:15,226 INFO [NettyClientSelector_1][Slf4jLoggerFactory.java:95] - closeChannel: close the connection to remote address[] result: true
[wanxinp2p-account-service][${env:SERVER_PORT}] 2021-10-12 19:46:44,755 INFO [NettyClientSelector_1][Slf4jLoggerFactory.java:95] - closeChannel: close the connection to remote address[] result: true
[wanxinp2p-account-service][${env:SERVER_PORT}] 2021-10-12 19:46:45,246 INFO [NettyClientSelector_1][Slf4jLoggerFactory.java:95] - closeChannel: close the connection to remote address[] result: true
[wanxinp2p-account-service][${env:SERVER_PORT}] 2021-10-12 19:47:14,753 INFO [NettyClientSelector_1][Slf4jLoggerFactory.java:95] - closeChannel: close the connection to remote address[] result: true
[wanxinp2p-account-service][${env:SERVER_PORT}] 2021-10-12 19:47:15,231 INFO [NettyClientSelector_1][Slf4jLoggerFactory.java:95] - closeChannel: close the connection to remote address[] result: true
[wanxinp2p-account-service][${env:SERVER_PORT}] 2021-10-12 19:47:44,778 INFO [NettyClientSelector_1][Slf4jLoggerFactory.java:95] - closeChannel: close the connection to remote address[] result: true
[wanxinp2p-account-service][${env:SERVER_PORT}] 2021-10-12 19:47:45,246 INFO [NettyClientSelector_1][Slf4jLoggerFactory.java:95] - closeChannel: close the connection to remote address[] result: true
[wanxinp2p-account-service][${env:SERVER_PORT}] 2021-10-12 19:48:14,749 INFO [NettyClientSelector_1][Slf4jLoggerFactory.java:95] - closeChannel: close the connection to remote address[] result: true
[wanxinp2p-account-service][${env:SERVER_PORT}] 2021-10-12 19:48:15,242 INFO [NettyClientSelector_1][Slf4jLoggerFactory.java:95] - closeChannel: close the connection to remote address[] result: true
[wanxinp2p-account-service][${env:SERVER_PORT}] 2021-10-12 19:48:44,768 INFO [NettyClientSelector_1][Slf4jLoggerFactory.java:95] - closeChannel: close the connection to remote address[] result: true
[wanxinp2p-account-service][${env:SERVER_PORT}] 2021-10-12 19:48:45,242 INFO [NettyClientSelector_1][Slf4jLoggerFactory.java:95] - closeChannel: close the connection to remote address[] result: true
[wanxinp2p-account-service][${env:SERVER_PORT}] 2021-10-12 19:49:14,761 INFO [NettyClientSelector_1][Slf4jLoggerFactory.java:95] - closeChannel: close the connection to remote address[] result: true
[wanxinp2p-account-service][${env:SERVER_PORT}] 2021-10-12 19:49:15,231 INFO [NettyClientSelector_1][Slf4jLoggerFactory.java:95] - closeChannel: close the connection to remote address[] result: true
[wanxinp2p-account-service][${env:SERVER_PORT}] 2021-10-12 19:49:44,748 INFO [NettyClientSelector_1][Slf4jLoggerFactory.java:95] - closeChannel: close the connection to remote address[] result: true
[wanxinp2p-account-service][${env:SERVER_PORT}] 2021-10-12 19:49:45,238 INFO [NettyClientSelector_1][Slf4jLoggerFactory.java:95] - closeChannel: close the connection to remote address[] result: true
[wanxinp2p-account-service][${env:SERVER_PORT}] 2021-10-12 19:50:14,747 INFO [NettyClientSelector_1][Slf4jLoggerFactory.java:95] - closeChannel: close the connection to remote address[] result: true
[wanxinp2p-account-service][${env:SERVER_PORT}] 2021-10-12 19:50:15,248 INFO [NettyClientSelector_1][Slf4jLoggerFactory.java:95] - closeChannel: close the connection to remote address[] result: true
[wanxinp2p-account-service][${env:SERVER_PORT}] 2021-10-12 19:50:44,789 INFO [NettyClientSelector_1][Slf4jLoggerFactory.java:95] - closeChannel: close the connection to remote address[] result: true
[wanxinp2p-account-service][${env:SERVER_PORT}] 2021-10-12 19:50:45,275 INFO [NettyClientSelector_1][Slf4jLoggerFactory.java:95] - closeChannel: close the connection to remote address[] result: true
[wanxinp2p-account-service][${env:SERVER_PORT}] 2021-10-12 19:50:48,506 INFO [AsyncResolver-bootstrap-executor-0][ConfigClusterResolver.java:43] - Resolving eureka endpoints via configuration
[wanxinp2p-account-service][${env:SERVER_PORT}] 2021-10-12 19:51:14,779 INFO [NettyClientSelector_1][Slf4jLoggerFactory.java:95] - closeChannel: close the connection to remote address[] result: true
[wanxinp2p-account-service][${env:SERVER_PORT}] 2021-10-12 19:51:15,264 INFO [NettyClientSelector_1][Slf4jLoggerFactory.java:95] - closeChannel: close the connection to remote address[] result: true
[wanxinp2p-account-service][${env:SERVER_PORT}] 2021-10-12 19:51:44,747 INFO [NettyClientSelector_1][Slf4jLoggerFactory.java:95] - closeChannel: close the connection to remote address[] result: true
[wanxinp2p-account-service][${env:SERVER_PORT}] 2021-10-12 19:51:45,240 INFO [NettyClientSelector_1][Slf4jLoggerFactory.java:95] - closeChannel: close the connection to remote address[] result: true
[wanxinp2p-account-service][${env:SERVER_PORT}] 2021-10-12 19:52:14,761 INFO [NettyClientSelector_1][Slf4jLoggerFactory.java:95] - closeChannel: close the connection to remote address[] result: true
[wanxinp2p-account-service][${env:SERVER_PORT}] 2021-10-12 19:52:15,234 INFO [NettyClientSelector_1][Slf4jLoggerFactory.java:95] - closeChannel: close the connection to remote address[] result: true
[wanxinp2p-account-service][${env:SERVER_PORT}] 2021-10-12 19:52:44,757 INFO [NettyClientSelector_1][Slf4jLoggerFactory.java:95] - closeChannel: close the connection to remote address[] result: true
[wanxinp2p-account-service][${env:SERVER_PORT}] 2021-10-12 19:52:45,226 INFO [NettyClientSelector_1][Slf4jLoggerFactory.java:95] - closeChannel: close the connection to remote address[] result: true
[wanxinp2p-account-service][${env:SERVER_PORT}] 2021-10-12 19:53:14,743 INFO [NettyClientSelector_1][Slf4jLoggerFactory.java:95] - closeChannel: close the connection to remote address[] result: true
[wanxinp2p-account-service][${env:SERVER_PORT}] 2021-10-12 19:53:15,228 INFO [NettyClientSelector_1][Slf4jLoggerFactory.java:95] - closeChannel: close the connection to remote address[] result: true
[wanxinp2p-account-service][${env:SERVER_PORT}] 2021-10-12 19:53:44,763 INFO [NettyClientSelector_1][Slf4jLoggerFactory.java:95] - closeChannel: close the connection to remote address[] result: true
[wanxinp2p-account-service][${env:SERVER_PORT}] 2021-10-12 19:53:45,235 INFO [NettyClientSelector_1][Slf4jLoggerFactory.java:95] - closeChannel: close the connection to remote address[] result: true
[wanxinp2p-account-service][${env:SERVER_PORT}] 2021-10-12 19:54:14,749 INFO [NettyClientSelector_1][Slf4jLoggerFactory.java:95] - closeChannel: close the connection to remote address[] result: true
[wanxinp2p-account-service][${env:SERVER_PORT}] 2021-10-12 19:54:15,249 INFO [NettyClientSelector_1][Slf4jLoggerFactory.java:95] - closeChannel: close the connection to remote address[] result: true
[wanxinp2p-account-service][${env:SERVER_PORT}] 2021-10-12 19:54:44,755 INFO [NettyClientSelector_1][Slf4jLoggerFactory.java:95] - closeChannel: close the connection to remote address[] result: true
[wanxinp2p-account-service][${env:SERVER_PORT}] 2021-10-12 19:54:45,243 INFO [NettyClientSelector_1][Slf4jLoggerFactory.java:95] - closeChannel: close the connection to remote address[] result: true
[wanxinp2p-account-service][${env:SERVER_PORT}] 2021-10-12 19:55:14,759 INFO [NettyClientSelector_1][Slf4jLoggerFactory.java:95] - closeChannel: close the connection to remote address[] result: true
[wanxinp2p-account-service][${env:SERVER_PORT}] 2021-10-12 19:55:15,244 INFO [NettyClientSelector_1][Slf4jLoggerFactory.java:95] - closeChannel: close the connection to remote address[] result: true
[wanxinp2p-account-service][${env:SERVER_PORT}] 2021-10-12 19:55:44,761 INFO [NettyClientSelector_1][Slf4jLoggerFactory.java:95] - closeChannel: close the connection to remote address[] result: true
[wanxinp2p-account-service][${env:SERVER_PORT}] 2021-10-12 19:55:45,264 INFO [NettyClientSelector_1][Slf4jLoggerFactory.java:95] - closeChannel: close the connection to remote address[] result: true
[wanxinp2p-account-service][${env:SERVER_PORT}] 2021-10-12 19:55:48,522 INFO [AsyncResolver-bootstrap-executor-0][ConfigClusterResolver.java:43] - Resolving eureka endpoints via configuration
[wanxinp2p-account-service][${env:SERVER_PORT}] 2021-10-12 19:56:14,748 INFO [NettyClientSelector_1][Slf4jLoggerFactory.java:95] - closeChannel: close the connection to remote address[] result: true
[wanxinp2p-account-service][${env:SERVER_PORT}] 2021-10-12 19:56:15,247 INFO [NettyClientSelector_1][Slf4jLoggerFactory.java:95] - closeChannel: close the connection to remote address[] result: true
[wanxinp2p-account-service][${env:SERVER_PORT}] 2021-10-12 19:56:44,745 INFO [NettyClientSelector_1][Slf4jLoggerFactory.java:95] - closeChannel: close the connection to remote address[] result: true
[wanxinp2p-account-service][${env:SERVER_PORT}] 2021-10-12 19:56:45,248 INFO [NettyClientSelector_1][Slf4jLoggerFactory.java:95] - closeChannel: close the connection to remote address[] result: true
[wanxinp2p-account-service][${env:SERVER_PORT}] 2021-10-12 19:57:14,748 INFO [NettyClientSelector_1][Slf4jLoggerFactory.java:95] - closeChannel: close the connection to remote address[] result: true
[wanxinp2p-account-service][${env:SERVER_PORT}] 2021-10-12 19:57:15,235 INFO [NettyClientSelector_1][Slf4jLoggerFactory.java:95] - closeChannel: close the connection to remote address[] result: true
[wanxinp2p-account-service][${env:SERVER_PORT}] 2021-10-12 19:57:44,751 INFO [NettyClientSelector_1][Slf4jLoggerFactory.java:95] - closeChannel: close the connection to remote address[] result: true
[wanxinp2p-account-service][${env:SERVER_PORT}] 2021-10-12 19:57:45,230 INFO [NettyClientSelector_1][Slf4jLoggerFactory.java:95] - closeChannel: close the connection to remote address[] result: true
[wanxinp2p-account-service][${env:SERVER_PORT}] 2021-10-12 19:58:14,803 INFO [NettyClientSelector_1][Slf4jLoggerFactory.java:95] - closeChannel: close the connection to remote address[] result: true
[wanxinp2p-account-service][${env:SERVER_PORT}] 2021-10-12 19:58:15,262 INFO [NettyClientSelector_1][Slf4jLoggerFactory.java:95] - closeChannel: close the connection to remote address[] result: true
[wanxinp2p-account-service][${env:SERVER_PORT}] 2021-10-12 19:58:44,773 INFO [NettyClientSelector_1][Slf4jLoggerFactory.java:95] - closeChannel: close the connection to remote address[] result: true
[wanxinp2p-account-service][${env:SERVER_PORT}] 2021-10-12 19:58:45,246 INFO [NettyClientSelector_1][Slf4jLoggerFactory.java:95] - closeChannel: close the connection to remote address[] result: true
[wanxinp2p-account-service][${env:SERVER_PORT}] 2021-10-12 19:59:14,770 INFO [NettyClientSelector_1][Slf4jLoggerFactory.java:95] - closeChannel: close the connection to remote address[] result: true
[wanxinp2p-account-service][${env:SERVER_PORT}] 2021-10-12 19:59:15,256 INFO [NettyClientSelector_1][Slf4jLoggerFactory.java:95] - closeChannel: close the connection to remote address[] result: true
[wanxinp2p-account-service][${env:SERVER_PORT}] 2021-10-12 19:59:44,750 INFO [NettyClientSelector_1][Slf4jLoggerFactory.java:95] - closeChannel: close the connection to remote address[] result: true
[wanxinp2p-account-service][${env:SERVER_PORT}] 2021-10-12 19:59:45,227 INFO [NettyClientSelector_1][Slf4jLoggerFactory.java:95] - closeChannel: close the connection to remote address[] result: true
